#
# There is insufficient memory for the Java Runtime Environment to continue.
# Native memory allocation (malloc) failed to allocate 529216 bytes for Chunk::new
# Possible reasons:
#   The system is out of physical RAM or swap space
#   The process is running with CompressedOops enabled, and the Java Heap may be blocking the growth of the native heap
# Possible solutions:
#   Reduce memory load on the system
#   Increase physical memory or swap space
#   Check if swap backing store is full
#   Decrease Java heap size (-Xmx/-Xms)
#   Decrease number of Java threads
#   Decrease Java thread stack sizes (-Xss)
#   Set larger code cache with -XX:ReservedCodeCacheSize=
#   JVM is running with Unscaled Compressed Oops mode in which the Java heap is
#     placed in the first 4GB address space. The Java Heap base address is the
#     maximum limit for the native heap growth. Please use -XX:HeapBaseMinAddress
#     to set the Java Heap base and to place the Java Heap above 4GB virtual address.
# This output file may be truncated or incomplete.
#
#  Out of Memory Error (./src/hotspot/share/memory/arena.cpp:197), pid=15400, tid=20992
#
# JRE version: OpenJDK Runtime Environment 18.9 (11.0.15+10) (build 11.0.15+10)
# Java VM: OpenJDK 64-Bit Server VM 18.9 (11.0.15+10, mixed mode, tiered, compressed oops, g1 gc, windows-amd64)
# No core dump will be written. Minidumps are not enabled by default on client versions of Windows
#

---------------  S U M M A R Y ------------

Command Line: --add-opens=java.base/java.util=ALL-UNNAMED --add-opens=java.base/java.lang=ALL-UNNAMED --add-opens=java.base/java.lang.invoke=ALL-UNNAMED --add-opens=java.base/java.util=ALL-UNNAMED --add-opens=java.prefs/java.util.prefs=ALL-UNNAMED --add-opens=java.prefs/java.util.prefs=ALL-UNNAMED --add-opens=java.base/java.nio.charset=ALL-UNNAMED --add-opens=java.base/java.net=ALL-UNNAMED --add-opens=java.base/java.util.concurrent.atomic=ALL-UNNAMED -Xmx1536M -Dfile.encoding=windows-1252 -Duser.country=ZA -Duser.language=en -Duser.variant org.gradle.launcher.daemon.bootstrap.GradleDaemon 7.4

Host: Intel(R) Core(TM) i7-8565U CPU @ 1.80GHz, 8 cores, 15G,  Windows 11 , 64 bit Build 22621 (10.0.22621.598)
Time: Thu Oct  6 16:26:00 2022 South Africa Standard Time elapsed time: 14.763558 seconds (0d 0h 0m 14s)

---------------  T H R E A D  ---------------

Current thread (0x00000292d51e1000):  JavaThread "C2 CompilerThread0" daemon [_thread_in_native, id=20992, stack(0x000000ee6c500000,0x000000ee6c600000)]


Current CompileTask:
C2:  14763 6720  s    4       jdk.internal.loader.Resource::cachedInputStream (20 bytes)

Stack: [0x000000ee6c500000,0x000000ee6c600000]
Native frames: (J=compiled Java code, j=interpreted, Vv=VM code, C=native code)
V  [jvm.dll+0x64dd3a]
V  [jvm.dll+0x7906c9]
V  [jvm.dll+0x791d9c]
V  [jvm.dll+0x792463]
V  [jvm.dll+0x265048]
V  [jvm.dll+0xc9da1]
V  [jvm.dll+0xca35c]
V  [jvm.dll+0x2d81f4]
V  [jvm.dll+0x55a6c6]
V  [jvm.dll+0x21f7d2]
V  [jvm.dll+0x21d138]
V  [jvm.dll+0x19dd21]
V  [jvm.dll+0x22cc80]
V  [jvm.dll+0x22af81]
V  [jvm.dll+0x75254c]
V  [jvm.dll+0x74b12d]
V  [jvm.dll+0x64c8a6]
C  [ucrtbase.dll+0x29363]
C  [KERNEL32.DLL+0x1244d]
C  [ntdll.dll+0x5df78]


---------------  P R O C E S S  ---------------

Threads class SMR info:
_java_thread_list=0x00000292d72843a0, length=125, elements={
0x00000292b6aeb800, 0x00000292d5187800, 0x00000292d517c000, 0x00000292d51ed000,
0x00000292d51f1800, 0x00000292d51dd800, 0x00000292d51e1000, 0x00000292d51f2000,
0x00000292d51f3000, 0x00000292d53bf000, 0x00000292d61dc800, 0x00000292d6d28800,
0x00000292d6c9e000, 0x00000292d7183000, 0x00000292d550e000, 0x00000292d8601000,
0x00000292d70df800, 0x00000292d7b53800, 0x00000292d706b800, 0x00000292d71fa000,
0x00000292d79c7800, 0x00000292d79cb800, 0x00000292d79cd000, 0x00000292d6a65800,
0x00000292d79ce000, 0x00000292d79cc000, 0x00000292d79c8000, 0x00000292d79c9000,
0x00000292d79c9800, 0x00000292d79ca800, 0x00000292dbe9b800, 0x00000292dbe9a000,
0x00000292dbe9c000, 0x00000292dbe9d000, 0x00000292dbe9e000, 0x00000292dbe98000,
0x00000292dbea1000, 0x00000292dbea3000, 0x00000292dbea4800, 0x00000292dbe9f800,
0x00000292dbea2000, 0x00000292dbea3800, 0x00000292dbe9e800, 0x00000292dbea5000,
0x00000292dbea6000, 0x00000292dbea0800, 0x00000292dbea7000, 0x00000292d67dd800,
0x00000292d67db800, 0x00000292d67d8800, 0x00000292d67d9800, 0x00000292d67db000,
0x00000292d67df000, 0x00000292d67de000, 0x00000292d67dc800, 0x00000292d67e0000,
0x00000292d67da000, 0x00000292d67e4000, 0x00000292d67e2800, 0x00000292d67e1800,
0x00000292d67e5800, 0x00000292d67e3000, 0x00000292d67e4800, 0x00000292d67e6800,
0x00000292d67e0800, 0x00000292d67e7000, 0x00000292d8d07000, 0x00000292d8d04000,
0x00000292d8d02000, 0x00000292d8d08000, 0x00000292d8d08800, 0x00000292d8d03000,
0x00000292d8d04800, 0x00000292d8d09800, 0x00000292d8d0a800, 0x00000292d8d0b000,
0x00000292d8d05800, 0x00000292d8d0c000, 0x00000292d8d06000, 0x00000292d8d0d000,
0x00000292d8d0e800, 0x00000292d8d0d800, 0x00000292d8d10000, 0x00000292d8d0f000,
0x00000292d8d11000, 0x00000292dc5e0800, 0x00000292dc5e5800, 0x00000292dc5e0000,
0x00000292dc5e6800, 0x00000292dc5e2800, 0x00000292dc5e3000, 0x00000292dc5e7000,
0x00000292dc5e1800, 0x00000292dc5e8000, 0x00000292dc5e9800, 0x00000292dc5e4000,
0x00000292dc5e5000, 0x00000292dc5ec000, 0x00000292dc5e9000, 0x00000292dc5ea800,
0x00000292dc5eb800, 0x00000292dc5ed000, 0x00000292dc5ed800, 0x00000292dc5ee800,
0x00000292db2eb800, 0x00000292db2e8800, 0x00000292db2ec800, 0x00000292db2e7800,
0x00000292db2e6800, 0x00000292db2ef000, 0x00000292db2ed800, 0x00000292db2ea000,
0x00000292db2ee000, 0x00000292db2e9000, 0x00000292db2ef800, 0x00000292db2eb000,
0x00000292db2f1800, 0x00000292db2f0800, 0x00000292db2f2000, 0x00000292db2f4800,
0x00000292db2f3000, 0x00000292db2f4000, 0x00000292db3cc800, 0x00000292db2f5800,
0x00000292db383000
}

Java Threads: ( => current thread )
  0x00000292b6aeb800 JavaThread "main" [_thread_blocked, id=24840, stack(0x000000ee6b900000,0x000000ee6ba00000)]
  0x00000292d5187800 JavaThread "Reference Handler" daemon [_thread_blocked, id=26320, stack(0x000000ee6c000000,0x000000ee6c100000)]
  0x00000292d517c000 JavaThread "Finalizer" daemon [_thread_blocked, id=9932, stack(0x000000ee6c100000,0x000000ee6c200000)]
  0x00000292d51ed000 JavaThread "Signal Dispatcher" daemon [_thread_blocked, id=20644, stack(0x000000ee6c200000,0x000000ee6c300000)]
  0x00000292d51f1800 JavaThread "Attach Listener" daemon [_thread_blocked, id=11140, stack(0x000000ee6c300000,0x000000ee6c400000)]
  0x00000292d51dd800 JavaThread "Service Thread" daemon [_thread_blocked, id=13280, stack(0x000000ee6c400000,0x000000ee6c500000)]
=>0x00000292d51e1000 JavaThread "C2 CompilerThread0" daemon [_thread_in_native, id=20992, stack(0x000000ee6c500000,0x000000ee6c600000)]
  0x00000292d51f2000 JavaThread "C1 CompilerThread0" daemon [_thread_blocked, id=20580, stack(0x000000ee6c600000,0x000000ee6c700000)]
  0x00000292d51f3000 JavaThread "Sweeper thread" daemon [_thread_blocked, id=12284, stack(0x000000ee6c700000,0x000000ee6c800000)]
  0x00000292d53bf000 JavaThread "Common-Cleaner" daemon [_thread_blocked, id=23432, stack(0x000000ee6c800000,0x000000ee6c900000)]
  0x00000292d61dc800 JavaThread "Daemon health stats" [_thread_blocked, id=2716, stack(0x000000ee6d100000,0x000000ee6d200000)]
  0x00000292d6d28800 JavaThread "Incoming local TCP Connector on port 54173" [_thread_in_native, id=17528, stack(0x000000ee6ca00000,0x000000ee6cb00000)]
  0x00000292d6c9e000 JavaThread "Daemon periodic checks" [_thread_blocked, id=10304, stack(0x000000ee6d000000,0x000000ee6d100000)]
  0x00000292d7183000 JavaThread "Daemon" [_thread_blocked, id=15636, stack(0x000000ee6d200000,0x000000ee6d300000)]
  0x00000292d550e000 JavaThread "Handler for socket connection from /127.0.0.1:54173 to /127.0.0.1:54174" [_thread_in_native, id=8300, stack(0x000000ee6d300000,0x000000ee6d400000)]
  0x00000292d8601000 JavaThread "Cancel handler" [_thread_blocked, id=3472, stack(0x000000ee6d400000,0x000000ee6d500000)]
  0x00000292d70df800 JavaThread "Daemon worker" [_thread_in_vm, id=22252, stack(0x000000ee6d500000,0x000000ee6d600000)]
  0x00000292d7b53800 JavaThread "Asynchronous log dispatcher for DefaultDaemonConnection: socket connection from /127.0.0.1:54173 to /127.0.0.1:54174" [_thread_blocked, id=24136, stack(0x000000ee6d600000,0x000000ee6d700000)]
  0x00000292d706b800 JavaThread "Stdin handler" [_thread_blocked, id=25252, stack(0x000000ee6d700000,0x000000ee6d800000)]
  0x00000292d71fa000 JavaThread "Daemon client event forwarder" [_thread_blocked, id=22888, stack(0x000000ee6d800000,0x000000ee6d900000)]
  0x00000292d79c7800 JavaThread "Cache worker for journal cache (C:\Users\salma\.gradle\caches\journal-1)" [_thread_blocked, id=24188, stack(0x000000ee6d900000,0x000000ee6da00000)]
  0x00000292d79cb800 JavaThread "File lock request listener" [_thread_in_native, id=12240, stack(0x000000ee6da00000,0x000000ee6db00000)]
  0x00000292d79cd000 JavaThread "Cache worker for file hash cache (C:\Users\salma\.gradle\caches\7.4\fileHashes)" [_thread_blocked, id=23028, stack(0x000000ee6dd00000,0x000000ee6de00000)]
  0x00000292d6a65800 JavaThread "C2 CompilerThread1" daemon [_thread_in_native, id=1228, stack(0x000000ee6df00000,0x000000ee6e000000)]
  0x00000292d79ce000 JavaThread "File watcher server" daemon [_thread_in_native, id=21616, stack(0x000000ee6e100000,0x000000ee6e200000)]
  0x00000292d79cc000 JavaThread "File watcher consumer" daemon [_thread_blocked, id=25876, stack(0x000000ee6e200000,0x000000ee6e300000)]
  0x00000292d79c8000 JavaThread "Cache worker for checksums cache (C:\Users\salma\Desktop\e4app_new\endurance_fitness\android\.gradle\7.4\checksums)" [_thread_blocked, id=14300, stack(0x000000ee6e300000,0x000000ee6e400000)]
  0x00000292d79c9000 JavaThread "Cache worker for cache directory md-rule (C:\Users\salma\.gradle\caches\7.4\md-rule)" [_thread_blocked, id=19204, stack(0x000000ee6e400000,0x000000ee6e500000)]
  0x00000292d79c9800 JavaThread "Cache worker for file hash cache (C:\Users\salma\Desktop\e4app_new\endurance_fitness\android\.gradle\7.4\fileHashes)" [_thread_blocked, id=25844, stack(0x000000ee6e500000,0x000000ee6e600000)]
  0x00000292d79ca800 JavaThread "Cache worker for cache directory md-supplier (C:\Users\salma\.gradle\caches\7.4\md-supplier)" [_thread_blocked, id=6812, stack(0x000000ee6e600000,0x000000ee6e700000)]
  0x00000292dbe9b800 JavaThread "Cache worker for execution history cache (C:\Users\salma\.gradle\caches\7.4\executionHistory)" [_thread_blocked, id=24600, stack(0x000000ee6e000000,0x000000ee6e100000)]
  0x00000292dbe9a000 JavaThread "jar transforms" [_thread_blocked, id=25504, stack(0x000000ee6e800000,0x000000ee6e900000)]
  0x00000292dbe9c000 JavaThread "jar transforms Thread 2" [_thread_blocked, id=13004, stack(0x000000ee6e900000,0x000000ee6ea00000)]
  0x00000292dbe9d000 JavaThread "Cache worker for file content cache (C:\Users\salma\.gradle\caches\7.4\fileContent)" [_thread_blocked, id=26272, stack(0x000000ee6ea00000,0x000000ee6eb00000)]
  0x00000292dbe9e000 JavaThread "jar transforms Thread 3" [_thread_blocked, id=9424, stack(0x000000ee6eb00000,0x000000ee6ec00000)]
  0x00000292dbe98000 JavaThread "jar transforms Thread 4" [_thread_blocked, id=26168, stack(0x000000ee6ec00000,0x000000ee6ed00000)]
  0x00000292dbea1000 JavaThread "Cache worker for dependencies-accessors (C:\Users\salma\Desktop\e4app_new\endurance_fitness\android\.gradle\7.4\dependencies-accessors)" [_thread_blocked, id=21872, stack(0x000000ee6ed00000,0x000000ee6ee00000)]
  0x00000292dbea3000 JavaThread "jar transforms Thread 5" [_thread_blocked, id=10332, stack(0x000000ee6ee00000,0x000000ee6ef00000)]
  0x00000292dbea4800 JavaThread "Cache worker for Build Output Cleanup Cache (C:\Users\salma\Desktop\e4app_new\endurance_fitness\android\.gradle\buildOutputCleanup)" [_thread_blocked, id=23744, stack(0x000000ee6ef00000,0x000000ee6f000000)]
  0x00000292dbe9f800 JavaThread "Unconstrained build operations" [_thread_blocked, id=12016, stack(0x000000ee6f000000,0x000000ee6f100000)]
  0x00000292dbea2000 JavaThread "Unconstrained build operations Thread 2" [_thread_blocked, id=1508, stack(0x000000ee6f100000,0x000000ee6f200000)]
  0x00000292dbea3800 JavaThread "Unconstrained build operations Thread 3" [_thread_blocked, id=23832, stack(0x000000ee6f200000,0x000000ee6f300000)]
  0x00000292dbe9e800 JavaThread "Unconstrained build operations Thread 4" [_thread_blocked, id=24812, stack(0x000000ee6f300000,0x000000ee6f400000)]
  0x00000292dbea5000 JavaThread "Unconstrained build operations Thread 5" [_thread_blocked, id=20520, stack(0x000000ee6f400000,0x000000ee6f500000)]
  0x00000292dbea6000 JavaThread "Unconstrained build operations Thread 6" [_thread_blocked, id=16048, stack(0x000000ee6f500000,0x000000ee6f600000)]
  0x00000292dbea0800 JavaThread "Unconstrained build operations Thread 7" [_thread_blocked, id=25944, stack(0x000000ee6f600000,0x000000ee6f700000)]
  0x00000292dbea7000 JavaThread "Unconstrained build operations Thread 8" [_thread_blocked, id=6804, stack(0x000000ee6f700000,0x000000ee6f800000)]
  0x00000292d67dd800 JavaThread "Unconstrained build operations Thread 9" [_thread_blocked, id=18936, stack(0x000000ee6f800000,0x000000ee6f900000)]
  0x00000292d67db800 JavaThread "Unconstrained build operations Thread 10" [_thread_blocked, id=6984, stack(0x000000ee6f900000,0x000000ee6fa00000)]
  0x00000292d67d8800 JavaThread "Unconstrained build operations Thread 11" [_thread_blocked, id=7288, stack(0x000000ee6fa00000,0x000000ee6fb00000)]
  0x00000292d67d9800 JavaThread "Unconstrained build operations Thread 12" [_thread_blocked, id=12096, stack(0x000000ee6fb00000,0x000000ee6fc00000)]
  0x00000292d67db000 JavaThread "Unconstrained build operations Thread 13" [_thread_blocked, id=6544, stack(0x000000ee6fc00000,0x000000ee6fd00000)]
  0x00000292d67df000 JavaThread "Unconstrained build operations Thread 14" [_thread_blocked, id=16660, stack(0x000000ee6fd00000,0x000000ee6fe00000)]
  0x00000292d67de000 JavaThread "Unconstrained build operations Thread 15" [_thread_blocked, id=25860, stack(0x000000ee6fe00000,0x000000ee6ff00000)]
  0x00000292d67dc800 JavaThread "Unconstrained build operations Thread 16" [_thread_blocked, id=6584, stack(0x000000ee6ff00000,0x000000ee70000000)]
  0x00000292d67e0000 JavaThread "Unconstrained build operations Thread 17" [_thread_blocked, id=26092, stack(0x000000ee70000000,0x000000ee70100000)]
  0x00000292d67da000 JavaThread "Unconstrained build operations Thread 18" [_thread_blocked, id=6596, stack(0x000000ee70100000,0x000000ee70200000)]
  0x00000292d67e4000 JavaThread "Unconstrained build operations Thread 19" [_thread_blocked, id=19452, stack(0x000000ee70200000,0x000000ee70300000)]
  0x00000292d67e2800 JavaThread "Unconstrained build operations Thread 20" [_thread_blocked, id=21408, stack(0x000000ee70300000,0x000000ee70400000)]
  0x00000292d67e1800 JavaThread "Unconstrained build operations Thread 21" [_thread_blocked, id=15516, stack(0x000000ee70400000,0x000000ee70500000)]
  0x00000292d67e5800 JavaThread "Unconstrained build operations Thread 22" [_thread_blocked, id=11804, stack(0x000000ee70500000,0x000000ee70600000)]
  0x00000292d67e3000 JavaThread "Unconstrained build operations Thread 23" [_thread_blocked, id=22272, stack(0x000000ee70600000,0x000000ee70700000)]
  0x00000292d67e4800 JavaThread "Unconstrained build operations Thread 24" [_thread_blocked, id=16624, stack(0x000000ee70700000,0x000000ee70800000)]
  0x00000292d67e6800 JavaThread "Unconstrained build operations Thread 25" [_thread_blocked, id=10372, stack(0x000000ee70800000,0x000000ee70900000)]
  0x00000292d67e0800 JavaThread "Unconstrained build operations Thread 26" [_thread_blocked, id=26456, stack(0x000000ee70900000,0x000000ee70a00000)]
  0x00000292d67e7000 JavaThread "Unconstrained build operations Thread 27" [_thread_blocked, id=6620, stack(0x000000ee70a00000,0x000000ee70b00000)]
  0x00000292d8d07000 JavaThread "Unconstrained build operations Thread 28" [_thread_blocked, id=25628, stack(0x000000ee70b00000,0x000000ee70c00000)]
  0x00000292d8d04000 JavaThread "Unconstrained build operations Thread 29" [_thread_blocked, id=18684, stack(0x000000ee70c00000,0x000000ee70d00000)]
  0x00000292d8d02000 JavaThread "Unconstrained build operations Thread 30" [_thread_blocked, id=19836, stack(0x000000ee70d00000,0x000000ee70e00000)]
  0x00000292d8d08000 JavaThread "Unconstrained build operations Thread 31" [_thread_blocked, id=23888, stack(0x000000ee70e00000,0x000000ee70f00000)]
  0x00000292d8d08800 JavaThread "Unconstrained build operations Thread 32" [_thread_blocked, id=17696, stack(0x000000ee70f00000,0x000000ee71000000)]
  0x00000292d8d03000 JavaThread "Unconstrained build operations Thread 33" [_thread_blocked, id=18200, stack(0x000000ee71000000,0x000000ee71100000)]
  0x00000292d8d04800 JavaThread "Unconstrained build operations Thread 34" [_thread_blocked, id=18052, stack(0x000000ee71100000,0x000000ee71200000)]
  0x00000292d8d09800 JavaThread "Unconstrained build operations Thread 35" [_thread_blocked, id=15488, stack(0x000000ee71200000,0x000000ee71300000)]
  0x00000292d8d0a800 JavaThread "Unconstrained build operations Thread 36" [_thread_blocked, id=6948, stack(0x000000ee71300000,0x000000ee71400000)]
  0x00000292d8d0b000 JavaThread "Unconstrained build operations Thread 37" [_thread_blocked, id=12132, stack(0x000000ee71400000,0x000000ee71500000)]
  0x00000292d8d05800 JavaThread "Unconstrained build operations Thread 38" [_thread_blocked, id=17476, stack(0x000000ee71500000,0x000000ee71600000)]
  0x00000292d8d0c000 JavaThread "Unconstrained build operations Thread 39" [_thread_blocked, id=6204, stack(0x000000ee71600000,0x000000ee71700000)]
  0x00000292d8d06000 JavaThread "Unconstrained build operations Thread 40" [_thread_blocked, id=20652, stack(0x000000ee71700000,0x000000ee71800000)]
  0x00000292d8d0d000 JavaThread "Unconstrained build operations Thread 41" [_thread_blocked, id=22884, stack(0x000000ee71800000,0x000000ee71900000)]
  0x00000292d8d0e800 JavaThread "Unconstrained build operations Thread 42" [_thread_blocked, id=17904, stack(0x000000ee71900000,0x000000ee71a00000)]
  0x00000292d8d0d800 JavaThread "Unconstrained build operations Thread 43" [_thread_blocked, id=18580, stack(0x000000ee71a00000,0x000000ee71b00000)]
  0x00000292d8d10000 JavaThread "Unconstrained build operations Thread 44" [_thread_blocked, id=19948, stack(0x000000ee71b00000,0x000000ee71c00000)]
  0x00000292d8d0f000 JavaThread "Unconstrained build operations Thread 45" [_thread_blocked, id=22660, stack(0x000000ee71c00000,0x000000ee71d00000)]
  0x00000292d8d11000 JavaThread "Unconstrained build operations Thread 46" [_thread_blocked, id=24404, stack(0x000000ee71d00000,0x000000ee71e00000)]
  0x00000292dc5e0800 JavaThread "Unconstrained build operations Thread 47" [_thread_blocked, id=5920, stack(0x000000ee71e00000,0x000000ee71f00000)]
  0x00000292dc5e5800 JavaThread "Unconstrained build operations Thread 48" [_thread_blocked, id=4288, stack(0x000000ee71f00000,0x000000ee72000000)]
  0x00000292dc5e0000 JavaThread "Unconstrained build operations Thread 49" [_thread_blocked, id=19696, stack(0x000000ee72000000,0x000000ee72100000)]
  0x00000292dc5e6800 JavaThread "Unconstrained build operations Thread 50" [_thread_blocked, id=3868, stack(0x000000ee72100000,0x000000ee72200000)]
  0x00000292dc5e2800 JavaThread "Unconstrained build operations Thread 51" [_thread_blocked, id=16696, stack(0x000000ee72200000,0x000000ee72300000)]
  0x00000292dc5e3000 JavaThread "Unconstrained build operations Thread 52" [_thread_blocked, id=8236, stack(0x000000ee72300000,0x000000ee72400000)]
  0x00000292dc5e7000 JavaThread "Unconstrained build operations Thread 53" [_thread_blocked, id=19184, stack(0x000000ee72400000,0x000000ee72500000)]
  0x00000292dc5e1800 JavaThread "Unconstrained build operations Thread 54" [_thread_blocked, id=2624, stack(0x000000ee72500000,0x000000ee72600000)]
  0x00000292dc5e8000 JavaThread "Unconstrained build operations Thread 55" [_thread_blocked, id=23100, stack(0x000000ee72600000,0x000000ee72700000)]
  0x00000292dc5e9800 JavaThread "Unconstrained build operations Thread 56" [_thread_blocked, id=6328, stack(0x000000ee72700000,0x000000ee72800000)]
  0x00000292dc5e4000 JavaThread "Unconstrained build operations Thread 57" [_thread_blocked, id=21292, stack(0x000000ee72800000,0x000000ee72900000)]
  0x00000292dc5e5000 JavaThread "Unconstrained build operations Thread 58" [_thread_blocked, id=25520, stack(0x000000ee72900000,0x000000ee72a00000)]
  0x00000292dc5ec000 JavaThread "Unconstrained build operations Thread 59" [_thread_blocked, id=23764, stack(0x000000ee72a00000,0x000000ee72b00000)]
  0x00000292dc5e9000 JavaThread "Unconstrained build operations Thread 60" [_thread_blocked, id=21440, stack(0x000000ee72b00000,0x000000ee72c00000)]
  0x00000292dc5ea800 JavaThread "Unconstrained build operations Thread 61" [_thread_blocked, id=68, stack(0x000000ee72c00000,0x000000ee72d00000)]
  0x00000292dc5eb800 JavaThread "Unconstrained build operations Thread 62" [_thread_blocked, id=17700, stack(0x000000ee72d00000,0x000000ee72e00000)]
  0x00000292dc5ed000 JavaThread "Unconstrained build operations Thread 63" [_thread_blocked, id=23984, stack(0x000000ee72e00000,0x000000ee72f00000)]
  0x00000292dc5ed800 JavaThread "Unconstrained build operations Thread 64" [_thread_blocked, id=21028, stack(0x000000ee72f00000,0x000000ee73000000)]
  0x00000292dc5ee800 JavaThread "Unconstrained build operations Thread 65" [_thread_blocked, id=24124, stack(0x000000ee73000000,0x000000ee73100000)]
  0x00000292db2eb800 JavaThread "Unconstrained build operations Thread 66" [_thread_blocked, id=7472, stack(0x000000ee73100000,0x000000ee73200000)]
  0x00000292db2e8800 JavaThread "Unconstrained build operations Thread 67" [_thread_blocked, id=25808, stack(0x000000ee73200000,0x000000ee73300000)]
  0x00000292db2ec800 JavaThread "Unconstrained build operations Thread 68" [_thread_blocked, id=12460, stack(0x000000ee73300000,0x000000ee73400000)]
  0x00000292db2e7800 JavaThread "Unconstrained build operations Thread 69" [_thread_blocked, id=1148, stack(0x000000ee73400000,0x000000ee73500000)]
  0x00000292db2e6800 JavaThread "Unconstrained build operations Thread 70" [_thread_blocked, id=5416, stack(0x000000ee73500000,0x000000ee73600000)]
  0x00000292db2ef000 JavaThread "Unconstrained build operations Thread 71" [_thread_blocked, id=24676, stack(0x000000ee73600000,0x000000ee73700000)]
  0x00000292db2ed800 JavaThread "Unconstrained build operations Thread 72" [_thread_blocked, id=22372, stack(0x000000ee73700000,0x000000ee73800000)]
  0x00000292db2ea000 JavaThread "Unconstrained build operations Thread 73" [_thread_blocked, id=16144, stack(0x000000ee73800000,0x000000ee73900000)]
  0x00000292db2ee000 JavaThread "Unconstrained build operations Thread 74" [_thread_blocked, id=15008, stack(0x000000ee73900000,0x000000ee73a00000)]
  0x00000292db2e9000 JavaThread "Unconstrained build operations Thread 75" [_thread_blocked, id=19048, stack(0x000000ee73a00000,0x000000ee73b00000)]
  0x00000292db2ef800 JavaThread "Unconstrained build operations Thread 76" [_thread_blocked, id=668, stack(0x000000ee73b00000,0x000000ee73c00000)]
  0x00000292db2eb000 JavaThread "Unconstrained build operations Thread 77" [_thread_blocked, id=15928, stack(0x000000ee73c00000,0x000000ee73d00000)]
  0x00000292db2f1800 JavaThread "Unconstrained build operations Thread 78" [_thread_blocked, id=9784, stack(0x000000ee73d00000,0x000000ee73e00000)]
  0x00000292db2f0800 JavaThread "Unconstrained build operations Thread 79" [_thread_blocked, id=10668, stack(0x000000ee73e00000,0x000000ee73f00000)]
  0x00000292db2f2000 JavaThread "Unconstrained build operations Thread 80" [_thread_blocked, id=22956, stack(0x000000ee73f00000,0x000000ee74000000)]
  0x00000292db2f4800 JavaThread "jar transforms Thread 6" [_thread_blocked, id=26536, stack(0x000000ee74000000,0x000000ee74100000)]
  0x00000292db2f3000 JavaThread "jar transforms Thread 7" [_thread_blocked, id=15476, stack(0x000000ee74100000,0x000000ee74200000)]
  0x00000292db2f4000 JavaThread "jar transforms Thread 8" [_thread_blocked, id=24932, stack(0x000000ee74200000,0x000000ee74300000)]
  0x00000292db3cc800 JavaThread "C2 CompilerThread2" daemon [_thread_in_native, id=24948, stack(0x000000ee6e700000,0x000000ee6e800000)]
  0x00000292db2f5800 JavaThread "Memory manager" [_thread_blocked, id=6468, stack(0x000000ee74300000,0x000000ee74400000)]
  0x00000292db383000 JavaThread "build event listener" [_thread_blocked, id=23276, stack(0x000000ee74400000,0x000000ee74500000)]

Other Threads:
  0x00000292d514f800 VMThread "VM Thread" [stack: 0x000000ee6bf00000,0x000000ee6c000000] [id=21752]
  0x00000292d53c9000 WatcherThread [stack: 0x000000ee6c900000,0x000000ee6ca00000] [id=16504]
  0x00000292b6b06800 GCTaskThread "GC Thread#0" [stack: 0x000000ee6ba00000,0x000000ee6bb00000] [id=24732]
  0x00000292d5de5000 GCTaskThread "GC Thread#1" [stack: 0x000000ee6cb00000,0x000000ee6cc00000] [id=19348]
  0x00000292d59f0000 GCTaskThread "GC Thread#2" [stack: 0x000000ee6cc00000,0x000000ee6cd00000] [id=12708]
  0x00000292d60ae800 GCTaskThread "GC Thread#3" [stack: 0x000000ee6cd00000,0x000000ee6ce00000] [id=16516]
  0x00000292d60af800 GCTaskThread "GC Thread#4" [stack: 0x000000ee6ce00000,0x000000ee6cf00000] [id=24400]
  0x00000292d6142800 GCTaskThread "GC Thread#5" [stack: 0x000000ee6cf00000,0x000000ee6d000000] [id=20200]
  0x00000292d65e8000 GCTaskThread "GC Thread#6" [stack: 0x000000ee6db00000,0x000000ee6dc00000] [id=11400]
  0x00000292d771f800 GCTaskThread "GC Thread#7" [stack: 0x000000ee6dc00000,0x000000ee6dd00000] [id=24220]
  0x00000292b6b2e000 ConcurrentGCThread "G1 Main Marker" [stack: 0x000000ee6bb00000,0x000000ee6bc00000] [id=20552]
  0x00000292b6b30000 ConcurrentGCThread "G1 Conc#0" [stack: 0x000000ee6bc00000,0x000000ee6bd00000] [id=13340]
  0x00000292d7b26000 ConcurrentGCThread "G1 Conc#1" [stack: 0x000000ee6de00000,0x000000ee6df00000] [id=26096]
  0x00000292d47bb800 ConcurrentGCThread "G1 Refine#0" [stack: 0x000000ee6bd00000,0x000000ee6be00000] [id=18676]
  0x00000292d47be800 ConcurrentGCThread "G1 Young RemSet Sampling" [stack: 0x000000ee6be00000,0x000000ee6bf00000] [id=16800]

Threads with active compile tasks:
C2 CompilerThread0    14823 6720  s    4       jdk.internal.loader.Resource::cachedInputStream (20 bytes)
C2 CompilerThread1    14823 6714   !   4       jdk.internal.loader.Resource::getBytes (242 bytes)
C2 CompilerThread2    14823 6706       4       jdk.internal.loader.URLClassPath$JarLoader$2::getBytes (48 bytes)

VM state:not at safepoint (normal execution)

VM Mutex/Monitor currently owned by a thread: None

Heap address: 0x00000000a0000000, size: 1536 MB, Compressed Oops mode: 32-bit
Narrow klass base: 0x0000000000000000, Narrow klass shift: 3
Compressed class space size: 1073741824 Address: 0x0000000100000000

Heap:
 garbage-first heap   total 260096K, used 136086K [0x00000000a0000000, 0x0000000100000000)
  region size 1024K, 85 young (87040K), 3 survivors (3072K)
 Metaspace       used 65835K, capacity 67466K, committed 67592K, reserved 1120256K
  class space    used 8285K, capacity 8882K, committed 8960K, reserved 1048576K
Heap Regions: E=young(eden), S=young(survivor), O=old, HS=humongous(starts), HC=humongous(continues), CS=collection set, F=free, A=archive, TAMS=top-at-mark-start (previous, next)
|   0|0x00000000a0000000, 0x00000000a0100000, 0x00000000a0100000|100%| O|  |TAMS 0x00000000a0100000, 0x00000000a0000000| Untracked 
|   1|0x00000000a0100000, 0x00000000a0200000, 0x00000000a0200000|100%| O|  |TAMS 0x00000000a0200000, 0x00000000a0100000| Untracked 
|   2|0x00000000a0200000, 0x00000000a0300000, 0x00000000a0300000|100%| O|  |TAMS 0x00000000a0300000, 0x00000000a0200000| Untracked 
|   3|0x00000000a0300000, 0x00000000a0400000, 0x00000000a0400000|100%|HS|  |TAMS 0x00000000a0400000, 0x00000000a0300000| Complete 
|   4|0x00000000a0400000, 0x00000000a0500000, 0x00000000a0500000|100%|HC|  |TAMS 0x00000000a0500000, 0x00000000a0400000| Complete 
|   5|0x00000000a0500000, 0x00000000a0600000, 0x00000000a0600000|100%|HC|  |TAMS 0x00000000a0600000, 0x00000000a0500000| Complete 
|   6|0x00000000a0600000, 0x00000000a0700000, 0x00000000a0700000|100%| O|  |TAMS 0x00000000a0700000, 0x00000000a0600000| Untracked 
|   7|0x00000000a0700000, 0x00000000a0800000, 0x00000000a0800000|100%| O|  |TAMS 0x00000000a0800000, 0x00000000a0700000| Untracked 
|   8|0x00000000a0800000, 0x00000000a0900000, 0x00000000a0900000|100%| O|  |TAMS 0x00000000a0900000, 0x00000000a0800000| Untracked 
|   9|0x00000000a0900000, 0x00000000a0a00000, 0x00000000a0a00000|100%| O|  |TAMS 0x00000000a0a00000, 0x00000000a0900000| Untracked 
|  10|0x00000000a0a00000, 0x00000000a0b00000, 0x00000000a0b00000|100%| O|  |TAMS 0x00000000a0b00000, 0x00000000a0a00000| Untracked 
|  11|0x00000000a0b00000, 0x00000000a0c00000, 0x00000000a0c00000|100%| O|  |TAMS 0x00000000a0c00000, 0x00000000a0b00000| Untracked 
|  12|0x00000000a0c00000, 0x00000000a0d00000, 0x00000000a0d00000|100%| O|  |TAMS 0x00000000a0d00000, 0x00000000a0c00000| Untracked 
|  13|0x00000000a0d00000, 0x00000000a0e00000, 0x00000000a0e00000|100%| O|  |TAMS 0x00000000a0e00000, 0x00000000a0d00000| Untracked 
|  14|0x00000000a0e00000, 0x00000000a0f00000, 0x00000000a0f00000|100%| O|  |TAMS 0x00000000a0f00000, 0x00000000a0e00000| Untracked 
|  15|0x00000000a0f00000, 0x00000000a1000000, 0x00000000a1000000|100%| O|  |TAMS 0x00000000a1000000, 0x00000000a0f00000| Untracked 
|  16|0x00000000a1000000, 0x00000000a1100000, 0x00000000a1100000|100%| O|  |TAMS 0x00000000a1100000, 0x00000000a1000000| Untracked 
|  17|0x00000000a1100000, 0x00000000a1200000, 0x00000000a1200000|100%|HS|  |TAMS 0x00000000a1200000, 0x00000000a1100000| Complete 
|  18|0x00000000a1200000, 0x00000000a1300000, 0x00000000a1300000|100%|HS|  |TAMS 0x00000000a1300000, 0x00000000a1200000| Complete 
|  19|0x00000000a1300000, 0x00000000a1400000, 0x00000000a1400000|100%|HS|  |TAMS 0x00000000a1400000, 0x00000000a1300000| Complete 
|  20|0x00000000a1400000, 0x00000000a1500000, 0x00000000a1500000|100%|HS|  |TAMS 0x00000000a1500000, 0x00000000a1400000| Complete 
|  21|0x00000000a1500000, 0x00000000a1600000, 0x00000000a1600000|100%|HS|  |TAMS 0x00000000a1600000, 0x00000000a1500000| Complete 
|  22|0x00000000a1600000, 0x00000000a1700000, 0x00000000a1700000|100%|HC|  |TAMS 0x00000000a1700000, 0x00000000a1600000| Complete 
|  23|0x00000000a1700000, 0x00000000a1800000, 0x00000000a1800000|100%|HC|  |TAMS 0x00000000a1800000, 0x00000000a1700000| Complete 
|  24|0x00000000a1800000, 0x00000000a1900000, 0x00000000a1900000|100%|HS|  |TAMS 0x00000000a1900000, 0x00000000a1800000| Complete 
|  25|0x00000000a1900000, 0x00000000a1a00000, 0x00000000a1a00000|100%|HC|  |TAMS 0x00000000a1a00000, 0x00000000a1900000| Complete 
|  26|0x00000000a1a00000, 0x00000000a1b00000, 0x00000000a1b00000|100%| O|  |TAMS 0x00000000a1b00000, 0x00000000a1a00000| Untracked 
|  27|0x00000000a1b00000, 0x00000000a1c00000, 0x00000000a1c00000|100%| O|  |TAMS 0x00000000a1c00000, 0x00000000a1b00000| Untracked 
|  28|0x00000000a1c00000, 0x00000000a1d00000, 0x00000000a1d00000|100%| O|  |TAMS 0x00000000a1d00000, 0x00000000a1c00000| Untracked 
|  29|0x00000000a1d00000, 0x00000000a1e00000, 0x00000000a1e00000|100%| O|  |TAMS 0x00000000a1e00000, 0x00000000a1d00000| Untracked 
|  30|0x00000000a1e00000, 0x00000000a1f00000, 0x00000000a1f00000|100%| O|  |TAMS 0x00000000a1f00000, 0x00000000a1e00000| Untracked 
|  31|0x00000000a1f00000, 0x00000000a2000000, 0x00000000a2000000|100%| O|  |TAMS 0x00000000a2000000, 0x00000000a1f00000| Untracked 
|  32|0x00000000a2000000, 0x00000000a2100000, 0x00000000a2100000|100%| O|  |TAMS 0x00000000a2100000, 0x00000000a2000000| Untracked 
|  33|0x00000000a2100000, 0x00000000a2200000, 0x00000000a2200000|100%| O|  |TAMS 0x00000000a2200000, 0x00000000a2100000| Untracked 
|  34|0x00000000a2200000, 0x00000000a2300000, 0x00000000a2300000|100%| O|  |TAMS 0x00000000a2300000, 0x00000000a2200000| Untracked 
|  35|0x00000000a2300000, 0x00000000a2400000, 0x00000000a2400000|100%| O|  |TAMS 0x00000000a2400000, 0x00000000a2300000| Untracked 
|  36|0x00000000a2400000, 0x00000000a2500000, 0x00000000a2500000|100%| O|  |TAMS 0x00000000a2500000, 0x00000000a2400000| Untracked 
|  37|0x00000000a2500000, 0x00000000a2600000, 0x00000000a2600000|100%| O|  |TAMS 0x00000000a2600000, 0x00000000a2500000| Untracked 
|  38|0x00000000a2600000, 0x00000000a2700000, 0x00000000a2700000|100%| O|  |TAMS 0x00000000a2700000, 0x00000000a2600000| Untracked 
|  39|0x00000000a2700000, 0x00000000a2800000, 0x00000000a2800000|100%| O|  |TAMS 0x00000000a2800000, 0x00000000a2700000| Untracked 
|  40|0x00000000a2800000, 0x00000000a2900000, 0x00000000a2900000|100%| O|  |TAMS 0x00000000a2900000, 0x00000000a2800000| Untracked 
|  41|0x00000000a2900000, 0x00000000a2a00000, 0x00000000a2a00000|100%| O|  |TAMS 0x00000000a2a00000, 0x00000000a2900000| Untracked 
|  42|0x00000000a2a00000, 0x00000000a2b00000, 0x00000000a2b00000|100%| O|  |TAMS 0x00000000a2b00000, 0x00000000a2a00000| Untracked 
|  43|0x00000000a2b00000, 0x00000000a2c00000, 0x00000000a2c00000|100%| O|  |TAMS 0x00000000a2c00000, 0x00000000a2b00000| Untracked 
|  44|0x00000000a2c00000, 0x00000000a2d00000, 0x00000000a2d00000|100%| O|  |TAMS 0x00000000a2d00000, 0x00000000a2c00000| Untracked 
|  45|0x00000000a2d00000, 0x00000000a2e00000, 0x00000000a2e00000|100%| O|  |TAMS 0x00000000a2e00000, 0x00000000a2d00000| Untracked 
|  46|0x00000000a2e00000, 0x00000000a2f00000, 0x00000000a2f00000|100%| O|  |TAMS 0x00000000a2f00000, 0x00000000a2e00000| Untracked 
|  47|0x00000000a2f00000, 0x00000000a3000000, 0x00000000a3000000|100%| O|  |TAMS 0x00000000a3000000, 0x00000000a2f00000| Untracked 
|  48|0x00000000a3000000, 0x00000000a30e5800, 0x00000000a3100000| 89%| O|  |TAMS 0x00000000a30e5800, 0x00000000a3000000| Untracked 
|  49|0x00000000a3100000, 0x00000000a3200000, 0x00000000a3200000|100%|HS|  |TAMS 0x00000000a3100000, 0x00000000a3100000| Complete 
|  50|0x00000000a3200000, 0x00000000a3200000, 0x00000000a3300000|  0%| F|  |TAMS 0x00000000a3200000, 0x00000000a3200000| Untracked 
|  51|0x00000000a3300000, 0x00000000a3300000, 0x00000000a3400000|  0%| F|  |TAMS 0x00000000a3300000, 0x00000000a3300000| Untracked 
|  52|0x00000000a3400000, 0x00000000a3400000, 0x00000000a3500000|  0%| F|  |TAMS 0x00000000a3400000, 0x00000000a3400000| Untracked 
|  53|0x00000000a3500000, 0x00000000a3500000, 0x00000000a3600000|  0%| F|  |TAMS 0x00000000a3500000, 0x00000000a3500000| Untracked 
|  54|0x00000000a3600000, 0x00000000a3600000, 0x00000000a3700000|  0%| F|  |TAMS 0x00000000a3600000, 0x00000000a3600000| Untracked 
|  55|0x00000000a3700000, 0x00000000a3700000, 0x00000000a3800000|  0%| F|  |TAMS 0x00000000a3700000, 0x00000000a3700000| Untracked 
|  56|0x00000000a3800000, 0x00000000a3800000, 0x00000000a3900000|  0%| F|  |TAMS 0x00000000a3800000, 0x00000000a3800000| Untracked 
|  57|0x00000000a3900000, 0x00000000a3900000, 0x00000000a3a00000|  0%| F|  |TAMS 0x00000000a3900000, 0x00000000a3900000| Untracked 
|  58|0x00000000a3a00000, 0x00000000a3a00000, 0x00000000a3b00000|  0%| F|  |TAMS 0x00000000a3a00000, 0x00000000a3a00000| Untracked 
|  59|0x00000000a3b00000, 0x00000000a3b00000, 0x00000000a3c00000|  0%| F|  |TAMS 0x00000000a3b00000, 0x00000000a3b00000| Untracked 
|  60|0x00000000a3c00000, 0x00000000a3c00000, 0x00000000a3d00000|  0%| F|  |TAMS 0x00000000a3c00000, 0x00000000a3c00000| Untracked 
|  61|0x00000000a3d00000, 0x00000000a3d00000, 0x00000000a3e00000|  0%| F|  |TAMS 0x00000000a3d00000, 0x00000000a3d00000| Untracked 
|  62|0x00000000a3e00000, 0x00000000a3e00000, 0x00000000a3f00000|  0%| F|  |TAMS 0x00000000a3e00000, 0x00000000a3e00000| Untracked 
|  63|0x00000000a3f00000, 0x00000000a3f00000, 0x00000000a4000000|  0%| F|  |TAMS 0x00000000a3f00000, 0x00000000a3f00000| Untracked 
|  64|0x00000000a4000000, 0x00000000a4000000, 0x00000000a4100000|  0%| F|  |TAMS 0x00000000a4000000, 0x00000000a4000000| Untracked 
|  65|0x00000000a4100000, 0x00000000a4100000, 0x00000000a4200000|  0%| F|  |TAMS 0x00000000a4100000, 0x00000000a4100000| Untracked 
|  66|0x00000000a4200000, 0x00000000a4200000, 0x00000000a4300000|  0%| F|  |TAMS 0x00000000a4200000, 0x00000000a4200000| Untracked 
|  67|0x00000000a4300000, 0x00000000a4300000, 0x00000000a4400000|  0%| F|  |TAMS 0x00000000a4300000, 0x00000000a4300000| Untracked 
|  68|0x00000000a4400000, 0x00000000a4400000, 0x00000000a4500000|  0%| F|  |TAMS 0x00000000a4400000, 0x00000000a4400000| Untracked 
|  69|0x00000000a4500000, 0x00000000a4500000, 0x00000000a4600000|  0%| F|  |TAMS 0x00000000a4500000, 0x00000000a4500000| Untracked 
|  70|0x00000000a4600000, 0x00000000a4600000, 0x00000000a4700000|  0%| F|  |TAMS 0x00000000a4600000, 0x00000000a4600000| Untracked 
|  71|0x00000000a4700000, 0x00000000a4700000, 0x00000000a4800000|  0%| F|  |TAMS 0x00000000a4700000, 0x00000000a4700000| Untracked 
|  72|0x00000000a4800000, 0x00000000a4800000, 0x00000000a4900000|  0%| F|  |TAMS 0x00000000a4800000, 0x00000000a4800000| Untracked 
|  73|0x00000000a4900000, 0x00000000a4900000, 0x00000000a4a00000|  0%| F|  |TAMS 0x00000000a4900000, 0x00000000a4900000| Untracked 
|  74|0x00000000a4a00000, 0x00000000a4a00000, 0x00000000a4b00000|  0%| F|  |TAMS 0x00000000a4a00000, 0x00000000a4a00000| Untracked 
|  75|0x00000000a4b00000, 0x00000000a4b00000, 0x00000000a4c00000|  0%| F|  |TAMS 0x00000000a4b00000, 0x00000000a4b00000| Untracked 
|  76|0x00000000a4c00000, 0x00000000a4c00000, 0x00000000a4d00000|  0%| F|  |TAMS 0x00000000a4c00000, 0x00000000a4c00000| Untracked 
|  77|0x00000000a4d00000, 0x00000000a4d00000, 0x00000000a4e00000|  0%| F|  |TAMS 0x00000000a4d00000, 0x00000000a4d00000| Untracked 
|  78|0x00000000a4e00000, 0x00000000a4e00000, 0x00000000a4f00000|  0%| F|  |TAMS 0x00000000a4e00000, 0x00000000a4e00000| Untracked 
|  79|0x00000000a4f00000, 0x00000000a4f00000, 0x00000000a5000000|  0%| F|  |TAMS 0x00000000a4f00000, 0x00000000a4f00000| Untracked 
|  80|0x00000000a5000000, 0x00000000a5000000, 0x00000000a5100000|  0%| F|  |TAMS 0x00000000a5000000, 0x00000000a5000000| Untracked 
|  81|0x00000000a5100000, 0x00000000a5100000, 0x00000000a5200000|  0%| F|  |TAMS 0x00000000a5100000, 0x00000000a5100000| Untracked 
|  82|0x00000000a5200000, 0x00000000a5200000, 0x00000000a5300000|  0%| F|  |TAMS 0x00000000a5200000, 0x00000000a5200000| Untracked 
|  83|0x00000000a5300000, 0x00000000a5300000, 0x00000000a5400000|  0%| F|  |TAMS 0x00000000a5300000, 0x00000000a5300000| Untracked 
|  84|0x00000000a5400000, 0x00000000a5400000, 0x00000000a5500000|  0%| F|  |TAMS 0x00000000a5400000, 0x00000000a5400000| Untracked 
|  85|0x00000000a5500000, 0x00000000a5500000, 0x00000000a5600000|  0%| F|  |TAMS 0x00000000a5500000, 0x00000000a5500000| Untracked 
|  86|0x00000000a5600000, 0x00000000a5600000, 0x00000000a5700000|  0%| F|  |TAMS 0x00000000a5600000, 0x00000000a5600000| Untracked 
|  87|0x00000000a5700000, 0x00000000a5700000, 0x00000000a5800000|  0%| F|  |TAMS 0x00000000a5700000, 0x00000000a5700000| Untracked 
|  88|0x00000000a5800000, 0x00000000a5800000, 0x00000000a5900000|  0%| F|  |TAMS 0x00000000a5800000, 0x00000000a5800000| Untracked 
|  89|0x00000000a5900000, 0x00000000a5900000, 0x00000000a5a00000|  0%| F|  |TAMS 0x00000000a5900000, 0x00000000a5900000| Untracked 
|  90|0x00000000a5a00000, 0x00000000a5a00000, 0x00000000a5b00000|  0%| F|  |TAMS 0x00000000a5a00000, 0x00000000a5a00000| Untracked 
|  91|0x00000000a5b00000, 0x00000000a5b00000, 0x00000000a5c00000|  0%| F|  |TAMS 0x00000000a5b00000, 0x00000000a5b00000| Untracked 
|  92|0x00000000a5c00000, 0x00000000a5c00000, 0x00000000a5d00000|  0%| F|  |TAMS 0x00000000a5c00000, 0x00000000a5c00000| Untracked 
|  93|0x00000000a5d00000, 0x00000000a5d00000, 0x00000000a5e00000|  0%| F|  |TAMS 0x00000000a5d00000, 0x00000000a5d00000| Untracked 
|  94|0x00000000a5e00000, 0x00000000a5e00000, 0x00000000a5f00000|  0%| F|  |TAMS 0x00000000a5e00000, 0x00000000a5e00000| Untracked 
|  95|0x00000000a5f00000, 0x00000000a5f00000, 0x00000000a6000000|  0%| F|  |TAMS 0x00000000a5f00000, 0x00000000a5f00000| Untracked 
|  96|0x00000000a6000000, 0x00000000a6000000, 0x00000000a6100000|  0%| F|  |TAMS 0x00000000a6000000, 0x00000000a6000000| Untracked 
|  97|0x00000000a6100000, 0x00000000a6100000, 0x00000000a6200000|  0%| F|  |TAMS 0x00000000a6100000, 0x00000000a6100000| Untracked 
|  98|0x00000000a6200000, 0x00000000a6200000, 0x00000000a6300000|  0%| F|  |TAMS 0x00000000a6200000, 0x00000000a6200000| Untracked 
|  99|0x00000000a6300000, 0x00000000a6300000, 0x00000000a6400000|  0%| F|  |TAMS 0x00000000a6300000, 0x00000000a6300000| Untracked 
| 100|0x00000000a6400000, 0x00000000a6400000, 0x00000000a6500000|  0%| F|  |TAMS 0x00000000a6400000, 0x00000000a6400000| Untracked 
| 101|0x00000000a6500000, 0x00000000a6500000, 0x00000000a6600000|  0%| F|  |TAMS 0x00000000a6500000, 0x00000000a6500000| Untracked 
| 102|0x00000000a6600000, 0x00000000a6600000, 0x00000000a6700000|  0%| F|  |TAMS 0x00000000a6600000, 0x00000000a6600000| Untracked 
| 103|0x00000000a6700000, 0x00000000a6700000, 0x00000000a6800000|  0%| F|  |TAMS 0x00000000a6700000, 0x00000000a6700000| Untracked 
| 104|0x00000000a6800000, 0x00000000a6800000, 0x00000000a6900000|  0%| F|  |TAMS 0x00000000a6800000, 0x00000000a6800000| Untracked 
| 105|0x00000000a6900000, 0x00000000a6900000, 0x00000000a6a00000|  0%| F|  |TAMS 0x00000000a6900000, 0x00000000a6900000| Untracked 
| 106|0x00000000a6a00000, 0x00000000a6a00000, 0x00000000a6b00000|  0%| F|  |TAMS 0x00000000a6a00000, 0x00000000a6a00000| Untracked 
| 107|0x00000000a6b00000, 0x00000000a6b00000, 0x00000000a6c00000|  0%| F|  |TAMS 0x00000000a6b00000, 0x00000000a6b00000| Untracked 
| 108|0x00000000a6c00000, 0x00000000a6c00000, 0x00000000a6d00000|  0%| F|  |TAMS 0x00000000a6c00000, 0x00000000a6c00000| Untracked 
| 109|0x00000000a6d00000, 0x00000000a6d00000, 0x00000000a6e00000|  0%| F|  |TAMS 0x00000000a6d00000, 0x00000000a6d00000| Untracked 
| 110|0x00000000a6e00000, 0x00000000a6e00000, 0x00000000a6f00000|  0%| F|  |TAMS 0x00000000a6e00000, 0x00000000a6e00000| Untracked 
| 111|0x00000000a6f00000, 0x00000000a6f00000, 0x00000000a7000000|  0%| F|  |TAMS 0x00000000a6f00000, 0x00000000a6f00000| Untracked 
| 112|0x00000000a7000000, 0x00000000a7000000, 0x00000000a7100000|  0%| F|  |TAMS 0x00000000a7000000, 0x00000000a7000000| Untracked 
| 113|0x00000000a7100000, 0x00000000a7100000, 0x00000000a7200000|  0%| F|  |TAMS 0x00000000a7100000, 0x00000000a7100000| Untracked 
| 114|0x00000000a7200000, 0x00000000a7200000, 0x00000000a7300000|  0%| F|  |TAMS 0x00000000a7200000, 0x00000000a7200000| Untracked 
| 115|0x00000000a7300000, 0x00000000a7300000, 0x00000000a7400000|  0%| F|  |TAMS 0x00000000a7300000, 0x00000000a7300000| Untracked 
| 116|0x00000000a7400000, 0x00000000a7400000, 0x00000000a7500000|  0%| F|  |TAMS 0x00000000a7400000, 0x00000000a7400000| Untracked 
| 117|0x00000000a7500000, 0x00000000a7500000, 0x00000000a7600000|  0%| F|  |TAMS 0x00000000a7500000, 0x00000000a7500000| Untracked 
| 118|0x00000000a7600000, 0x00000000a7600000, 0x00000000a7700000|  0%| F|  |TAMS 0x00000000a7600000, 0x00000000a7600000| Untracked 
| 119|0x00000000a7700000, 0x00000000a7700000, 0x00000000a7800000|  0%| F|  |TAMS 0x00000000a7700000, 0x00000000a7700000| Untracked 
| 120|0x00000000a7800000, 0x00000000a7800000, 0x00000000a7900000|  0%| F|  |TAMS 0x00000000a7800000, 0x00000000a7800000| Untracked 
| 121|0x00000000a7900000, 0x00000000a7900000, 0x00000000a7a00000|  0%| F|  |TAMS 0x00000000a7900000, 0x00000000a7900000| Untracked 
| 122|0x00000000a7a00000, 0x00000000a7a00000, 0x00000000a7b00000|  0%| F|  |TAMS 0x00000000a7a00000, 0x00000000a7a00000| Untracked 
| 123|0x00000000a7b00000, 0x00000000a7b00000, 0x00000000a7c00000|  0%| F|  |TAMS 0x00000000a7b00000, 0x00000000a7b00000| Untracked 
| 124|0x00000000a7c00000, 0x00000000a7c00000, 0x00000000a7d00000|  0%| F|  |TAMS 0x00000000a7c00000, 0x00000000a7c00000| Untracked 
| 125|0x00000000a7d00000, 0x00000000a7d00000, 0x00000000a7e00000|  0%| F|  |TAMS 0x00000000a7d00000, 0x00000000a7d00000| Untracked 
| 126|0x00000000a7e00000, 0x00000000a7e00000, 0x00000000a7f00000|  0%| F|  |TAMS 0x00000000a7e00000, 0x00000000a7e00000| Untracked 
| 127|0x00000000a7f00000, 0x00000000a7f00000, 0x00000000a8000000|  0%| F|  |TAMS 0x00000000a7f00000, 0x00000000a7f00000| Untracked 
| 128|0x00000000a8000000, 0x00000000a8000000, 0x00000000a8100000|  0%| F|  |TAMS 0x00000000a8000000, 0x00000000a8000000| Untracked 
| 129|0x00000000a8100000, 0x00000000a8100000, 0x00000000a8200000|  0%| F|  |TAMS 0x00000000a8100000, 0x00000000a8100000| Untracked 
| 130|0x00000000a8200000, 0x00000000a8200000, 0x00000000a8300000|  0%| F|  |TAMS 0x00000000a8200000, 0x00000000a8200000| Untracked 
| 131|0x00000000a8300000, 0x00000000a8300000, 0x00000000a8400000|  0%| F|  |TAMS 0x00000000a8300000, 0x00000000a8300000| Untracked 
| 132|0x00000000a8400000, 0x00000000a8400000, 0x00000000a8500000|  0%| F|  |TAMS 0x00000000a8400000, 0x00000000a8400000| Untracked 
| 133|0x00000000a8500000, 0x00000000a8500000, 0x00000000a8600000|  0%| F|  |TAMS 0x00000000a8500000, 0x00000000a8500000| Untracked 
| 134|0x00000000a8600000, 0x00000000a8600000, 0x00000000a8700000|  0%| F|  |TAMS 0x00000000a8600000, 0x00000000a8600000| Untracked 
| 135|0x00000000a8700000, 0x00000000a8700000, 0x00000000a8800000|  0%| F|  |TAMS 0x00000000a8700000, 0x00000000a8700000| Untracked 
| 136|0x00000000a8800000, 0x00000000a8800000, 0x00000000a8900000|  0%| F|  |TAMS 0x00000000a8800000, 0x00000000a8800000| Untracked 
| 137|0x00000000a8900000, 0x00000000a8900000, 0x00000000a8a00000|  0%| F|  |TAMS 0x00000000a8900000, 0x00000000a8900000| Untracked 
| 138|0x00000000a8a00000, 0x00000000a8a00000, 0x00000000a8b00000|  0%| F|  |TAMS 0x00000000a8a00000, 0x00000000a8a00000| Untracked 
| 139|0x00000000a8b00000, 0x00000000a8b00000, 0x00000000a8c00000|  0%| F|  |TAMS 0x00000000a8b00000, 0x00000000a8b00000| Untracked 
| 140|0x00000000a8c00000, 0x00000000a8c00000, 0x00000000a8d00000|  0%| F|  |TAMS 0x00000000a8c00000, 0x00000000a8c00000| Untracked 
| 141|0x00000000a8d00000, 0x00000000a8d00000, 0x00000000a8e00000|  0%| F|  |TAMS 0x00000000a8d00000, 0x00000000a8d00000| Untracked 
| 142|0x00000000a8e00000, 0x00000000a8e00000, 0x00000000a8f00000|  0%| F|  |TAMS 0x00000000a8e00000, 0x00000000a8e00000| Untracked 
| 143|0x00000000a8f00000, 0x00000000a8f00000, 0x00000000a9000000|  0%| F|  |TAMS 0x00000000a8f00000, 0x00000000a8f00000| Untracked 
| 144|0x00000000a9000000, 0x00000000a9000000, 0x00000000a9100000|  0%| F|  |TAMS 0x00000000a9000000, 0x00000000a9000000| Untracked 
| 145|0x00000000a9100000, 0x00000000a9100000, 0x00000000a9200000|  0%| F|  |TAMS 0x00000000a9100000, 0x00000000a9100000| Untracked 
| 146|0x00000000a9200000, 0x00000000a9200000, 0x00000000a9300000|  0%| F|  |TAMS 0x00000000a9200000, 0x00000000a9200000| Untracked 
| 147|0x00000000a9300000, 0x00000000a9300000, 0x00000000a9400000|  0%| F|  |TAMS 0x00000000a9300000, 0x00000000a9300000| Untracked 
| 148|0x00000000a9400000, 0x00000000a9400000, 0x00000000a9500000|  0%| F|  |TAMS 0x00000000a9400000, 0x00000000a9400000| Untracked 
| 149|0x00000000a9500000, 0x00000000a9500000, 0x00000000a9600000|  0%| F|  |TAMS 0x00000000a9500000, 0x00000000a9500000| Untracked 
| 150|0x00000000a9600000, 0x00000000a9600000, 0x00000000a9700000|  0%| F|  |TAMS 0x00000000a9600000, 0x00000000a9600000| Untracked 
| 151|0x00000000a9700000, 0x00000000a9700000, 0x00000000a9800000|  0%| F|  |TAMS 0x00000000a9700000, 0x00000000a9700000| Untracked 
| 152|0x00000000a9800000, 0x00000000a9800000, 0x00000000a9900000|  0%| F|  |TAMS 0x00000000a9800000, 0x00000000a9800000| Untracked 
| 153|0x00000000a9900000, 0x00000000a9900000, 0x00000000a9a00000|  0%| F|  |TAMS 0x00000000a9900000, 0x00000000a9900000| Untracked 
| 154|0x00000000a9a00000, 0x00000000a9a00000, 0x00000000a9b00000|  0%| F|  |TAMS 0x00000000a9a00000, 0x00000000a9a00000| Untracked 
| 155|0x00000000a9b00000, 0x00000000a9b00000, 0x00000000a9c00000|  0%| F|  |TAMS 0x00000000a9b00000, 0x00000000a9b00000| Untracked 
| 156|0x00000000a9c00000, 0x00000000a9c00000, 0x00000000a9d00000|  0%| F|  |TAMS 0x00000000a9c00000, 0x00000000a9c00000| Untracked 
| 157|0x00000000a9d00000, 0x00000000a9d00000, 0x00000000a9e00000|  0%| F|  |TAMS 0x00000000a9d00000, 0x00000000a9d00000| Untracked 
| 158|0x00000000a9e00000, 0x00000000a9e00000, 0x00000000a9f00000|  0%| F|  |TAMS 0x00000000a9e00000, 0x00000000a9e00000| Untracked 
| 159|0x00000000a9f00000, 0x00000000a9f00000, 0x00000000aa000000|  0%| F|  |TAMS 0x00000000a9f00000, 0x00000000a9f00000| Untracked 
| 160|0x00000000aa000000, 0x00000000aa000000, 0x00000000aa100000|  0%| F|  |TAMS 0x00000000aa000000, 0x00000000aa000000| Untracked 
| 161|0x00000000aa100000, 0x00000000aa100000, 0x00000000aa200000|  0%| F|  |TAMS 0x00000000aa100000, 0x00000000aa100000| Untracked 
| 162|0x00000000aa200000, 0x00000000aa200000, 0x00000000aa300000|  0%| F|  |TAMS 0x00000000aa200000, 0x00000000aa200000| Untracked 
| 163|0x00000000aa300000, 0x00000000aa300000, 0x00000000aa400000|  0%| F|  |TAMS 0x00000000aa300000, 0x00000000aa300000| Untracked 
| 164|0x00000000aa400000, 0x00000000aa400000, 0x00000000aa500000|  0%| F|  |TAMS 0x00000000aa400000, 0x00000000aa400000| Untracked 
| 165|0x00000000aa500000, 0x00000000aa500000, 0x00000000aa600000|  0%| F|  |TAMS 0x00000000aa500000, 0x00000000aa500000| Untracked 
| 166|0x00000000aa600000, 0x00000000aa600000, 0x00000000aa700000|  0%| F|  |TAMS 0x00000000aa600000, 0x00000000aa600000| Untracked 
| 167|0x00000000aa700000, 0x00000000aa700000, 0x00000000aa800000|  0%| F|  |TAMS 0x00000000aa700000, 0x00000000aa700000| Untracked 
| 168|0x00000000aa800000, 0x00000000aa800000, 0x00000000aa900000|  0%| F|  |TAMS 0x00000000aa800000, 0x00000000aa800000| Untracked 
| 169|0x00000000aa900000, 0x00000000aaa00000, 0x00000000aaa00000|100%| E|  |TAMS 0x00000000aa900000, 0x00000000aa900000| Complete 
| 170|0x00000000aaa00000, 0x00000000aab00000, 0x00000000aab00000|100%| E|CS|TAMS 0x00000000aaa00000, 0x00000000aaa00000| Complete 
| 171|0x00000000aab00000, 0x00000000aac00000, 0x00000000aac00000|100%| E|CS|TAMS 0x00000000aab00000, 0x00000000aab00000| Complete 
| 172|0x00000000aac00000, 0x00000000aad00000, 0x00000000aad00000|100%| E|CS|TAMS 0x00000000aac00000, 0x00000000aac00000| Complete 
| 173|0x00000000aad00000, 0x00000000aae00000, 0x00000000aae00000|100%| E|CS|TAMS 0x00000000aad00000, 0x00000000aad00000| Complete 
| 174|0x00000000aae00000, 0x00000000aaf00000, 0x00000000aaf00000|100%| E|CS|TAMS 0x00000000aae00000, 0x00000000aae00000| Complete 
| 175|0x00000000aaf00000, 0x00000000ab000000, 0x00000000ab000000|100%| E|CS|TAMS 0x00000000aaf00000, 0x00000000aaf00000| Complete 
| 176|0x00000000ab000000, 0x00000000ab100000, 0x00000000ab100000|100%| E|CS|TAMS 0x00000000ab000000, 0x00000000ab000000| Complete 
| 177|0x00000000ab100000, 0x00000000ab200000, 0x00000000ab200000|100%| E|CS|TAMS 0x00000000ab100000, 0x00000000ab100000| Complete 
| 178|0x00000000ab200000, 0x00000000ab300000, 0x00000000ab300000|100%| E|CS|TAMS 0x00000000ab200000, 0x00000000ab200000| Complete 
| 179|0x00000000ab300000, 0x00000000ab400000, 0x00000000ab400000|100%| E|CS|TAMS 0x00000000ab300000, 0x00000000ab300000| Complete 
| 180|0x00000000ab400000, 0x00000000ab500000, 0x00000000ab500000|100%| E|CS|TAMS 0x00000000ab400000, 0x00000000ab400000| Complete 
| 181|0x00000000ab500000, 0x00000000ab600000, 0x00000000ab600000|100%| E|CS|TAMS 0x00000000ab500000, 0x00000000ab500000| Complete 
| 182|0x00000000ab600000, 0x00000000ab700000, 0x00000000ab700000|100%| E|CS|TAMS 0x00000000ab600000, 0x00000000ab600000| Complete 
| 183|0x00000000ab700000, 0x00000000ab800000, 0x00000000ab800000|100%| E|CS|TAMS 0x00000000ab700000, 0x00000000ab700000| Complete 
| 184|0x00000000ab800000, 0x00000000ab900000, 0x00000000ab900000|100%| E|CS|TAMS 0x00000000ab800000, 0x00000000ab800000| Complete 
| 185|0x00000000ab900000, 0x00000000aba00000, 0x00000000aba00000|100%| E|CS|TAMS 0x00000000ab900000, 0x00000000ab900000| Complete 
| 186|0x00000000aba00000, 0x00000000abb00000, 0x00000000abb00000|100%| E|CS|TAMS 0x00000000aba00000, 0x00000000aba00000| Complete 
| 187|0x00000000abb00000, 0x00000000abc00000, 0x00000000abc00000|100%| E|CS|TAMS 0x00000000abb00000, 0x00000000abb00000| Complete 
| 188|0x00000000abc00000, 0x00000000abd00000, 0x00000000abd00000|100%| E|CS|TAMS 0x00000000abc00000, 0x00000000abc00000| Complete 
| 189|0x00000000abd00000, 0x00000000abe00000, 0x00000000abe00000|100%| E|CS|TAMS 0x00000000abd00000, 0x00000000abd00000| Complete 
| 190|0x00000000abe00000, 0x00000000abf00000, 0x00000000abf00000|100%| E|CS|TAMS 0x00000000abe00000, 0x00000000abe00000| Complete 
| 191|0x00000000abf00000, 0x00000000ac000000, 0x00000000ac000000|100%| E|CS|TAMS 0x00000000abf00000, 0x00000000abf00000| Complete 
| 192|0x00000000ac000000, 0x00000000ac100000, 0x00000000ac100000|100%| E|CS|TAMS 0x00000000ac000000, 0x00000000ac000000| Complete 
| 193|0x00000000ac100000, 0x00000000ac200000, 0x00000000ac200000|100%| E|CS|TAMS 0x00000000ac100000, 0x00000000ac100000| Complete 
| 194|0x00000000ac200000, 0x00000000ac300000, 0x00000000ac300000|100%| E|CS|TAMS 0x00000000ac200000, 0x00000000ac200000| Complete 
| 195|0x00000000ac300000, 0x00000000ac400000, 0x00000000ac400000|100%| E|CS|TAMS 0x00000000ac300000, 0x00000000ac300000| Complete 
| 196|0x00000000ac400000, 0x00000000ac500000, 0x00000000ac500000|100%| E|CS|TAMS 0x00000000ac400000, 0x00000000ac400000| Complete 
| 197|0x00000000ac500000, 0x00000000ac600000, 0x00000000ac600000|100%| E|CS|TAMS 0x00000000ac500000, 0x00000000ac500000| Complete 
| 198|0x00000000ac600000, 0x00000000ac700000, 0x00000000ac700000|100%| E|CS|TAMS 0x00000000ac600000, 0x00000000ac600000| Complete 
| 199|0x00000000ac700000, 0x00000000ac800000, 0x00000000ac800000|100%| E|CS|TAMS 0x00000000ac700000, 0x00000000ac700000| Complete 
| 200|0x00000000ac800000, 0x00000000ac900000, 0x00000000ac900000|100%| E|CS|TAMS 0x00000000ac800000, 0x00000000ac800000| Complete 
| 201|0x00000000ac900000, 0x00000000aca00000, 0x00000000aca00000|100%| E|CS|TAMS 0x00000000ac900000, 0x00000000ac900000| Complete 
| 202|0x00000000aca00000, 0x00000000acb00000, 0x00000000acb00000|100%| E|CS|TAMS 0x00000000aca00000, 0x00000000aca00000| Complete 
| 203|0x00000000acb00000, 0x00000000acc00000, 0x00000000acc00000|100%| E|CS|TAMS 0x00000000acb00000, 0x00000000acb00000| Complete 
| 204|0x00000000acc00000, 0x00000000acd00000, 0x00000000acd00000|100%| E|CS|TAMS 0x00000000acc00000, 0x00000000acc00000| Complete 
| 205|0x00000000acd00000, 0x00000000ace00000, 0x00000000ace00000|100%| E|CS|TAMS 0x00000000acd00000, 0x00000000acd00000| Complete 
| 206|0x00000000ace00000, 0x00000000acf00000, 0x00000000acf00000|100%| E|CS|TAMS 0x00000000ace00000, 0x00000000ace00000| Complete 
| 207|0x00000000acf00000, 0x00000000ad000000, 0x00000000ad000000|100%| E|CS|TAMS 0x00000000acf00000, 0x00000000acf00000| Complete 
| 208|0x00000000ad000000, 0x00000000ad100000, 0x00000000ad100000|100%| E|CS|TAMS 0x00000000ad000000, 0x00000000ad000000| Complete 
| 209|0x00000000ad100000, 0x00000000ad200000, 0x00000000ad200000|100%| E|CS|TAMS 0x00000000ad100000, 0x00000000ad100000| Complete 
| 210|0x00000000ad200000, 0x00000000ad300000, 0x00000000ad300000|100%| E|CS|TAMS 0x00000000ad200000, 0x00000000ad200000| Complete 
| 211|0x00000000ad300000, 0x00000000ad400000, 0x00000000ad400000|100%| S|CS|TAMS 0x00000000ad300000, 0x00000000ad300000| Complete 
| 212|0x00000000ad400000, 0x00000000ad500000, 0x00000000ad500000|100%| S|CS|TAMS 0x00000000ad400000, 0x00000000ad400000| Complete 
| 213|0x00000000ad500000, 0x00000000ad600000, 0x00000000ad600000|100%| S|CS|TAMS 0x00000000ad500000, 0x00000000ad500000| Complete 
| 214|0x00000000ad600000, 0x00000000ad700000, 0x00000000ad700000|100%| E|CS|TAMS 0x00000000ad600000, 0x00000000ad600000| Complete 
| 215|0x00000000ad700000, 0x00000000ad800000, 0x00000000ad800000|100%| E|CS|TAMS 0x00000000ad700000, 0x00000000ad700000| Complete 
| 216|0x00000000ad800000, 0x00000000ad900000, 0x00000000ad900000|100%| E|CS|TAMS 0x00000000ad800000, 0x00000000ad800000| Complete 
| 217|0x00000000ad900000, 0x00000000ada00000, 0x00000000ada00000|100%| E|CS|TAMS 0x00000000ad900000, 0x00000000ad900000| Complete 
| 218|0x00000000ada00000, 0x00000000adb00000, 0x00000000adb00000|100%| E|CS|TAMS 0x00000000ada00000, 0x00000000ada00000| Complete 
| 219|0x00000000adb00000, 0x00000000adc00000, 0x00000000adc00000|100%| E|CS|TAMS 0x00000000adb00000, 0x00000000adb00000| Complete 
| 220|0x00000000adc00000, 0x00000000add00000, 0x00000000add00000|100%| E|CS|TAMS 0x00000000adc00000, 0x00000000adc00000| Complete 
| 221|0x00000000add00000, 0x00000000ade00000, 0x00000000ade00000|100%| E|CS|TAMS 0x00000000add00000, 0x00000000add00000| Complete 
| 222|0x00000000ade00000, 0x00000000adf00000, 0x00000000adf00000|100%| E|CS|TAMS 0x00000000ade00000, 0x00000000ade00000| Complete 
| 223|0x00000000adf00000, 0x00000000ae000000, 0x00000000ae000000|100%| E|CS|TAMS 0x00000000adf00000, 0x00000000adf00000| Complete 
| 224|0x00000000ae000000, 0x00000000ae100000, 0x00000000ae100000|100%| E|CS|TAMS 0x00000000ae000000, 0x00000000ae000000| Complete 
| 225|0x00000000ae100000, 0x00000000ae200000, 0x00000000ae200000|100%| E|CS|TAMS 0x00000000ae100000, 0x00000000ae100000| Complete 
| 226|0x00000000ae200000, 0x00000000ae300000, 0x00000000ae300000|100%| E|CS|TAMS 0x00000000ae200000, 0x00000000ae200000| Complete 
| 227|0x00000000ae300000, 0x00000000ae400000, 0x00000000ae400000|100%| E|CS|TAMS 0x00000000ae300000, 0x00000000ae300000| Complete 
| 228|0x00000000ae400000, 0x00000000ae500000, 0x00000000ae500000|100%| E|CS|TAMS 0x00000000ae400000, 0x00000000ae400000| Complete 
| 229|0x00000000ae500000, 0x00000000ae600000, 0x00000000ae600000|100%| E|CS|TAMS 0x00000000ae500000, 0x00000000ae500000| Complete 
| 230|0x00000000ae600000, 0x00000000ae700000, 0x00000000ae700000|100%| E|CS|TAMS 0x00000000ae600000, 0x00000000ae600000| Complete 
| 231|0x00000000ae700000, 0x00000000ae800000, 0x00000000ae800000|100%| E|CS|TAMS 0x00000000ae700000, 0x00000000ae700000| Complete 
| 232|0x00000000ae800000, 0x00000000ae900000, 0x00000000ae900000|100%| E|CS|TAMS 0x00000000ae800000, 0x00000000ae800000| Complete 
| 233|0x00000000ae900000, 0x00000000aea00000, 0x00000000aea00000|100%| E|CS|TAMS 0x00000000ae900000, 0x00000000ae900000| Complete 
| 234|0x00000000aea00000, 0x00000000aeb00000, 0x00000000aeb00000|100%| E|CS|TAMS 0x00000000aea00000, 0x00000000aea00000| Complete 
| 235|0x00000000aeb00000, 0x00000000aec00000, 0x00000000aec00000|100%| E|CS|TAMS 0x00000000aeb00000, 0x00000000aeb00000| Complete 
| 236|0x00000000aec00000, 0x00000000aed00000, 0x00000000aed00000|100%| E|CS|TAMS 0x00000000aec00000, 0x00000000aec00000| Complete 
| 237|0x00000000aed00000, 0x00000000aee00000, 0x00000000aee00000|100%| E|CS|TAMS 0x00000000aed00000, 0x00000000aed00000| Complete 
| 238|0x00000000aee00000, 0x00000000aef00000, 0x00000000aef00000|100%| E|CS|TAMS 0x00000000aee00000, 0x00000000aee00000| Complete 
| 239|0x00000000aef00000, 0x00000000af000000, 0x00000000af000000|100%| E|CS|TAMS 0x00000000aef00000, 0x00000000aef00000| Complete 
| 240|0x00000000af000000, 0x00000000af100000, 0x00000000af100000|100%| E|CS|TAMS 0x00000000af000000, 0x00000000af000000| Complete 
| 241|0x00000000af100000, 0x00000000af200000, 0x00000000af200000|100%| E|CS|TAMS 0x00000000af100000, 0x00000000af100000| Complete 
| 242|0x00000000af200000, 0x00000000af300000, 0x00000000af300000|100%| E|CS|TAMS 0x00000000af200000, 0x00000000af200000| Complete 
| 243|0x00000000af300000, 0x00000000af400000, 0x00000000af400000|100%| E|CS|TAMS 0x00000000af300000, 0x00000000af300000| Complete 
| 244|0x00000000af400000, 0x00000000af500000, 0x00000000af500000|100%| E|  |TAMS 0x00000000af400000, 0x00000000af400000| Complete 
| 245|0x00000000af500000, 0x00000000af600000, 0x00000000af600000|100%| E|CS|TAMS 0x00000000af500000, 0x00000000af500000| Complete 
| 246|0x00000000af600000, 0x00000000af700000, 0x00000000af700000|100%| E|CS|TAMS 0x00000000af600000, 0x00000000af600000| Complete 
| 247|0x00000000af700000, 0x00000000af800000, 0x00000000af800000|100%| E|CS|TAMS 0x00000000af700000, 0x00000000af700000| Complete 
| 248|0x00000000af800000, 0x00000000af900000, 0x00000000af900000|100%| E|CS|TAMS 0x00000000af800000, 0x00000000af800000| Complete 
| 249|0x00000000af900000, 0x00000000afa00000, 0x00000000afa00000|100%| E|CS|TAMS 0x00000000af900000, 0x00000000af900000| Complete 
| 250|0x00000000afa00000, 0x00000000afb00000, 0x00000000afb00000|100%| E|CS|TAMS 0x00000000afa00000, 0x00000000afa00000| Complete 
| 251|0x00000000afb00000, 0x00000000afc00000, 0x00000000afc00000|100%| E|CS|TAMS 0x00000000afb00000, 0x00000000afb00000| Complete 
| 252|0x00000000afc00000, 0x00000000afd00000, 0x00000000afd00000|100%| E|CS|TAMS 0x00000000afc00000, 0x00000000afc00000| Complete 
| 253|0x00000000afd00000, 0x00000000afe00000, 0x00000000afe00000|100%| E|CS|TAMS 0x00000000afd00000, 0x00000000afd00000| Complete 

Card table byte_map: [0x00000292ce880000,0x00000292ceb80000] _byte_map_base: 0x00000292ce380000

Marking Bits (Prev, Next): (CMBitMap*) 0x00000292b6b27120, (CMBitMap*) 0x00000292b6b270e8
 Prev Bits: [0x00000292d0680000, 0x00000292d1e80000)
 Next Bits: [0x00000292cee80000, 0x00000292d0680000)

Polling page: 0x00000292b62c0000

Metaspace:

Usage:
  Non-class:     57.28 MB capacity,    56.23 MB ( 98%) used,   902.88 KB (  2%) free+waste,   172.13 KB ( <1%) overhead. 
      Class:      8.67 MB capacity,     8.10 MB ( 93%) used,   511.68 KB (  6%) free+waste,    80.44 KB ( <1%) overhead. 
       Both:     65.95 MB capacity,    64.32 MB ( 98%) used,     1.38 MB (  2%) free+waste,   252.56 KB ( <1%) overhead. 

Virtual space:
  Non-class space:       70.00 MB reserved,      57.51 MB ( 82%) committed 
      Class space:        1.00 GB reserved,       8.75 MB ( <1%) committed 
             Both:        1.07 GB reserved,      66.26 MB (  6%) committed 

Chunk freelists:
   Non-Class:  46.00 KB
       Class:  13.00 KB
        Both:  59.00 KB

MaxMetaspaceSize: 17179869184.00 GB
CompressedClassSpaceSize: 1.00 GB
Initial GC threshold: 20.80 MB
Current GC threshold: 98.55 MB
CDS: off

CodeHeap 'non-profiled nmethods': size=120000Kb used=4343Kb max_used=4343Kb free=115656Kb
 bounds [0x00000292c6d10000, 0x00000292c7150000, 0x00000292ce240000]
CodeHeap 'profiled nmethods': size=120000Kb used=14154Kb max_used=14154Kb free=105845Kb
 bounds [0x00000292bf7e0000, 0x00000292c05c0000, 0x00000292c6d10000]
CodeHeap 'non-nmethods': size=5760Kb used=2342Kb max_used=2416Kb free=3417Kb
 bounds [0x00000292bf240000, 0x00000292bf4b0000, 0x00000292bf7e0000]
 total_blobs=7553 nmethods=6700 adapters=765
 compilation: enabled
              stopped_count=0, restarted_count=0
 full_count=0

Compilation events (20 events):
Event: 14.614 Thread 0x00000292d51f2000 6713       3       org.codehaus.groovy.reflection.CachedMethod::makeAccessibleIfNecessary (21 bytes)
Event: 14.615 Thread 0x00000292d51f2000 nmethod 6713 0x00000292c05ae610 code [0x00000292c05ae820, 0x00000292c05aeee8]
Event: 14.618 Thread 0x00000292d6a65800 nmethod 6710 0x00000292c714be10 code [0x00000292c714bfc0, 0x00000292c714c338]
Event: 14.618 Thread 0x00000292d6a65800 6714   !   4       jdk.internal.loader.Resource::getBytes (242 bytes)
Event: 14.636 Thread 0x00000292d51e1000 nmethod 6711 0x00000292c714c590 code [0x00000292c714c740, 0x00000292c714ccb8]
Event: 14.649 Thread 0x00000292d51f2000 6715   !   3       org.gradle.internal.event.DefaultListenerManager::getBroadcasterInternal (155 bytes)
Event: 14.649 Thread 0x00000292d51e1000 6716       4       java.util.HashMap::<init> (11 bytes)
Event: 14.650 Thread 0x00000292d51e1000 nmethod 6716 0x00000292c714d210 code [0x00000292c714d3a0, 0x00000292c714d418]
Event: 14.650 Thread 0x00000292d51f2000 nmethod 6715 0x00000292c05af110 code [0x00000292c05af3e0, 0x00000292c05b0408]
Event: 14.670 Thread 0x00000292d51f2000 6717       3       org.gradle.internal.operations.DefaultBuildOperationRunner::getCurrentBuildOperation (11 bytes)
Event: 14.671 Thread 0x00000292d51f2000 nmethod 6717 0x00000292c05b0b10 code [0x00000292c05b0ce0, 0x00000292c05b10e8]
Event: 14.672 Thread 0x00000292d51f2000 6718       3       sun.invoke.util.VerifyAccess$1::<init> (15 bytes)
Event: 14.672 Thread 0x00000292d51f2000 nmethod 6718 0x00000292c05b1210 code [0x00000292c05b13c0, 0x00000292c05b15d8]
Event: 14.672 Thread 0x00000292d51f2000 6719       3       sun.invoke.util.VerifyAccess$1::run (5 bytes)
Event: 14.672 Thread 0x00000292d51f2000 nmethod 6719 0x00000292c05b1690 code [0x00000292c05b1860, 0x00000292c05b1a48]
Event: 14.723 Thread 0x00000292d51e1000 6720  s    4       jdk.internal.loader.Resource::cachedInputStream (20 bytes)
Event: 14.727 Thread 0x00000292d51f2000 6721       1       java.lang.Thread::isDaemon (5 bytes)
Event: 14.727 Thread 0x00000292d51f2000 nmethod 6721 0x00000292c714d510 code [0x00000292c714d6c0, 0x00000292c714d778]
Event: 14.727 Thread 0x00000292d51f2000 6722       1       java.lang.Thread::getPriority (5 bytes)
Event: 14.728 Thread 0x00000292d51f2000 nmethod 6722 0x00000292c714d810 code [0x00000292c714d9c0, 0x00000292c714da78]

GC Heap History (18 events):
Event: 1.005 GC heap before
{Heap before GC invocations=0 (full 0):
 garbage-first heap   total 260096K, used 29696K [0x00000000a0000000, 0x0000000100000000)
  region size 1024K, 24 young (24576K), 0 survivors (0K)
 Metaspace       used 10127K, capacity 10342K, committed 10624K, reserved 1058816K
  class space    used 1039K, capacity 1107K, committed 1152K, reserved 1048576K
}
Event: 1.011 GC heap after
{Heap after GC invocations=1 (full 0):
 garbage-first heap   total 260096K, used 9561K [0x00000000a0000000, 0x0000000100000000)
  region size 1024K, 3 young (3072K), 3 survivors (3072K)
 Metaspace       used 10127K, capacity 10342K, committed 10624K, reserved 1058816K
  class space    used 1039K, capacity 1107K, committed 1152K, reserved 1048576K
}
Event: 1.592 GC heap before
{Heap before GC invocations=1 (full 0):
 garbage-first heap   total 260096K, used 32089K [0x00000000a0000000, 0x0000000100000000)
  region size 1024K, 25 young (25600K), 3 survivors (3072K)
 Metaspace       used 11178K, capacity 11395K, committed 11520K, reserved 1058816K
  class space    used 1148K, capacity 1245K, committed 1280K, reserved 1048576K
}
Event: 1.595 GC heap after
{Heap after GC invocations=2 (full 0):
 garbage-first heap   total 260096K, used 9913K [0x00000000a0000000, 0x0000000100000000)
  region size 1024K, 1 young (1024K), 1 survivors (1024K)
 Metaspace       used 11178K, capacity 11395K, committed 11520K, reserved 1058816K
  class space    used 1148K, capacity 1245K, committed 1280K, reserved 1048576K
}
Event: 4.670 GC heap before
{Heap before GC invocations=2 (full 0):
 garbage-first heap   total 260096K, used 76473K [0x00000000a0000000, 0x0000000100000000)
  region size 1024K, 65 young (66560K), 1 survivors (1024K)
 Metaspace       used 19719K, capacity 20148K, committed 20224K, reserved 1067008K
  class space    used 2377K, capacity 2548K, committed 2560K, reserved 1048576K
}
Event: 4.678 GC heap after
{Heap after GC invocations=3 (full 0):
 garbage-first heap   total 260096K, used 16682K [0x00000000a0000000, 0x0000000100000000)
  region size 1024K, 8 young (8192K), 8 survivors (8192K)
 Metaspace       used 19719K, capacity 20148K, committed 20224K, reserved 1067008K
  class space    used 2377K, capacity 2548K, committed 2560K, reserved 1048576K
}
Event: 4.820 GC heap before
{Heap before GC invocations=3 (full 0):
 garbage-first heap   total 260096K, used 21802K [0x00000000a0000000, 0x0000000100000000)
  region size 1024K, 14 young (14336K), 8 survivors (8192K)
 Metaspace       used 20702K, capacity 21173K, committed 21296K, reserved 1069056K
  class space    used 2492K, capacity 2659K, committed 2688K, reserved 1048576K
}
Event: 4.827 GC heap after
{Heap after GC invocations=4 (full 0):
 garbage-first heap   total 260096K, used 17251K [0x00000000a0000000, 0x0000000100000000)
  region size 1024K, 1 young (1024K), 1 survivors (1024K)
 Metaspace       used 20702K, capacity 21173K, committed 21296K, reserved 1069056K
  class space    used 2492K, capacity 2659K, committed 2688K, reserved 1048576K
}
Event: 6.593 GC heap before
{Heap before GC invocations=5 (full 0):
 garbage-first heap   total 260096K, used 120675K [0x00000000a0000000, 0x0000000100000000)
  region size 1024K, 102 young (104448K), 1 survivors (1024K)
 Metaspace       used 30907K, capacity 31555K, committed 31664K, reserved 1077248K
  class space    used 4059K, capacity 4319K, committed 4352K, reserved 1048576K
}
Event: 6.599 GC heap after
{Heap after GC invocations=6 (full 0):
 garbage-first heap   total 260096K, used 20198K [0x00000000a0000000, 0x0000000100000000)
  region size 1024K, 4 young (4096K), 4 survivors (4096K)
 Metaspace       used 30907K, capacity 31555K, committed 31664K, reserved 1077248K
  class space    used 4059K, capacity 4319K, committed 4352K, reserved 1048576K
}
Event: 7.033 GC heap before
{Heap before GC invocations=6 (full 0):
 garbage-first heap   total 260096K, used 33510K [0x00000000a0000000, 0x0000000100000000)
  region size 1024K, 18 young (18432K), 4 survivors (4096K)
 Metaspace       used 35055K, capacity 35785K, committed 35920K, reserved 1081344K
  class space    used 4467K, capacity 4773K, committed 4864K, reserved 1048576K
}
Event: 7.041 GC heap after
{Heap after GC invocations=7 (full 0):
 garbage-first heap   total 260096K, used 22542K [0x00000000a0000000, 0x0000000100000000)
  region size 1024K, 6 young (6144K), 6 survivors (6144K)
 Metaspace       used 35055K, capacity 35785K, committed 35920K, reserved 1081344K
  class space    used 4467K, capacity 4773K, committed 4864K, reserved 1048576K
}
Event: 9.533 GC heap before
{Heap before GC invocations=8 (full 0):
 garbage-first heap   total 260096K, used 153614K [0x00000000a0000000, 0x0000000100000000)
  region size 1024K, 130 young (133120K), 6 survivors (6144K)
 Metaspace       used 44842K, capacity 45909K, committed 46032K, reserved 1089536K
  class space    used 5636K, capacity 5982K, committed 6016K, reserved 1048576K
}
Event: 9.549 GC heap after
{Heap after GC invocations=9 (full 0):
 garbage-first heap   total 260096K, used 30751K [0x00000000a0000000, 0x0000000100000000)
  region size 1024K, 14 young (14336K), 14 survivors (14336K)
 Metaspace       used 44842K, capacity 45909K, committed 46032K, reserved 1089536K
  class space    used 5636K, capacity 5982K, committed 6016K, reserved 1048576K
}
Event: 11.942 GC heap before
{Heap before GC invocations=9 (full 0):
 garbage-first heap   total 260096K, used 171039K [0x00000000a0000000, 0x0000000100000000)
  region size 1024K, 143 young (146432K), 14 survivors (14336K)
 Metaspace       used 53105K, capacity 54602K, committed 54736K, reserved 1097728K
  class space    used 6680K, capacity 7212K, committed 7296K, reserved 1048576K
}
Event: 11.962 GC heap after
{Heap after GC invocations=10 (full 0):
 garbage-first heap   total 260096K, used 50016K [0x00000000a0000000, 0x0000000100000000)
  region size 1024K, 18 young (18432K), 18 survivors (18432K)
 Metaspace       used 53105K, capacity 54602K, committed 54736K, reserved 1097728K
  class space    used 6680K, capacity 7212K, committed 7296K, reserved 1048576K
}
Event: 12.822 GC heap before
{Heap before GC invocations=10 (full 0):
 garbage-first heap   total 260096K, used 89952K [0x00000000a0000000, 0x0000000100000000)
  region size 1024K, 58 young (59392K), 18 survivors (18432K)
 Metaspace       used 58509K, capacity 60131K, committed 60296K, reserved 1101824K
  class space    used 7355K, capacity 7962K, committed 8064K, reserved 1048576K
}
Event: 12.847 GC heap after
{Heap after GC invocations=11 (full 0):
 garbage-first heap   total 260096K, used 53142K [0x00000000a0000000, 0x0000000100000000)
  region size 1024K, 3 young (3072K), 3 survivors (3072K)
 Metaspace       used 58509K, capacity 60131K, committed 60296K, reserved 1101824K
  class space    used 7355K, capacity 7962K, committed 8064K, reserved 1048576K
}

Deoptimization events (20 events):
Event: 14.269 Thread 0x00000292d70df800 Uncommon trap: trap_request=0xffffff4d fr.pc=0x00000292c6d4796c relative=0x00000000000000cc
Event: 14.269 Thread 0x00000292d70df800 Uncommon trap: reason=unstable_if action=reinterpret pc=0x00000292c6d4796c method=java.lang.String.getBytes([BIB)V @ 5 c2
Event: 14.269 Thread 0x00000292d70df800 DEOPT PACKING pc=0x00000292c6d4796c sp=0x000000ee6d5f1ef0
Event: 14.269 Thread 0x00000292d70df800 DEOPT UNPACKING pc=0x00000292bf28a1af sp=0x000000ee6d5f1e98 mode 2
Event: 14.533 Thread 0x00000292d70df800 DEOPT PACKING pc=0x00000292bfc72d16 sp=0x000000ee6d5f3400
Event: 14.533 Thread 0x00000292d70df800 DEOPT UNPACKING pc=0x00000292bf28a95e sp=0x000000ee6d5f2918 mode 0
Event: 14.538 Thread 0x00000292d70df800 DEOPT PACKING pc=0x00000292bfc72d16 sp=0x000000ee6d5f3400
Event: 14.538 Thread 0x00000292d70df800 DEOPT UNPACKING pc=0x00000292bf28a95e sp=0x000000ee6d5f2918 mode 0
Event: 14.539 Thread 0x00000292d70df800 Uncommon trap: trap_request=0xffffff4d fr.pc=0x00000292c6dca3ac relative=0x000000000000056c
Event: 14.539 Thread 0x00000292d70df800 Uncommon trap: reason=unstable_if action=reinterpret pc=0x00000292c6dca3ac method=java.lang.String.replace(CC)Ljava/lang/String; @ 2 c2
Event: 14.539 Thread 0x00000292d70df800 DEOPT PACKING pc=0x00000292c6dca3ac sp=0x000000ee6d5f3520
Event: 14.539 Thread 0x00000292d70df800 DEOPT UNPACKING pc=0x00000292bf28a1af sp=0x000000ee6d5f34e0 mode 2
Event: 14.546 Thread 0x00000292d70df800 Uncommon trap: trap_request=0xffffff4d fr.pc=0x00000292c6f696f4 relative=0x0000000000002ab4
Event: 14.547 Thread 0x00000292d70df800 Uncommon trap: reason=unstable_if action=reinterpret pc=0x00000292c6f696f4 method=groovy.lang.MetaClassImpl.checkIfStdMethod(Lgroovy/lang/MetaMethod;)V @ 55 c2
Event: 14.547 Thread 0x00000292d70df800 DEOPT PACKING pc=0x00000292c6f696f4 sp=0x000000ee6d5f31c0
Event: 14.547 Thread 0x00000292d70df800 DEOPT UNPACKING pc=0x00000292bf28a1af sp=0x000000ee6d5f3190 mode 2
Event: 14.547 Thread 0x00000292d70df800 Uncommon trap: trap_request=0xffffffc6 fr.pc=0x00000292c6f582cc relative=0x0000000000003d0c
Event: 14.547 Thread 0x00000292d70df800 Uncommon trap: reason=bimorphic_or_optimized_type_check action=maybe_recompile pc=0x00000292c6f582cc method=org.codehaus.groovy.runtime.metaclass.MetaMethodIndex.isOverridden(Lgroovy/lang/MetaMethod;Lgroovy/lang/MetaMethod;)Z @ 10 c2
Event: 14.547 Thread 0x00000292d70df800 DEOPT PACKING pc=0x00000292c6f582cc sp=0x000000ee6d5f3120
Event: 14.547 Thread 0x00000292d70df800 DEOPT UNPACKING pc=0x00000292bf28a1af sp=0x000000ee6d5f30f0 mode 2

Classes redefined (0 events):
No events

Internal exceptions (20 events):
Event: 11.763 Thread 0x00000292d70df800 Exception <a 'java/lang/NoSuchMethodError'{0x00000000a867eae0}: 'java.lang.Object java.lang.invoke.DelegatingMethodHandle$Holder.reinvoke_L(java.lang.Object, int, int, java.lang.Object, java.lang.Object, java.lang.Object)'> (0x00000000a867eae0) thrown at [./src/hotspot/share/interpreter/linkResolver.cpp, line 773]
Event: 12.142 Thread 0x00000292d70df800 Exception <a 'java/lang/NoSuchMethodError'{0x00000000af87acf0}: 'int java.lang.invoke.DirectMethodHandle$Holder.invokeInterface(java.lang.Object, java.lang.Object, java.lang.Object, java.lang.Object)'> (0x00000000af87acf0) thrown at [./src/hotspot/share/interpreter/linkResolver.cpp, line 773]
Event: 12.453 Thread 0x00000292d70df800 Exception <a 'java/lang/NoSuchMethodError'{0x00000000ae7c91d0}: 'void java.lang.invoke.DirectMethodHandle$Holder.invokeInterface(java.lang.Object, java.lang.Object, java.lang.Object, java.lang.Object)'> (0x00000000ae7c91d0) thrown at [./src/hotspot/share/interpreter/linkResolver.cpp, line 773]
Event: 12.640 Thread 0x00000292d70df800 Exception <a 'java/lang/IncompatibleClassChangeError'{0x00000000add5f750}: Found class java.lang.Object, but interface was expected> (0x00000000add5f750) thrown at [./src/hotspot/share/interpreter/linkResolver.cpp, line 839]
Event: 12.977 Thread 0x00000292d70df800 Implicit null exception at 0x00000292c700242d to 0x00000292c70026a0
Event: 13.070 Thread 0x00000292d70df800 Implicit null exception at 0x00000292c6ea272c to 0x00000292c6ea285a
Event: 13.348 Thread 0x00000292d70df800 Exception <a 'sun/nio/fs/WindowsException'{0x00000000aefd5b70}> (0x00000000aefd5b70) thrown at [./src/hotspot/share/prims/jni.cpp, line 617]
Event: 14.114 Thread 0x00000292d6c9e000 Implicit null exception at 0x00000292c6d47cf7 to 0x00000292c6d48204
Event: 14.114 Thread 0x00000292d6c9e000 Implicit null exception at 0x00000292c6d628f4 to 0x00000292c6d62e14
Event: 14.480 Thread 0x00000292d70df800 Exception <a 'java/lang/IncompatibleClassChangeError'{0x00000000abbe3128}: Found class java.lang.Object, but interface was expected> (0x00000000abbe3128) thrown at [./src/hotspot/share/interpreter/linkResolver.cpp, line 839]
Event: 14.553 Thread 0x00000292d70df800 Exception <a 'java/lang/ClassNotFoundException'{0x00000000ab9cd738}: org/gradle/api/internal/project/DefaultAntBuilderBeanInfo> (0x00000000ab9cd738) thrown at [./src/hotspot/share/classfile/systemDictionary.cpp, line 230]
Event: 14.558 Thread 0x00000292d70df800 Exception <a 'java/lang/ClassNotFoundException'{0x00000000ab809670}: org/gradle/api/internal/project/ant/BasicAntBuilderBeanInfo> (0x00000000ab809670) thrown at [./src/hotspot/share/classfile/systemDictionary.cpp, line 230]
Event: 14.561 Thread 0x00000292d70df800 Exception <a 'java/lang/ClassNotFoundException'{0x00000000ab83ae20}: org/gradle/api/AntBuilderBeanInfo> (0x00000000ab83ae20) thrown at [./src/hotspot/share/classfile/systemDictionary.cpp, line 230]
Event: 14.565 Thread 0x00000292d70df800 Exception <a 'java/lang/ClassNotFoundException'{0x00000000ab8be098}: groovy/util/AntBuilderBeanInfo> (0x00000000ab8be098) thrown at [./src/hotspot/share/classfile/systemDictionary.cpp, line 230]
Event: 14.567 Thread 0x00000292d70df800 Exception <a 'java/lang/ClassNotFoundException'{0x00000000ab742c70}: groovy/util/BuilderSupportBeanInfo> (0x00000000ab742c70) thrown at [./src/hotspot/share/classfile/systemDictionary.cpp, line 230]
Event: 14.571 Thread 0x00000292d70df800 Exception <a 'java/lang/ClassNotFoundException'{0x00000000ab7c8830}: groovy/util/BuilderSupportCustomizer> (0x00000000ab7c8830) thrown at [./src/hotspot/share/classfile/systemDictionary.cpp, line 230]
Event: 14.576 Thread 0x00000292d70df800 Exception <a 'java/lang/ClassNotFoundException'{0x00000000ab64e380}: groovy/util/AntBuilderCustomizer> (0x00000000ab64e380) thrown at [./src/hotspot/share/classfile/systemDictionary.cpp, line 230]
Event: 14.579 Thread 0x00000292d70df800 Exception <a 'java/lang/ClassNotFoundException'{0x00000000ab686518}: org/gradle/api/AntBuilderCustomizer> (0x00000000ab686518) thrown at [./src/hotspot/share/classfile/systemDictionary.cpp, line 230]
Event: 14.580 Thread 0x00000292d70df800 Exception <a 'java/lang/ClassNotFoundException'{0x00000000ab6cd3f8}: org/gradle/api/internal/project/ant/BasicAntBuilderCustomizer> (0x00000000ab6cd3f8) thrown at [./src/hotspot/share/classfile/systemDictionary.cpp, line 230]
Event: 14.582 Thread 0x00000292d70df800 Exception <a 'java/lang/ClassNotFoundException'{0x00000000ab51add0}: org/gradle/api/internal/project/DefaultAntBuilderCustomizer> (0x00000000ab51add0) thrown at [./src/hotspot/share/classfile/systemDictionary.cpp, line 230]

Events (20 events):
Event: 14.753 loading class org/gradle/tooling/internal/protocol/events/InternalTaskSuccessResult
Event: 14.753 loading class org/gradle/tooling/internal/protocol/events/InternalTaskSuccessResult done
Event: 14.754 loading class org/gradle/tooling/internal/protocol/events/InternalSuccessResult
Event: 14.754 loading class org/gradle/tooling/internal/protocol/events/InternalSuccessResult done
Event: 14.754 loading class org/gradle/tooling/internal/protocol/events/InternalTaskCachedResult
Event: 14.754 loading class org/gradle/tooling/internal/protocol/events/InternalTaskCachedResult done
Event: 14.755 loading class org/gradle/tooling/internal/protocol/events/InternalJavaCompileTaskOperationResult$InternalAnnotationProcessorResult
Event: 14.755 loading class org/gradle/tooling/internal/protocol/events/InternalJavaCompileTaskOperationResult$InternalAnnotationProcessorResult done
Event: 14.756 loading class org/gradle/tooling/internal/provider/runner/TaskOperationMapper
Event: 14.756 loading class org/gradle/tooling/internal/provider/runner/TaskOperationMapper done
Event: 14.758 loading class org/gradle/internal/build/event/types/DefaultTaskSkippedResult
Event: 14.758 loading class org/gradle/internal/build/event/types/DefaultTaskSkippedResult done
Event: 14.758 loading class org/gradle/tooling/internal/protocol/events/InternalTaskSkippedResult
Event: 14.758 loading class org/gradle/tooling/internal/protocol/events/InternalTaskSkippedResult done
Event: 14.759 loading class org/gradle/internal/build/event/types/DefaultTaskFailureResult
Event: 14.759 loading class org/gradle/internal/build/event/types/DefaultTaskFailureResult done
Event: 14.760 loading class org/gradle/tooling/internal/protocol/events/InternalTaskFailureResult
Event: 14.760 loading class org/gradle/tooling/internal/protocol/events/InternalTaskFailureResult done
Event: 14.761 loading class org/gradle/tooling/internal/protocol/events/InternalFailureResult
Event: 14.761 loading class org/gradle/tooling/internal/protocol/events/InternalFailureResult done


Dynamic libraries:
0x00007ff6dce90000 - 0x00007ff6dce9d000 	C:\Program Files\OpenJDK\openjdk-11.0.15_10\bin\java.exe
0x00007ffa307d0000 - 0x00007ffa309e4000 	C:\WINDOWS\SYSTEM32\ntdll.dll
0x00007ffa2fbf0000 - 0x00007ffa2fcb2000 	C:\WINDOWS\System32\KERNEL32.DLL
0x00007ffa2e240000 - 0x00007ffa2e5dc000 	C:\WINDOWS\System32\KERNELBASE.dll
0x00007ffa2dd50000 - 0x00007ffa2de61000 	C:\WINDOWS\System32\ucrtbase.dll
0x00007ffa0d3e0000 - 0x00007ffa0d3f8000 	C:\Program Files\OpenJDK\openjdk-11.0.15_10\bin\jli.dll
0x00007ffa0e9a0000 - 0x00007ffa0e9b6000 	C:\Program Files\OpenJDK\openjdk-11.0.15_10\bin\VCRUNTIME140.dll
0x00007ffa301c0000 - 0x00007ffa3036a000 	C:\WINDOWS\System32\USER32.dll
0x00007ffa2dd20000 - 0x00007ffa2dd46000 	C:\WINDOWS\System32\win32u.dll
0x00007ffa07910000 - 0x00007ffa07b9e000 	C:\WINDOWS\WinSxS\amd64_microsoft.windows.common-controls_6595b64144ccf1df_6.0.22621.436_none_a94247dbc10d8414\COMCTL32.dll
0x00007ffa2fa10000 - 0x00007ffa2fa39000 	C:\WINDOWS\System32\GDI32.dll
0x00007ffa2fa50000 - 0x00007ffa2faf7000 	C:\WINDOWS\System32\msvcrt.dll
0x00007ffa2e0a0000 - 0x00007ffa2e1b2000 	C:\WINDOWS\System32\gdi32full.dll
0x00007ffa2dc80000 - 0x00007ffa2dd1a000 	C:\WINDOWS\System32\msvcp_win.dll
0x00007ffa2fb00000 - 0x00007ffa2fb31000 	C:\WINDOWS\System32\IMM32.DLL
0x00007ff9dda60000 - 0x00007ff9ddb0a000 	C:\Program Files\OpenJDK\openjdk-11.0.15_10\bin\msvcp140.dll
0x00007ff98dc80000 - 0x00007ff98e7d1000 	C:\Program Files\OpenJDK\openjdk-11.0.15_10\bin\server\jvm.dll
0x00007ffa2fd20000 - 0x00007ffa2fdce000 	C:\WINDOWS\System32\ADVAPI32.dll
0x00007ffa2f910000 - 0x00007ffa2f9b4000 	C:\WINDOWS\System32\sechost.dll
0x00007ffa2ff80000 - 0x00007ffa30095000 	C:\WINDOWS\System32\RPCRT4.dll
0x00007ffa2fdd0000 - 0x00007ffa2fdd8000 	C:\WINDOWS\System32\PSAPI.DLL
0x00007ffa28c50000 - 0x00007ffa28c59000 	C:\WINDOWS\SYSTEM32\WSOCK32.dll
0x00007ffa2fde0000 - 0x00007ffa2fe51000 	C:\WINDOWS\System32\WS2_32.dll
0x00007ffa26870000 - 0x00007ffa268a4000 	C:\WINDOWS\SYSTEM32\WINMM.dll
0x00007ffa2c6f0000 - 0x00007ffa2c6fa000 	C:\WINDOWS\SYSTEM32\VERSION.dll
0x00007ffa2cc50000 - 0x00007ffa2cc68000 	C:\WINDOWS\SYSTEM32\kernel.appcore.dll
0x00007ffa0cd20000 - 0x00007ffa0cd31000 	C:\Program Files\OpenJDK\openjdk-11.0.15_10\bin\verify.dll
0x00007ffa2b6f0000 - 0x00007ffa2b91e000 	C:\WINDOWS\SYSTEM32\DBGHELP.DLL
0x00007ffa2f580000 - 0x00007ffa2f909000 	C:\WINDOWS\System32\combase.dll
0x00007ffa2eca0000 - 0x00007ffa2ed77000 	C:\WINDOWS\System32\OLEAUT32.dll
0x00007ffa167b0000 - 0x00007ffa167e2000 	C:\WINDOWS\SYSTEM32\dbgcore.DLL
0x00007ffa2e1c0000 - 0x00007ffa2e23b000 	C:\WINDOWS\System32\bcryptPrimitives.dll
0x00007ffa05910000 - 0x00007ffa05939000 	C:\Program Files\OpenJDK\openjdk-11.0.15_10\bin\java.dll
0x00007ffa11e00000 - 0x00007ffa11e0a000 	C:\Program Files\OpenJDK\openjdk-11.0.15_10\bin\jimage.dll
0x00007ffa056a0000 - 0x00007ffa056b8000 	C:\Program Files\OpenJDK\openjdk-11.0.15_10\bin\zip.dll
0x00007ffa2eda0000 - 0x00007ffa2f57d000 	C:\WINDOWS\System32\SHELL32.dll
0x00007ffa2bab0000 - 0x00007ffa2c366000 	C:\WINDOWS\SYSTEM32\windows.storage.dll
0x00007ffa2b970000 - 0x00007ffa2baad000 	C:\WINDOWS\SYSTEM32\wintypes.dll
0x00007ffa30690000 - 0x00007ffa30781000 	C:\WINDOWS\System32\SHCORE.dll
0x00007ffa30490000 - 0x00007ffa304ee000 	C:\WINDOWS\System32\shlwapi.dll
0x00007ffa2db40000 - 0x00007ffa2db61000 	C:\WINDOWS\SYSTEM32\profapi.dll
0x00007ffa04620000 - 0x00007ffa04639000 	C:\Program Files\OpenJDK\openjdk-11.0.15_10\bin\net.dll
0x00007ffa25300000 - 0x00007ffa2542f000 	C:\WINDOWS\SYSTEM32\WINHTTP.dll
0x00007ffa2d0a0000 - 0x00007ffa2d109000 	C:\WINDOWS\system32\mswsock.dll
0x00007ffa045f0000 - 0x00007ffa04603000 	C:\Program Files\OpenJDK\openjdk-11.0.15_10\bin\nio.dll
0x00007ffa05f60000 - 0x00007ffa05f87000 	C:\Users\salma\.gradle\native\e1d6ef7f7dcc3fd88c89a11ec53ec762bb8ba0a96d01ffa2cd45eb1d1d8dd5c5\windows-amd64\native-platform.dll
0x00007ff9dd540000 - 0x00007ff9dd684000 	C:\Users\salma\.gradle\native\0d407fdbe67a94daf76414ababcb853783967236a71b16ec16e742cd7a986fd3\windows-amd64\native-platform-file-events.dll
0x00007ffa11b10000 - 0x00007ffa11b19000 	C:\Program Files\OpenJDK\openjdk-11.0.15_10\bin\management.dll
0x00007ffa11680000 - 0x00007ffa1168c000 	C:\Program Files\OpenJDK\openjdk-11.0.15_10\bin\management_ext.dll
0x00007ffa2d4a0000 - 0x00007ffa2d4bb000 	C:\WINDOWS\SYSTEM32\CRYPTSP.dll
0x00007ffa2cbc0000 - 0x00007ffa2cbf5000 	C:\WINDOWS\system32\rsaenh.dll
0x00007ffa2d1b0000 - 0x00007ffa2d1d8000 	C:\WINDOWS\SYSTEM32\USERENV.dll
0x00007ffa2d5c0000 - 0x00007ffa2d5e8000 	C:\WINDOWS\SYSTEM32\bcrypt.dll
0x00007ffa2d480000 - 0x00007ffa2d48c000 	C:\WINDOWS\SYSTEM32\CRYPTBASE.dll
0x00007ffa2c5b0000 - 0x00007ffa2c5dd000 	C:\WINDOWS\SYSTEM32\IPHLPAPI.DLL
0x00007ffa2fbe0000 - 0x00007ffa2fbe9000 	C:\WINDOWS\System32\NSI.dll
0x00007ffa25450000 - 0x00007ffa25469000 	C:\WINDOWS\SYSTEM32\dhcpcsvc6.DLL
0x00007ffa25430000 - 0x00007ffa2544f000 	C:\WINDOWS\SYSTEM32\dhcpcsvc.DLL
0x00007ffa2c5e0000 - 0x00007ffa2c6d2000 	C:\WINDOWS\SYSTEM32\DNSAPI.dll

dbghelp: loaded successfully - version: 4.0.5 - missing functions: none
symbol engine: initialized successfully - sym options: 0x614 - pdb path: .;C:\Program Files\OpenJDK\openjdk-11.0.15_10\bin;C:\WINDOWS\SYSTEM32;C:\WINDOWS\WinSxS\amd64_microsoft.windows.common-controls_6595b64144ccf1df_6.0.22621.436_none_a94247dbc10d8414;C:\Program Files\OpenJDK\openjdk-11.0.15_10\bin\server;C:\Users\salma\.gradle\native\e1d6ef7f7dcc3fd88c89a11ec53ec762bb8ba0a96d01ffa2cd45eb1d1d8dd5c5\windows-amd64;C:\Users\salma\.gradle\native\0d407fdbe67a94daf76414ababcb853783967236a71b16ec16e742cd7a986fd3\windows-amd64

VM Arguments:
jvm_args: --add-opens=java.base/java.util=ALL-UNNAMED --add-opens=java.base/java.lang=ALL-UNNAMED --add-opens=java.base/java.lang.invoke=ALL-UNNAMED --add-opens=java.base/java.util=ALL-UNNAMED --add-opens=java.prefs/java.util.prefs=ALL-UNNAMED --add-opens=java.prefs/java.util.prefs=ALL-UNNAMED --add-opens=java.base/java.nio.charset=ALL-UNNAMED --add-opens=java.base/java.net=ALL-UNNAMED --add-opens=java.base/java.util.concurrent.atomic=ALL-UNNAMED -Xmx1536M -Dfile.encoding=windows-1252 -Duser.country=ZA -Duser.language=en -Duser.variant 
java_command: org.gradle.launcher.daemon.bootstrap.GradleDaemon 7.4
java_class_path (initial): C:\Users\salma\.gradle\wrapper\dists\gradle-7.4-all\aadb4xli5jkdsnukm30eibyiu\gradle-7.4\lib\gradle-launcher-7.4.jar
Launcher Type: SUN_STANDARD

[Global flags]
     intx CICompilerCount                          = 4                                         {product} {ergonomic}
     uint ConcGCThreads                            = 2                                         {product} {ergonomic}
     uint G1ConcRefinementThreads                  = 8                                         {product} {ergonomic}
   size_t G1HeapRegionSize                         = 1048576                                   {product} {ergonomic}
    uintx GCDrainStackTargetSize                   = 64                                        {product} {ergonomic}
   size_t InitialHeapSize                          = 266338304                                 {product} {ergonomic}
   size_t MarkStackSize                            = 4194304                                   {product} {ergonomic}
   size_t MaxHeapSize                              = 1610612736                                {product} {command line}
   size_t MaxNewSize                               = 965738496                                 {product} {ergonomic}
   size_t MinHeapDeltaBytes                        = 1048576                                   {product} {ergonomic}
    uintx NonNMethodCodeHeapSize                   = 5836300                                {pd product} {ergonomic}
    uintx NonProfiledCodeHeapSize                  = 122910970                              {pd product} {ergonomic}
    uintx ProfiledCodeHeapSize                     = 122910970                              {pd product} {ergonomic}
    uintx ReservedCodeCacheSize                    = 251658240                              {pd product} {ergonomic}
     bool SegmentedCodeCache                       = true                                      {product} {ergonomic}
     bool UseCompressedClassPointers               = true                                 {lp64_product} {ergonomic}
     bool UseCompressedOops                        = true                                 {lp64_product} {ergonomic}
     bool UseG1GC                                  = true                                      {product} {ergonomic}
     bool UseLargePagesIndividualAllocation        = false                                  {pd product} {ergonomic}

Logging:
Log output configuration:
 #0: stdout all=warning uptime,level,tags
 #1: stderr all=off uptime,level,tags

Environment Variables:
JAVA_HOME=C:\Program Files\OpenJDK\openjdk-11.0.15_10
CLASSPATH=C:\Users\salma\Desktop\e4app_new\endurance_fitness\android\\gradle\wrapper\gradle-wrapper.jar
PATH=C:\Users\salma\Anaconda3\condabin;C:\Program Files\Common Files\Oracle\Java\javapath;C:\Program Files (x86)\Embarcadero\Studio\20.0\bin;C:\Users\Public\Documents\Embarcadero\Studio\20.0\Bpl;C:\Program Files (x86)\Embarcadero\Studio\20.0\bin64;C:\Users\Public\Documents\Embarcadero\Studio\20.0\Bpl\Win64;C:\WINDOWS\system32;C:\WINDOWS;C:\WINDOWS\System32\Wbem;C:\WINDOWS\System32\WindowsPowerShell\v1.0\;C:\WINDOWS\System32\OpenSSH\;C:\Program Files\MATLAB\R2019b\runtime\win64;C:\Program Files\MATLAB\R2019b\bin;C:\Program Files\PuTTY\;C:\Program Files\nodejs\;C:\ProgramData\chocolatey\bin;C:\Program Files\OpenJDK\openjdk-11.0.15_10\bin;C:\Program Files\Wolfram Research\WolframScript\;C:\Program Files\Git\cmd;C:\Users\salma\AppData\Local\Pub\Cache\bin;C:\Users\salma\AppData\Local\Microsoft\WindowsApps;C:\Users\salma\AppData\Local\Programs\Microsoft VS Code\bin;C:\Users\salma\.dotnet\tools;C:\Users\salma\AppData\Local\Google\Cloud SDK\google-cloud-sdk\bin;C:\Users\salma\AppData\Local\Microsoft\WindowsApps;C:\src\flutter\bin;C:\Users\salma\AppData\Roaming\npm;C:\Users\salma\AppData\Local\Android\Sdk\platform-tools;C:\Users\salma\Anaconda3\;C:\Users\salma\AppData\Local\Packages\PythonSoftwareFoundation.Python.3.8_qbz5n2kfra8p0\LocalCache\local-packages\Python38\Scripts;C:\Users\salma\AppData\Local\GitHubDesktop\bin
USERNAME=salma
OS=Windows_NT
PROCESSOR_IDENTIFIER=Intel64 Family 6 Model 142 Stepping 12, GenuineIntel



---------------  S Y S T E M  ---------------

OS: Windows 11 , 64 bit Build 22621 (10.0.22621.598)
OS uptime: 1 days 23:02 hours
Hyper-V role detected

CPU:total 8 (initial active 8) (4 cores per cpu, 2 threads per core) family 6 model 142 stepping 12 microcode 0xf0, cmov, cx8, fxsr, mmx, sse, sse2, sse3, ssse3, sse4.1, sse4.2, popcnt, avx, avx2, aes, clmul, erms, 3dnowpref, lzcnt, ht, tsc, tscinvbit, bmi1, bmi2, adx, fma

Memory: 4k page, system-wide physical 16186M (1853M free)
TotalPageFile size 26559M (AvailPageFile size 77M)
current process WorkingSet (physical memory assigned to process): 428M, peak: 431M
current process commit charge ("private bytes"): 516M, peak: 519M

vm_info: OpenJDK 64-Bit Server VM (11.0.15+10) for windows-amd64 JRE (11.0.15+10), built on Apr 21 2022 21:29:46 by "tester" with MS VC++ 15.5 (VS2017)

END.
