#
# There is insufficient memory for the Java Runtime Environment to continue.
# Native memory allocation (malloc) failed to allocate 483216 bytes for Chunk::new
# Possible reasons:
#   The system is out of physical RAM or swap space
#   The process is running with CompressedOops enabled, and the Java Heap may be blocking the growth of the native heap
# Possible solutions:
#   Reduce memory load on the system
#   Increase physical memory or swap space
#   Check if swap backing store is full
#   Decrease Java heap size (-Xmx/-Xms)
#   Decrease number of Java threads
#   Decrease Java thread stack sizes (-Xss)
#   Set larger code cache with -XX:ReservedCodeCacheSize=
#   JVM is running with Unscaled Compressed Oops mode in which the Java heap is
#     placed in the first 4GB address space. The Java Heap base address is the
#     maximum limit for the native heap growth. Please use -XX:HeapBaseMinAddress
#     to set the Java Heap base and to place the Java Heap above 4GB virtual address.
# This output file may be truncated or incomplete.
#
#  Out of Memory Error (./src/hotspot/share/memory/arena.cpp:197), pid=22760, tid=21848
#
# JRE version: OpenJDK Runtime Environment 18.9 (11.0.15+10) (build 11.0.15+10)
# Java VM: OpenJDK 64-Bit Server VM 18.9 (11.0.15+10, mixed mode, tiered, compressed oops, g1 gc, windows-amd64)
# No core dump will be written. Minidumps are not enabled by default on client versions of Windows
#

---------------  S U M M A R Y ------------

Command Line: --add-opens=java.base/java.util=ALL-UNNAMED --add-opens=java.base/java.lang=ALL-UNNAMED --add-opens=java.base/java.lang.invoke=ALL-UNNAMED --add-opens=java.base/java.util=ALL-UNNAMED --add-opens=java.prefs/java.util.prefs=ALL-UNNAMED --add-opens=java.prefs/java.util.prefs=ALL-UNNAMED --add-opens=java.base/java.nio.charset=ALL-UNNAMED --add-opens=java.base/java.net=ALL-UNNAMED --add-opens=java.base/java.util.concurrent.atomic=ALL-UNNAMED -Xmx1536M -Dfile.encoding=windows-1252 -Duser.country=ZA -Duser.language=en -Duser.variant org.gradle.launcher.daemon.bootstrap.GradleDaemon 7.4

Host: Intel(R) Core(TM) i7-8565U CPU @ 1.80GHz, 8 cores, 15G,  Windows 11 , 64 bit Build 22621 (10.0.22621.598)
Time: Thu Oct  6 16:25:30 2022 South Africa Standard Time elapsed time: 28.917494 seconds (0d 0h 0m 28s)

---------------  T H R E A D  ---------------

Current thread (0x0000019beaa78000):  JavaThread "C2 CompilerThread0" daemon [_thread_in_native, id=21848, stack(0x0000006d8e000000,0x0000006d8e100000)]


Current CompileTask:
C2:  28917 12704   !   4       java.io.PrintStream::write (83 bytes)

Stack: [0x0000006d8e000000,0x0000006d8e100000]
Native frames: (J=compiled Java code, j=interpreted, Vv=VM code, C=native code)
V  [jvm.dll+0x64dd3a]
V  [jvm.dll+0x7906c9]
V  [jvm.dll+0x791d9c]
V  [jvm.dll+0x792463]
V  [jvm.dll+0x265048]
V  [jvm.dll+0xc9da1]
V  [jvm.dll+0xca35c]
V  [jvm.dll+0x37c167]
V  [jvm.dll+0x1b318f]
V  [jvm.dll+0x21e192]
V  [jvm.dll+0x21d25a]
V  [jvm.dll+0x19dd21]
V  [jvm.dll+0x22cc80]
V  [jvm.dll+0x22af81]
V  [jvm.dll+0x75254c]
V  [jvm.dll+0x74b12d]
V  [jvm.dll+0x64c8a6]
C  [ucrtbase.dll+0x29363]
C  [KERNEL32.DLL+0x1244d]
C  [ntdll.dll+0x5df78]


---------------  P R O C E S S  ---------------

Threads class SMR info:
_java_thread_list=0x0000019bf9b72d70, length=134, elements={
0x0000019bcc3bd800, 0x0000019beaa0c800, 0x0000019beaa0f000, 0x0000019beaa6e800,
0x0000019beaa71800, 0x0000019beaa74800, 0x0000019beaa78000, 0x0000019beaa79000,
0x0000019beaa7a000, 0x0000019beabe9000, 0x0000019bed4ca800, 0x0000019beadce800,
0x0000019bec0cf000, 0x0000019bed1c2800, 0x0000019bed1c3800, 0x0000019becec6800,
0x0000019becec7800, 0x0000019bed7d9000, 0x0000019bed7ec000, 0x0000019becc4c800,
0x0000019becc50000, 0x0000019becc4f000, 0x0000019becc4c000, 0x0000019becc4a800,
0x0000019becc4d800, 0x0000019becc51000, 0x0000019becc4b000, 0x0000019becc4e800,
0x0000019beead6000, 0x0000019beeada000, 0x0000019beead6800, 0x0000019beeadd000,
0x0000019beeadb000, 0x0000019beeade000, 0x0000019beeadb800, 0x0000019beead8800,
0x0000019beeadf000, 0x0000019beeadf800, 0x0000019beeae0800, 0x0000019beeae1800,
0x0000019beeae2000, 0x0000019beeae3000, 0x0000019beeae4000, 0x0000019beeae4800,
0x0000019beeb32800, 0x0000019beeb31000, 0x0000019beeb33800, 0x0000019beeb36000,
0x0000019beeb32000, 0x0000019beeb35000, 0x0000019beeb34800, 0x0000019beeb30800,
0x0000019beeb39800, 0x0000019beeb3a000, 0x0000019beeb3b000, 0x0000019beeb37800,
0x0000019beeb3b800, 0x0000019beeb38800, 0x0000019beeb3c800, 0x0000019beeb37000,
0x0000019beeb3d800, 0x0000019beeb3e000, 0x0000019beeb3f000, 0x0000019becf89000,
0x0000019becf8c000, 0x0000019becf89800, 0x0000019becf8d000, 0x0000019becf87800,
0x0000019becf8b800, 0x0000019becf88000, 0x0000019becf8e000, 0x0000019becf8e800,
0x0000019becf8f800, 0x0000019becf90800, 0x0000019becf8a800, 0x0000019becf94800,
0x0000019becf95000, 0x0000019becf96000, 0x0000019becf91000, 0x0000019becf92800,
0x0000019becf92000, 0x0000019becf93800, 0x0000019bf03a8000, 0x0000019bf03a3800,
0x0000019bf03a7800, 0x0000019bf03a9000, 0x0000019bf03a6000, 0x0000019bf03a6800,
0x0000019bf03aa000, 0x0000019bf03a4000, 0x0000019bf03aa800, 0x0000019bf03a5000,
0x0000019bf03af000, 0x0000019bf03b1000, 0x0000019bf03b0800, 0x0000019bf03ae000,
0x0000019bf03af800, 0x0000019bf03ab800, 0x0000019bf03b2000, 0x0000019bf03ad000,
0x0000019bf03ac800, 0x0000019becd54800, 0x0000019becd57800, 0x0000019becd58800,
0x0000019becd55800, 0x0000019becd56000, 0x0000019becd57000, 0x0000019becd59800,
0x0000019becd53800, 0x0000019becd5f000, 0x0000019becd5c000, 0x0000019becd5d800,
0x0000019becd5e800, 0x0000019becd5b000, 0x0000019becd60000, 0x0000019becd5a000,
0x0000019becd62800, 0x0000019becd61800, 0x0000019becd5c800, 0x0000019becd60800,
0x0000019bf22d9000, 0x0000019bf22d5000, 0x0000019bee390800, 0x0000019bf22d6800,
0x0000019bf22db800, 0x0000019bf22d6000, 0x0000019bf22da000, 0x0000019bf22da800,
0x0000019bf22d8800, 0x0000019bf22dc800, 0x0000019bf22dd000, 0x0000019bf22d7800,
0x0000019bf22e3800, 0x0000019beaa86000
}

Java Threads: ( => current thread )
  0x0000019bcc3bd800 JavaThread "main" [_thread_blocked, id=21992, stack(0x0000006d8d400000,0x0000006d8d500000)]
  0x0000019beaa0c800 JavaThread "Reference Handler" daemon [_thread_blocked, id=17720, stack(0x0000006d8db00000,0x0000006d8dc00000)]
  0x0000019beaa0f000 JavaThread "Finalizer" daemon [_thread_blocked, id=3452, stack(0x0000006d8dc00000,0x0000006d8dd00000)]
  0x0000019beaa6e800 JavaThread "Signal Dispatcher" daemon [_thread_blocked, id=15876, stack(0x0000006d8dd00000,0x0000006d8de00000)]
  0x0000019beaa71800 JavaThread "Attach Listener" daemon [_thread_blocked, id=8208, stack(0x0000006d8de00000,0x0000006d8df00000)]
  0x0000019beaa74800 JavaThread "Service Thread" daemon [_thread_blocked, id=5716, stack(0x0000006d8df00000,0x0000006d8e000000)]
=>0x0000019beaa78000 JavaThread "C2 CompilerThread0" daemon [_thread_in_native, id=21848, stack(0x0000006d8e000000,0x0000006d8e100000)]
  0x0000019beaa79000 JavaThread "C1 CompilerThread0" daemon [_thread_blocked, id=21132, stack(0x0000006d8e100000,0x0000006d8e200000)]
  0x0000019beaa7a000 JavaThread "Sweeper thread" daemon [_thread_blocked, id=19616, stack(0x0000006d8e200000,0x0000006d8e300000)]
  0x0000019beabe9000 JavaThread "Common-Cleaner" daemon [_thread_blocked, id=23872, stack(0x0000006d8e300000,0x0000006d8e400000)]
  0x0000019bed4ca800 JavaThread "Daemon health stats" [_thread_blocked, id=25428, stack(0x0000006d8ec00000,0x0000006d8ed00000)]
  0x0000019beadce800 JavaThread "Incoming local TCP Connector on port 54108" [_thread_in_native, id=16584, stack(0x0000006d8e500000,0x0000006d8e600000)]
  0x0000019bec0cf000 JavaThread "Daemon periodic checks" [_thread_blocked, id=4936, stack(0x0000006d8eb00000,0x0000006d8ec00000)]
  0x0000019bed1c2800 JavaThread "Daemon" [_thread_blocked, id=22172, stack(0x0000006d8ed00000,0x0000006d8ee00000)]
  0x0000019bed1c3800 JavaThread "Handler for socket connection from /127.0.0.1:54108 to /127.0.0.1:54109" [_thread_in_native, id=16452, stack(0x0000006d8ee00000,0x0000006d8ef00000)]
  0x0000019becec6800 JavaThread "Cancel handler" [_thread_blocked, id=23664, stack(0x0000006d8ef00000,0x0000006d8f000000)]
  0x0000019becec7800 JavaThread "Daemon worker" [_thread_blocked, id=4304, stack(0x0000006d8f000000,0x0000006d8f100000)]
  0x0000019bed7d9000 JavaThread "Asynchronous log dispatcher for DefaultDaemonConnection: socket connection from /127.0.0.1:54108 to /127.0.0.1:54109" [_thread_blocked, id=12144, stack(0x0000006d8f100000,0x0000006d8f200000)]
  0x0000019bed7ec000 JavaThread "Stdin handler" [_thread_blocked, id=26396, stack(0x0000006d8f200000,0x0000006d8f300000)]
  0x0000019becc4c800 JavaThread "Daemon client event forwarder" [_thread_blocked, id=19820, stack(0x0000006d8f300000,0x0000006d8f400000)]
  0x0000019becc50000 JavaThread "Cache worker for journal cache (C:\Users\salma\.gradle\caches\journal-1)" [_thread_blocked, id=24644, stack(0x0000006d8f700000,0x0000006d8f800000)]
  0x0000019becc4f000 JavaThread "File lock request listener" [_thread_in_native, id=18884, stack(0x0000006d8f800000,0x0000006d8f900000)]
  0x0000019becc4c000 JavaThread "Cache worker for file hash cache (C:\Users\salma\.gradle\caches\7.4\fileHashes)" [_thread_blocked, id=24384, stack(0x0000006d8f900000,0x0000006d8fa00000)]
  0x0000019becc4a800 JavaThread "File watcher server" daemon [_thread_in_native, id=19372, stack(0x0000006d8fb00000,0x0000006d8fc00000)]
  0x0000019becc4d800 JavaThread "File watcher consumer" daemon [_thread_blocked, id=7496, stack(0x0000006d8fc00000,0x0000006d8fd00000)]
  0x0000019becc51000 JavaThread "Cache worker for checksums cache (C:\Users\salma\Desktop\e4app_new\endurance_fitness\android\.gradle\7.4\checksums)" [_thread_blocked, id=15788, stack(0x0000006d8f400000,0x0000006d8f500000)]
  0x0000019becc4b000 JavaThread "Cache worker for cache directory md-rule (C:\Users\salma\.gradle\caches\7.4\md-rule)" [_thread_blocked, id=13684, stack(0x0000006d8fd00000,0x0000006d8fe00000)]
  0x0000019becc4e800 JavaThread "Cache worker for file hash cache (C:\Users\salma\Desktop\e4app_new\endurance_fitness\android\.gradle\7.4\fileHashes)" [_thread_blocked, id=10428, stack(0x0000006d8ff00000,0x0000006d90000000)]
  0x0000019beead6000 JavaThread "Cache worker for cache directory md-supplier (C:\Users\salma\.gradle\caches\7.4\md-supplier)" [_thread_blocked, id=20176, stack(0x0000006d90000000,0x0000006d90100000)]
  0x0000019beeada000 JavaThread "Cache worker for execution history cache (C:\Users\salma\.gradle\caches\7.4\executionHistory)" [_thread_blocked, id=24168, stack(0x0000006d90100000,0x0000006d90200000)]
  0x0000019beead6800 JavaThread "jar transforms" [_thread_blocked, id=20360, stack(0x0000006d90300000,0x0000006d90400000)]
  0x0000019beeadd000 JavaThread "jar transforms Thread 2" [_thread_blocked, id=4308, stack(0x0000006d90400000,0x0000006d90500000)]
  0x0000019beeadb000 JavaThread "Cache worker for file content cache (C:\Users\salma\.gradle\caches\7.4\fileContent)" [_thread_blocked, id=24352, stack(0x0000006d90500000,0x0000006d90600000)]
  0x0000019beeade000 JavaThread "jar transforms Thread 3" [_thread_blocked, id=24820, stack(0x0000006d90600000,0x0000006d90700000)]
  0x0000019beeadb800 JavaThread "jar transforms Thread 4" [_thread_blocked, id=15996, stack(0x0000006d90700000,0x0000006d90800000)]
  0x0000019beead8800 JavaThread "Cache worker for dependencies-accessors (C:\Users\salma\Desktop\e4app_new\endurance_fitness\android\.gradle\7.4\dependencies-accessors)" [_thread_blocked, id=20392, stack(0x0000006d90800000,0x0000006d90900000)]
  0x0000019beeadf000 JavaThread "jar transforms Thread 5" [_thread_blocked, id=7980, stack(0x0000006d90900000,0x0000006d90a00000)]
  0x0000019beeadf800 JavaThread "Cache worker for Build Output Cleanup Cache (C:\Users\salma\Desktop\e4app_new\endurance_fitness\android\.gradle\buildOutputCleanup)" [_thread_blocked, id=3564, stack(0x0000006d90a00000,0x0000006d90b00000)]
  0x0000019beeae0800 JavaThread "Unconstrained build operations" [_thread_blocked, id=16180, stack(0x0000006d90b00000,0x0000006d90c00000)]
  0x0000019beeae1800 JavaThread "Unconstrained build operations Thread 2" [_thread_blocked, id=4092, stack(0x0000006d90c00000,0x0000006d90d00000)]
  0x0000019beeae2000 JavaThread "Unconstrained build operations Thread 3" [_thread_blocked, id=19368, stack(0x0000006d90d00000,0x0000006d90e00000)]
  0x0000019beeae3000 JavaThread "Unconstrained build operations Thread 4" [_thread_blocked, id=26408, stack(0x0000006d90e00000,0x0000006d90f00000)]
  0x0000019beeae4000 JavaThread "Unconstrained build operations Thread 5" [_thread_blocked, id=19400, stack(0x0000006d90f00000,0x0000006d91000000)]
  0x0000019beeae4800 JavaThread "Unconstrained build operations Thread 6" [_thread_blocked, id=23972, stack(0x0000006d91000000,0x0000006d91100000)]
  0x0000019beeb32800 JavaThread "Unconstrained build operations Thread 7" [_thread_blocked, id=20852, stack(0x0000006d91100000,0x0000006d91200000)]
  0x0000019beeb31000 JavaThread "Unconstrained build operations Thread 8" [_thread_blocked, id=14320, stack(0x0000006d91200000,0x0000006d91300000)]
  0x0000019beeb33800 JavaThread "Unconstrained build operations Thread 9" [_thread_blocked, id=22704, stack(0x0000006d91300000,0x0000006d91400000)]
  0x0000019beeb36000 JavaThread "Unconstrained build operations Thread 10" [_thread_blocked, id=3392, stack(0x0000006d91400000,0x0000006d91500000)]
  0x0000019beeb32000 JavaThread "Unconstrained build operations Thread 11" [_thread_blocked, id=17688, stack(0x0000006d91500000,0x0000006d91600000)]
  0x0000019beeb35000 JavaThread "Unconstrained build operations Thread 12" [_thread_blocked, id=15900, stack(0x0000006d91600000,0x0000006d91700000)]
  0x0000019beeb34800 JavaThread "Unconstrained build operations Thread 13" [_thread_blocked, id=7312, stack(0x0000006d91700000,0x0000006d91800000)]
  0x0000019beeb30800 JavaThread "Unconstrained build operations Thread 14" [_thread_blocked, id=15532, stack(0x0000006d91800000,0x0000006d91900000)]
  0x0000019beeb39800 JavaThread "Unconstrained build operations Thread 15" [_thread_blocked, id=25420, stack(0x0000006d91900000,0x0000006d91a00000)]
  0x0000019beeb3a000 JavaThread "Unconstrained build operations Thread 16" [_thread_blocked, id=6416, stack(0x0000006d91a00000,0x0000006d91b00000)]
  0x0000019beeb3b000 JavaThread "Unconstrained build operations Thread 17" [_thread_blocked, id=12040, stack(0x0000006d91b00000,0x0000006d91c00000)]
  0x0000019beeb37800 JavaThread "Unconstrained build operations Thread 18" [_thread_blocked, id=15912, stack(0x0000006d91c00000,0x0000006d91d00000)]
  0x0000019beeb3b800 JavaThread "Unconstrained build operations Thread 19" [_thread_blocked, id=22540, stack(0x0000006d91d00000,0x0000006d91e00000)]
  0x0000019beeb38800 JavaThread "Unconstrained build operations Thread 20" [_thread_blocked, id=23168, stack(0x0000006d91e00000,0x0000006d91f00000)]
  0x0000019beeb3c800 JavaThread "Unconstrained build operations Thread 21" [_thread_blocked, id=4688, stack(0x0000006d91f00000,0x0000006d92000000)]
  0x0000019beeb37000 JavaThread "Unconstrained build operations Thread 22" [_thread_blocked, id=1984, stack(0x0000006d92000000,0x0000006d92100000)]
  0x0000019beeb3d800 JavaThread "Unconstrained build operations Thread 23" [_thread_blocked, id=3980, stack(0x0000006d92100000,0x0000006d92200000)]
  0x0000019beeb3e000 JavaThread "Unconstrained build operations Thread 24" [_thread_blocked, id=15480, stack(0x0000006d92200000,0x0000006d92300000)]
  0x0000019beeb3f000 JavaThread "Unconstrained build operations Thread 25" [_thread_blocked, id=25500, stack(0x0000006d92300000,0x0000006d92400000)]
  0x0000019becf89000 JavaThread "Unconstrained build operations Thread 26" [_thread_blocked, id=25020, stack(0x0000006d92400000,0x0000006d92500000)]
  0x0000019becf8c000 JavaThread "Unconstrained build operations Thread 27" [_thread_blocked, id=23360, stack(0x0000006d92500000,0x0000006d92600000)]
  0x0000019becf89800 JavaThread "Unconstrained build operations Thread 28" [_thread_blocked, id=10836, stack(0x0000006d92600000,0x0000006d92700000)]
  0x0000019becf8d000 JavaThread "Unconstrained build operations Thread 29" [_thread_blocked, id=15848, stack(0x0000006d92700000,0x0000006d92800000)]
  0x0000019becf87800 JavaThread "Unconstrained build operations Thread 30" [_thread_blocked, id=8024, stack(0x0000006d92800000,0x0000006d92900000)]
  0x0000019becf8b800 JavaThread "Unconstrained build operations Thread 31" [_thread_blocked, id=9644, stack(0x0000006d92900000,0x0000006d92a00000)]
  0x0000019becf88000 JavaThread "Unconstrained build operations Thread 32" [_thread_blocked, id=6108, stack(0x0000006d92a00000,0x0000006d92b00000)]
  0x0000019becf8e000 JavaThread "Unconstrained build operations Thread 33" [_thread_blocked, id=14532, stack(0x0000006d92b00000,0x0000006d92c00000)]
  0x0000019becf8e800 JavaThread "Unconstrained build operations Thread 34" [_thread_blocked, id=11692, stack(0x0000006d92c00000,0x0000006d92d00000)]
  0x0000019becf8f800 JavaThread "Unconstrained build operations Thread 35" [_thread_blocked, id=8936, stack(0x0000006d92d00000,0x0000006d92e00000)]
  0x0000019becf90800 JavaThread "Unconstrained build operations Thread 36" [_thread_blocked, id=6376, stack(0x0000006d92e00000,0x0000006d92f00000)]
  0x0000019becf8a800 JavaThread "Unconstrained build operations Thread 37" [_thread_blocked, id=21964, stack(0x0000006d92f00000,0x0000006d93000000)]
  0x0000019becf94800 JavaThread "Unconstrained build operations Thread 38" [_thread_blocked, id=20288, stack(0x0000006d93000000,0x0000006d93100000)]
  0x0000019becf95000 JavaThread "Unconstrained build operations Thread 39" [_thread_blocked, id=19572, stack(0x0000006d93100000,0x0000006d93200000)]
  0x0000019becf96000 JavaThread "Unconstrained build operations Thread 40" [_thread_blocked, id=3828, stack(0x0000006d93200000,0x0000006d93300000)]
  0x0000019becf91000 JavaThread "Unconstrained build operations Thread 41" [_thread_blocked, id=26372, stack(0x0000006d93300000,0x0000006d93400000)]
  0x0000019becf92800 JavaThread "Unconstrained build operations Thread 42" [_thread_blocked, id=22388, stack(0x0000006d93400000,0x0000006d93500000)]
  0x0000019becf92000 JavaThread "Unconstrained build operations Thread 43" [_thread_blocked, id=15364, stack(0x0000006d93500000,0x0000006d93600000)]
  0x0000019becf93800 JavaThread "Unconstrained build operations Thread 44" [_thread_blocked, id=18532, stack(0x0000006d93600000,0x0000006d93700000)]
  0x0000019bf03a8000 JavaThread "Unconstrained build operations Thread 45" [_thread_blocked, id=20664, stack(0x0000006d93700000,0x0000006d93800000)]
  0x0000019bf03a3800 JavaThread "Unconstrained build operations Thread 46" [_thread_blocked, id=18436, stack(0x0000006d93800000,0x0000006d93900000)]
  0x0000019bf03a7800 JavaThread "Unconstrained build operations Thread 47" [_thread_blocked, id=9428, stack(0x0000006d93900000,0x0000006d93a00000)]
  0x0000019bf03a9000 JavaThread "Unconstrained build operations Thread 48" [_thread_blocked, id=17240, stack(0x0000006d93a00000,0x0000006d93b00000)]
  0x0000019bf03a6000 JavaThread "Unconstrained build operations Thread 49" [_thread_blocked, id=5728, stack(0x0000006d93b00000,0x0000006d93c00000)]
  0x0000019bf03a6800 JavaThread "Unconstrained build operations Thread 50" [_thread_blocked, id=7952, stack(0x0000006d93c00000,0x0000006d93d00000)]
  0x0000019bf03aa000 JavaThread "Unconstrained build operations Thread 51" [_thread_blocked, id=25616, stack(0x0000006d93d00000,0x0000006d93e00000)]
  0x0000019bf03a4000 JavaThread "Unconstrained build operations Thread 52" [_thread_blocked, id=24212, stack(0x0000006d93e00000,0x0000006d93f00000)]
  0x0000019bf03aa800 JavaThread "Unconstrained build operations Thread 53" [_thread_blocked, id=10696, stack(0x0000006d93f00000,0x0000006d94000000)]
  0x0000019bf03a5000 JavaThread "Unconstrained build operations Thread 54" [_thread_blocked, id=1916, stack(0x0000006d94000000,0x0000006d94100000)]
  0x0000019bf03af000 JavaThread "Unconstrained build operations Thread 55" [_thread_blocked, id=19600, stack(0x0000006d94100000,0x0000006d94200000)]
  0x0000019bf03b1000 JavaThread "Unconstrained build operations Thread 56" [_thread_blocked, id=10340, stack(0x0000006d94200000,0x0000006d94300000)]
  0x0000019bf03b0800 JavaThread "Unconstrained build operations Thread 57" [_thread_blocked, id=2244, stack(0x0000006d94300000,0x0000006d94400000)]
  0x0000019bf03ae000 JavaThread "Unconstrained build operations Thread 58" [_thread_blocked, id=24784, stack(0x0000006d94400000,0x0000006d94500000)]
  0x0000019bf03af800 JavaThread "Unconstrained build operations Thread 59" [_thread_blocked, id=26176, stack(0x0000006d94500000,0x0000006d94600000)]
  0x0000019bf03ab800 JavaThread "Unconstrained build operations Thread 60" [_thread_blocked, id=15000, stack(0x0000006d94600000,0x0000006d94700000)]
  0x0000019bf03b2000 JavaThread "Unconstrained build operations Thread 61" [_thread_blocked, id=10880, stack(0x0000006d94700000,0x0000006d94800000)]
  0x0000019bf03ad000 JavaThread "Unconstrained build operations Thread 62" [_thread_blocked, id=9952, stack(0x0000006d94800000,0x0000006d94900000)]
  0x0000019bf03ac800 JavaThread "Unconstrained build operations Thread 63" [_thread_blocked, id=19628, stack(0x0000006d94900000,0x0000006d94a00000)]
  0x0000019becd54800 JavaThread "Unconstrained build operations Thread 64" [_thread_blocked, id=7756, stack(0x0000006d94a00000,0x0000006d94b00000)]
  0x0000019becd57800 JavaThread "Unconstrained build operations Thread 65" [_thread_blocked, id=13012, stack(0x0000006d94b00000,0x0000006d94c00000)]
  0x0000019becd58800 JavaThread "Unconstrained build operations Thread 66" [_thread_blocked, id=10600, stack(0x0000006d94c00000,0x0000006d94d00000)]
  0x0000019becd55800 JavaThread "Unconstrained build operations Thread 67" [_thread_blocked, id=24452, stack(0x0000006d94d00000,0x0000006d94e00000)]
  0x0000019becd56000 JavaThread "Unconstrained build operations Thread 68" [_thread_blocked, id=22140, stack(0x0000006d94e00000,0x0000006d94f00000)]
  0x0000019becd57000 JavaThread "Unconstrained build operations Thread 69" [_thread_blocked, id=17524, stack(0x0000006d94f00000,0x0000006d95000000)]
  0x0000019becd59800 JavaThread "Unconstrained build operations Thread 70" [_thread_blocked, id=18252, stack(0x0000006d95000000,0x0000006d95100000)]
  0x0000019becd53800 JavaThread "Unconstrained build operations Thread 71" [_thread_blocked, id=21372, stack(0x0000006d95100000,0x0000006d95200000)]
  0x0000019becd5f000 JavaThread "Unconstrained build operations Thread 72" [_thread_blocked, id=19640, stack(0x0000006d95200000,0x0000006d95300000)]
  0x0000019becd5c000 JavaThread "Unconstrained build operations Thread 73" [_thread_blocked, id=17120, stack(0x0000006d95300000,0x0000006d95400000)]
  0x0000019becd5d800 JavaThread "Unconstrained build operations Thread 74" [_thread_blocked, id=4880, stack(0x0000006d95400000,0x0000006d95500000)]
  0x0000019becd5e800 JavaThread "Unconstrained build operations Thread 75" [_thread_blocked, id=25864, stack(0x0000006d95500000,0x0000006d95600000)]
  0x0000019becd5b000 JavaThread "Unconstrained build operations Thread 76" [_thread_blocked, id=22360, stack(0x0000006d95600000,0x0000006d95700000)]
  0x0000019becd60000 JavaThread "Unconstrained build operations Thread 77" [_thread_blocked, id=14596, stack(0x0000006d95700000,0x0000006d95800000)]
  0x0000019becd5a000 JavaThread "Unconstrained build operations Thread 78" [_thread_blocked, id=15256, stack(0x0000006d95800000,0x0000006d95900000)]
  0x0000019becd62800 JavaThread "Unconstrained build operations Thread 79" [_thread_blocked, id=11956, stack(0x0000006d95900000,0x0000006d95a00000)]
  0x0000019becd61800 JavaThread "Unconstrained build operations Thread 80" [_thread_blocked, id=22236, stack(0x0000006d95a00000,0x0000006d95b00000)]
  0x0000019becd5c800 JavaThread "jar transforms Thread 6" [_thread_blocked, id=2740, stack(0x0000006d95b00000,0x0000006d95c00000)]
  0x0000019becd60800 JavaThread "jar transforms Thread 7" [_thread_blocked, id=8548, stack(0x0000006d95c00000,0x0000006d95d00000)]
  0x0000019bf22d9000 JavaThread "jar transforms Thread 8" [_thread_blocked, id=24944, stack(0x0000006d95d00000,0x0000006d95e00000)]
  0x0000019bf22d5000 JavaThread "Memory manager" [_thread_blocked, id=10588, stack(0x0000006d95e00000,0x0000006d95f00000)]
  0x0000019bee390800 JavaThread "C2 CompilerThread1" daemon [_thread_in_native, id=11964, stack(0x0000006d8fe00000,0x0000006d8ff00000)]
  0x0000019bf22d6800 JavaThread "build event listener" [_thread_blocked, id=26220, stack(0x0000006d95f00000,0x0000006d96000000)]
  0x0000019bf22db800 JavaThread "included builds" [_thread_blocked, id=22948, stack(0x0000006d96100000,0x0000006d96200000)]
  0x0000019bf22d6000 JavaThread "Execution worker for ':'" [_thread_in_vm, id=24144, stack(0x0000006d96200000,0x0000006d96300000)]
  0x0000019bf22da000 JavaThread "Execution worker for ':' Thread 2" [_thread_blocked, id=5136, stack(0x0000006d96300000,0x0000006d96400000)]
  0x0000019bf22da800 JavaThread "Execution worker for ':' Thread 3" [_thread_blocked, id=15832, stack(0x0000006d96400000,0x0000006d96500000)]
  0x0000019bf22d8800 JavaThread "Execution worker for ':' Thread 4" [_thread_blocked, id=12504, stack(0x0000006d96500000,0x0000006d96600000)]
  0x0000019bf22dc800 JavaThread "Execution worker for ':' Thread 5" [_thread_blocked, id=26252, stack(0x0000006d96600000,0x0000006d96700000)]
  0x0000019bf22dd000 JavaThread "Execution worker for ':' Thread 6" [_thread_blocked, id=21196, stack(0x0000006d96700000,0x0000006d96800000)]
  0x0000019bf22d7800 JavaThread "Execution worker for ':' Thread 7" [_thread_blocked, id=3300, stack(0x0000006d96800000,0x0000006d96900000)]
  0x0000019bf22e3800 JavaThread "Cache worker for execution history cache (C:\Users\salma\Desktop\e4app_new\endurance_fitness\android\.gradle\7.4\executionHistory)" [_thread_blocked, id=3388, stack(0x0000006d96900000,0x0000006d96a00000)]
  0x0000019beaa86000 JavaThread "C2 CompilerThread2" daemon [_thread_in_native, id=25516, stack(0x0000006d90200000,0x0000006d90300000)]

Other Threads:
  0x0000019bea9e2000 VMThread "VM Thread" [stack: 0x0000006d8da00000,0x0000006d8db00000] [id=26072]
  0x0000019beac0a000 WatcherThread [stack: 0x0000006d8e400000,0x0000006d8e500000] [id=18008]
  0x0000019bcc3d7800 GCTaskThread "GC Thread#0" [stack: 0x0000006d8d500000,0x0000006d8d600000] [id=24616]
  0x0000019beafdb000 GCTaskThread "GC Thread#1" [stack: 0x0000006d8e600000,0x0000006d8e700000] [id=22212]
  0x0000019beb590800 GCTaskThread "GC Thread#2" [stack: 0x0000006d8e700000,0x0000006d8e800000] [id=5772]
  0x0000019beb511000 GCTaskThread "GC Thread#3" [stack: 0x0000006d8e800000,0x0000006d8e900000] [id=16876]
  0x0000019beb626800 GCTaskThread "GC Thread#4" [stack: 0x0000006d8e900000,0x0000006d8ea00000] [id=11940]
  0x0000019beb81c800 GCTaskThread "GC Thread#5" [stack: 0x0000006d8ea00000,0x0000006d8eb00000] [id=9920]
  0x0000019beccd0800 GCTaskThread "GC Thread#6" [stack: 0x0000006d8f500000,0x0000006d8f600000] [id=23252]
  0x0000019bee08b000 GCTaskThread "GC Thread#7" [stack: 0x0000006d8f600000,0x0000006d8f700000] [id=18628]
  0x0000019bcc3ff800 ConcurrentGCThread "G1 Main Marker" [stack: 0x0000006d8d600000,0x0000006d8d700000] [id=23880]
  0x0000019bcc400800 ConcurrentGCThread "G1 Conc#0" [stack: 0x0000006d8d700000,0x0000006d8d800000] [id=8496]
  0x0000019bec041000 ConcurrentGCThread "G1 Conc#1" [stack: 0x0000006d8fa00000,0x0000006d8fb00000] [id=17392]
  0x0000019bcc48e000 ConcurrentGCThread "G1 Refine#0" [stack: 0x0000006d8d800000,0x0000006d8d900000] [id=15280]
  0x0000019bebde2000 ConcurrentGCThread "G1 Refine#1" [stack: 0x0000006d96000000,0x0000006d96100000] [id=14560]
  0x0000019bea04c800 ConcurrentGCThread "G1 Young RemSet Sampling" [stack: 0x0000006d8d900000,0x0000006d8da00000] [id=3652]

Threads with active compile tasks:
C2 CompilerThread0    28984 12704   !   4       java.io.PrintStream::write (83 bytes)
C1 CompilerThread0    28984 12787       3       org.gradle.api.internal.artifacts.ivyservice.resolveengine.graph.builder.PendingDependencies::turnIntoHardDependencies (55 bytes)
C2 CompilerThread1    28984 12776       4       org.gradle.api.internal.artifacts.configurations.DefaultConfiguration::notifyChildren (40 bytes)
C2 CompilerThread2    28984 12763       4       org.gradle.internal.component.external.model.ImmutableCapability::<init> (58 bytes)

VM state:not at safepoint (normal execution)

VM Mutex/Monitor currently owned by a thread: None

Heap address: 0x00000000a0000000, size: 1536 MB, Compressed Oops mode: 32-bit
Narrow klass base: 0x0000000000000000, Narrow klass shift: 3
Compressed class space size: 1073741824 Address: 0x0000000100000000

Heap:
 garbage-first heap   total 260096K, used 156230K [0x00000000a0000000, 0x0000000100000000)
  region size 1024K, 13 young (13312K), 8 survivors (8192K)
 Metaspace       used 89900K, capacity 94086K, committed 94472K, reserved 1130496K
  class space    used 11632K, capacity 12939K, committed 13056K, reserved 1048576K
Heap Regions: E=young(eden), S=young(survivor), O=old, HS=humongous(starts), HC=humongous(continues), CS=collection set, F=free, A=archive, TAMS=top-at-mark-start (previous, next)
|   0|0x00000000a0000000, 0x00000000a0100000, 0x00000000a0100000|100%| O|  |TAMS 0x00000000a0100000, 0x00000000a0000000| Untracked 
|   1|0x00000000a0100000, 0x00000000a0200000, 0x00000000a0200000|100%| O|  |TAMS 0x00000000a0200000, 0x00000000a0100000| Untracked 
|   2|0x00000000a0200000, 0x00000000a0300000, 0x00000000a0300000|100%| O|  |TAMS 0x00000000a0300000, 0x00000000a0200000| Untracked 
|   3|0x00000000a0300000, 0x00000000a0400000, 0x00000000a0400000|100%|HS|  |TAMS 0x00000000a0400000, 0x00000000a0300000| Complete 
|   4|0x00000000a0400000, 0x00000000a0500000, 0x00000000a0500000|100%|HC|  |TAMS 0x00000000a0500000, 0x00000000a0400000| Complete 
|   5|0x00000000a0500000, 0x00000000a0600000, 0x00000000a0600000|100%|HC|  |TAMS 0x00000000a0600000, 0x00000000a0500000| Complete 
|   6|0x00000000a0600000, 0x00000000a0700000, 0x00000000a0700000|100%| O|  |TAMS 0x00000000a0700000, 0x00000000a0600000| Untracked 
|   7|0x00000000a0700000, 0x00000000a0800000, 0x00000000a0800000|100%| O|  |TAMS 0x00000000a0800000, 0x00000000a0700000| Untracked 
|   8|0x00000000a0800000, 0x00000000a0900000, 0x00000000a0900000|100%| O|  |TAMS 0x00000000a0900000, 0x00000000a0800000| Untracked 
|   9|0x00000000a0900000, 0x00000000a0a00000, 0x00000000a0a00000|100%| O|  |TAMS 0x00000000a0a00000, 0x00000000a0900000| Untracked 
|  10|0x00000000a0a00000, 0x00000000a0b00000, 0x00000000a0b00000|100%| O|  |TAMS 0x00000000a0b00000, 0x00000000a0a00000| Untracked 
|  11|0x00000000a0b00000, 0x00000000a0c00000, 0x00000000a0c00000|100%| O|  |TAMS 0x00000000a0c00000, 0x00000000a0b00000| Untracked 
|  12|0x00000000a0c00000, 0x00000000a0d00000, 0x00000000a0d00000|100%| O|  |TAMS 0x00000000a0d00000, 0x00000000a0c00000| Untracked 
|  13|0x00000000a0d00000, 0x00000000a0e00000, 0x00000000a0e00000|100%|HS|  |TAMS 0x00000000a0e00000, 0x00000000a0d00000| Complete 
|  14|0x00000000a0e00000, 0x00000000a0f00000, 0x00000000a0f00000|100%|HS|  |TAMS 0x00000000a0f00000, 0x00000000a0e00000| Complete 
|  15|0x00000000a0f00000, 0x00000000a1000000, 0x00000000a1000000|100%|HS|  |TAMS 0x00000000a1000000, 0x00000000a0f00000| Complete 
|  16|0x00000000a1000000, 0x00000000a1100000, 0x00000000a1100000|100%|HS|  |TAMS 0x00000000a1100000, 0x00000000a1000000| Complete 
|  17|0x00000000a1100000, 0x00000000a1200000, 0x00000000a1200000|100%| O|  |TAMS 0x00000000a1200000, 0x00000000a1100000| Untracked 
|  18|0x00000000a1200000, 0x00000000a1300000, 0x00000000a1300000|100%| O|  |TAMS 0x00000000a1300000, 0x00000000a1200000| Untracked 
|  19|0x00000000a1300000, 0x00000000a1400000, 0x00000000a1400000|100%| O|  |TAMS 0x00000000a1400000, 0x00000000a1300000| Untracked 
|  20|0x00000000a1400000, 0x00000000a1500000, 0x00000000a1500000|100%| O|  |TAMS 0x00000000a1500000, 0x00000000a1400000| Untracked 
|  21|0x00000000a1500000, 0x00000000a1600000, 0x00000000a1600000|100%|HS|  |TAMS 0x00000000a1600000, 0x00000000a1500000| Complete 
|  22|0x00000000a1600000, 0x00000000a1700000, 0x00000000a1700000|100%|HC|  |TAMS 0x00000000a1700000, 0x00000000a1600000| Complete 
|  23|0x00000000a1700000, 0x00000000a1800000, 0x00000000a1800000|100%|HC|  |TAMS 0x00000000a1800000, 0x00000000a1700000| Complete 
|  24|0x00000000a1800000, 0x00000000a1900000, 0x00000000a1900000|100%|HS|  |TAMS 0x00000000a1900000, 0x00000000a1800000| Complete 
|  25|0x00000000a1900000, 0x00000000a1a00000, 0x00000000a1a00000|100%|HC|  |TAMS 0x00000000a1a00000, 0x00000000a1900000| Complete 
|  26|0x00000000a1a00000, 0x00000000a1b00000, 0x00000000a1b00000|100%| O|  |TAMS 0x00000000a1b00000, 0x00000000a1a00000| Untracked 
|  27|0x00000000a1b00000, 0x00000000a1c00000, 0x00000000a1c00000|100%| O|  |TAMS 0x00000000a1c00000, 0x00000000a1b00000| Untracked 
|  28|0x00000000a1c00000, 0x00000000a1d00000, 0x00000000a1d00000|100%| O|  |TAMS 0x00000000a1d00000, 0x00000000a1c00000| Untracked 
|  29|0x00000000a1d00000, 0x00000000a1e00000, 0x00000000a1e00000|100%| O|  |TAMS 0x00000000a1e00000, 0x00000000a1d00000| Untracked 
|  30|0x00000000a1e00000, 0x00000000a1f00000, 0x00000000a1f00000|100%| O|  |TAMS 0x00000000a1f00000, 0x00000000a1e00000| Untracked 
|  31|0x00000000a1f00000, 0x00000000a2000000, 0x00000000a2000000|100%| O|  |TAMS 0x00000000a2000000, 0x00000000a1f00000| Untracked 
|  32|0x00000000a2000000, 0x00000000a2100000, 0x00000000a2100000|100%| O|  |TAMS 0x00000000a2100000, 0x00000000a2000000| Untracked 
|  33|0x00000000a2100000, 0x00000000a2200000, 0x00000000a2200000|100%| O|  |TAMS 0x00000000a2200000, 0x00000000a2100000| Untracked 
|  34|0x00000000a2200000, 0x00000000a2300000, 0x00000000a2300000|100%| O|  |TAMS 0x00000000a2300000, 0x00000000a2200000| Untracked 
|  35|0x00000000a2300000, 0x00000000a2400000, 0x00000000a2400000|100%| O|  |TAMS 0x00000000a2400000, 0x00000000a2300000| Untracked 
|  36|0x00000000a2400000, 0x00000000a2500000, 0x00000000a2500000|100%| O|  |TAMS 0x00000000a2500000, 0x00000000a2400000| Untracked 
|  37|0x00000000a2500000, 0x00000000a2600000, 0x00000000a2600000|100%| O|  |TAMS 0x00000000a2600000, 0x00000000a2500000| Untracked 
|  38|0x00000000a2600000, 0x00000000a2700000, 0x00000000a2700000|100%| O|  |TAMS 0x00000000a2700000, 0x00000000a2600000| Untracked 
|  39|0x00000000a2700000, 0x00000000a2800000, 0x00000000a2800000|100%| O|  |TAMS 0x00000000a2800000, 0x00000000a2700000| Untracked 
|  40|0x00000000a2800000, 0x00000000a2900000, 0x00000000a2900000|100%| O|  |TAMS 0x00000000a2900000, 0x00000000a2800000| Untracked 
|  41|0x00000000a2900000, 0x00000000a2a00000, 0x00000000a2a00000|100%| O|  |TAMS 0x00000000a2a00000, 0x00000000a2900000| Untracked 
|  42|0x00000000a2a00000, 0x00000000a2b00000, 0x00000000a2b00000|100%| O|  |TAMS 0x00000000a2b00000, 0x00000000a2a00000| Untracked 
|  43|0x00000000a2b00000, 0x00000000a2c00000, 0x00000000a2c00000|100%| O|  |TAMS 0x00000000a2c00000, 0x00000000a2b00000| Untracked 
|  44|0x00000000a2c00000, 0x00000000a2d00000, 0x00000000a2d00000|100%| O|  |TAMS 0x00000000a2d00000, 0x00000000a2c00000| Untracked 
|  45|0x00000000a2d00000, 0x00000000a2e00000, 0x00000000a2e00000|100%| O|  |TAMS 0x00000000a2e00000, 0x00000000a2d00000| Untracked 
|  46|0x00000000a2e00000, 0x00000000a2f00000, 0x00000000a2f00000|100%| O|  |TAMS 0x00000000a2f00000, 0x00000000a2e00000| Untracked 
|  47|0x00000000a2f00000, 0x00000000a3000000, 0x00000000a3000000|100%| O|  |TAMS 0x00000000a3000000, 0x00000000a2f00000| Untracked 
|  48|0x00000000a3000000, 0x00000000a3100000, 0x00000000a3100000|100%| O|  |TAMS 0x00000000a3100000, 0x00000000a3000000| Untracked 
|  49|0x00000000a3100000, 0x00000000a3200000, 0x00000000a3200000|100%| O|  |TAMS 0x00000000a3200000, 0x00000000a3100000| Untracked 
|  50|0x00000000a3200000, 0x00000000a3300000, 0x00000000a3300000|100%|HS|  |TAMS 0x00000000a3300000, 0x00000000a3200000| Complete 
|  51|0x00000000a3300000, 0x00000000a3400000, 0x00000000a3400000|100%|HS|  |TAMS 0x00000000a3400000, 0x00000000a3300000| Complete 
|  52|0x00000000a3400000, 0x00000000a3500000, 0x00000000a3500000|100%|HC|  |TAMS 0x00000000a3500000, 0x00000000a3400000| Complete 
|  53|0x00000000a3500000, 0x00000000a3600000, 0x00000000a3600000|100%| O|  |TAMS 0x00000000a3600000, 0x00000000a3500000| Untracked 
|  54|0x00000000a3600000, 0x00000000a3700000, 0x00000000a3700000|100%| O|  |TAMS 0x00000000a3700000, 0x00000000a3600000| Untracked 
|  55|0x00000000a3700000, 0x00000000a3800000, 0x00000000a3800000|100%| O|  |TAMS 0x00000000a3800000, 0x00000000a3700000| Untracked 
|  56|0x00000000a3800000, 0x00000000a3900000, 0x00000000a3900000|100%| O|  |TAMS 0x00000000a3900000, 0x00000000a3800000| Untracked 
|  57|0x00000000a3900000, 0x00000000a3a00000, 0x00000000a3a00000|100%| O|  |TAMS 0x00000000a3a00000, 0x00000000a3900000| Untracked 
|  58|0x00000000a3a00000, 0x00000000a3b00000, 0x00000000a3b00000|100%| O|  |TAMS 0x00000000a3b00000, 0x00000000a3a00000| Untracked 
|  59|0x00000000a3b00000, 0x00000000a3c00000, 0x00000000a3c00000|100%| O|  |TAMS 0x00000000a3c00000, 0x00000000a3b00000| Untracked 
|  60|0x00000000a3c00000, 0x00000000a3d00000, 0x00000000a3d00000|100%| O|  |TAMS 0x00000000a3d00000, 0x00000000a3c00000| Untracked 
|  61|0x00000000a3d00000, 0x00000000a3e00000, 0x00000000a3e00000|100%| O|  |TAMS 0x00000000a3e00000, 0x00000000a3d00000| Untracked 
|  62|0x00000000a3e00000, 0x00000000a3f00000, 0x00000000a3f00000|100%| O|  |TAMS 0x00000000a3f00000, 0x00000000a3e00000| Untracked 
|  63|0x00000000a3f00000, 0x00000000a4000000, 0x00000000a4000000|100%| O|  |TAMS 0x00000000a4000000, 0x00000000a3f00000| Untracked 
|  64|0x00000000a4000000, 0x00000000a4100000, 0x00000000a4100000|100%| O|  |TAMS 0x00000000a4100000, 0x00000000a4000000| Untracked 
|  65|0x00000000a4100000, 0x00000000a4200000, 0x00000000a4200000|100%| O|  |TAMS 0x00000000a4200000, 0x00000000a4100000| Untracked 
|  66|0x00000000a4200000, 0x00000000a4300000, 0x00000000a4300000|100%| O|  |TAMS 0x00000000a4300000, 0x00000000a4200000| Untracked 
|  67|0x00000000a4300000, 0x00000000a4400000, 0x00000000a4400000|100%| O|  |TAMS 0x00000000a4400000, 0x00000000a4300000| Untracked 
|  68|0x00000000a4400000, 0x00000000a4500000, 0x00000000a4500000|100%| O|  |TAMS 0x00000000a4500000, 0x00000000a4400000| Untracked 
|  69|0x00000000a4500000, 0x00000000a4600000, 0x00000000a4600000|100%| O|  |TAMS 0x00000000a4600000, 0x00000000a4500000| Untracked 
|  70|0x00000000a4600000, 0x00000000a4700000, 0x00000000a4700000|100%| O|  |TAMS 0x00000000a4700000, 0x00000000a4600000| Untracked 
|  71|0x00000000a4700000, 0x00000000a4800000, 0x00000000a4800000|100%| O|  |TAMS 0x00000000a4800000, 0x00000000a4700000| Untracked 
|  72|0x00000000a4800000, 0x00000000a4900000, 0x00000000a4900000|100%|HS|  |TAMS 0x00000000a4900000, 0x00000000a4800000| Complete 
|  73|0x00000000a4900000, 0x00000000a4a00000, 0x00000000a4a00000|100%|HS|  |TAMS 0x00000000a4a00000, 0x00000000a4900000| Complete 
|  74|0x00000000a4a00000, 0x00000000a4b00000, 0x00000000a4b00000|100%| O|  |TAMS 0x00000000a4b00000, 0x00000000a4a00000| Untracked 
|  75|0x00000000a4b00000, 0x00000000a4c00000, 0x00000000a4c00000|100%| O|  |TAMS 0x00000000a4c00000, 0x00000000a4b00000| Untracked 
|  76|0x00000000a4c00000, 0x00000000a4d00000, 0x00000000a4d00000|100%| O|  |TAMS 0x00000000a4d00000, 0x00000000a4c00000| Untracked 
|  77|0x00000000a4d00000, 0x00000000a4e00000, 0x00000000a4e00000|100%| O|  |TAMS 0x00000000a4e00000, 0x00000000a4d00000| Untracked 
|  78|0x00000000a4e00000, 0x00000000a4f00000, 0x00000000a4f00000|100%| O|  |TAMS 0x00000000a4f00000, 0x00000000a4e00000| Untracked 
|  79|0x00000000a4f00000, 0x00000000a5000000, 0x00000000a5000000|100%| O|  |TAMS 0x00000000a5000000, 0x00000000a4f00000| Untracked 
|  80|0x00000000a5000000, 0x00000000a5100000, 0x00000000a5100000|100%| O|  |TAMS 0x00000000a5100000, 0x00000000a5000000| Untracked 
|  81|0x00000000a5100000, 0x00000000a5200000, 0x00000000a5200000|100%| O|  |TAMS 0x00000000a5200000, 0x00000000a5100000| Untracked 
|  82|0x00000000a5200000, 0x00000000a5300000, 0x00000000a5300000|100%| O|  |TAMS 0x00000000a5300000, 0x00000000a5200000| Untracked 
|  83|0x00000000a5300000, 0x00000000a5400000, 0x00000000a5400000|100%| O|  |TAMS 0x00000000a5400000, 0x00000000a5300000| Untracked 
|  84|0x00000000a5400000, 0x00000000a5500000, 0x00000000a5500000|100%|HS|  |TAMS 0x00000000a5500000, 0x00000000a5400000| Complete 
|  85|0x00000000a5500000, 0x00000000a5600000, 0x00000000a5600000|100%|HS|  |TAMS 0x00000000a5600000, 0x00000000a5500000| Complete 
|  86|0x00000000a5600000, 0x00000000a5700000, 0x00000000a5700000|100%|HS|  |TAMS 0x00000000a5700000, 0x00000000a5600000| Complete 
|  87|0x00000000a5700000, 0x00000000a5800000, 0x00000000a5800000|100%|HS|  |TAMS 0x00000000a5800000, 0x00000000a5700000| Complete 
|  88|0x00000000a5800000, 0x00000000a5900000, 0x00000000a5900000|100%|HC|  |TAMS 0x00000000a5900000, 0x00000000a5800000| Complete 
|  89|0x00000000a5900000, 0x00000000a5a00000, 0x00000000a5a00000|100%|HC|  |TAMS 0x00000000a5a00000, 0x00000000a5900000| Complete 
|  90|0x00000000a5a00000, 0x00000000a5b00000, 0x00000000a5b00000|100%| O|  |TAMS 0x00000000a5b00000, 0x00000000a5a00000| Untracked 
|  91|0x00000000a5b00000, 0x00000000a5c00000, 0x00000000a5c00000|100%| O|  |TAMS 0x00000000a5c00000, 0x00000000a5b00000| Untracked 
|  92|0x00000000a5c00000, 0x00000000a5d00000, 0x00000000a5d00000|100%| O|  |TAMS 0x00000000a5d00000, 0x00000000a5c00000| Untracked 
|  93|0x00000000a5d00000, 0x00000000a5e00000, 0x00000000a5e00000|100%| O|  |TAMS 0x00000000a5e00000, 0x00000000a5d00000| Untracked 
|  94|0x00000000a5e00000, 0x00000000a5f00000, 0x00000000a5f00000|100%| O|  |TAMS 0x00000000a5f00000, 0x00000000a5e00000| Untracked 
|  95|0x00000000a5f00000, 0x00000000a6000000, 0x00000000a6000000|100%| O|  |TAMS 0x00000000a6000000, 0x00000000a5f00000| Untracked 
|  96|0x00000000a6000000, 0x00000000a6100000, 0x00000000a6100000|100%| O|  |TAMS 0x00000000a6100000, 0x00000000a6000000| Untracked 
|  97|0x00000000a6100000, 0x00000000a6200000, 0x00000000a6200000|100%| O|  |TAMS 0x00000000a6200000, 0x00000000a6100000| Untracked 
|  98|0x00000000a6200000, 0x00000000a6300000, 0x00000000a6300000|100%| O|  |TAMS 0x00000000a6300000, 0x00000000a6200000| Untracked 
|  99|0x00000000a6300000, 0x00000000a6400000, 0x00000000a6400000|100%| O|  |TAMS 0x00000000a6400000, 0x00000000a6300000| Untracked 
| 100|0x00000000a6400000, 0x00000000a6500000, 0x00000000a6500000|100%| O|  |TAMS 0x00000000a6500000, 0x00000000a6400000| Untracked 
| 101|0x00000000a6500000, 0x00000000a6600000, 0x00000000a6600000|100%| O|  |TAMS 0x00000000a6600000, 0x00000000a6500000| Untracked 
| 102|0x00000000a6600000, 0x00000000a6700000, 0x00000000a6700000|100%| O|  |TAMS 0x00000000a6700000, 0x00000000a6600000| Untracked 
| 103|0x00000000a6700000, 0x00000000a6800000, 0x00000000a6800000|100%| O|  |TAMS 0x00000000a6800000, 0x00000000a6700000| Untracked 
| 104|0x00000000a6800000, 0x00000000a6900000, 0x00000000a6900000|100%| O|  |TAMS 0x00000000a6900000, 0x00000000a6800000| Untracked 
| 105|0x00000000a6900000, 0x00000000a6a00000, 0x00000000a6a00000|100%| O|  |TAMS 0x00000000a6a00000, 0x00000000a6900000| Untracked 
| 106|0x00000000a6a00000, 0x00000000a6b00000, 0x00000000a6b00000|100%| O|  |TAMS 0x00000000a6b00000, 0x00000000a6a00000| Untracked 
| 107|0x00000000a6b00000, 0x00000000a6c00000, 0x00000000a6c00000|100%| O|  |TAMS 0x00000000a6c00000, 0x00000000a6b00000| Untracked 
| 108|0x00000000a6c00000, 0x00000000a6d00000, 0x00000000a6d00000|100%| O|  |TAMS 0x00000000a6d00000, 0x00000000a6c00000| Untracked 
| 109|0x00000000a6d00000, 0x00000000a6e00000, 0x00000000a6e00000|100%| O|  |TAMS 0x00000000a6e00000, 0x00000000a6d00000| Untracked 
| 110|0x00000000a6e00000, 0x00000000a6f00000, 0x00000000a6f00000|100%| O|  |TAMS 0x00000000a6f00000, 0x00000000a6e00000| Untracked 
| 111|0x00000000a6f00000, 0x00000000a7000000, 0x00000000a7000000|100%| O|  |TAMS 0x00000000a7000000, 0x00000000a6f00000| Untracked 
| 112|0x00000000a7000000, 0x00000000a7100000, 0x00000000a7100000|100%| O|  |TAMS 0x00000000a7100000, 0x00000000a7000000| Untracked 
| 113|0x00000000a7100000, 0x00000000a7200000, 0x00000000a7200000|100%| O|  |TAMS 0x00000000a7200000, 0x00000000a7100000| Untracked 
| 114|0x00000000a7200000, 0x00000000a7300000, 0x00000000a7300000|100%| O|  |TAMS 0x00000000a7300000, 0x00000000a7200000| Untracked 
| 115|0x00000000a7300000, 0x00000000a7400000, 0x00000000a7400000|100%| O|  |TAMS 0x00000000a7400000, 0x00000000a7300000| Untracked 
| 116|0x00000000a7400000, 0x00000000a7500000, 0x00000000a7500000|100%| O|  |TAMS 0x00000000a7500000, 0x00000000a7400000| Untracked 
| 117|0x00000000a7500000, 0x00000000a7600000, 0x00000000a7600000|100%| O|  |TAMS 0x00000000a7600000, 0x00000000a7500000| Untracked 
| 118|0x00000000a7600000, 0x00000000a7700000, 0x00000000a7700000|100%| O|  |TAMS 0x00000000a7700000, 0x00000000a7600000| Untracked 
| 119|0x00000000a7700000, 0x00000000a7800000, 0x00000000a7800000|100%| O|  |TAMS 0x00000000a7800000, 0x00000000a7700000| Untracked 
| 120|0x00000000a7800000, 0x00000000a7900000, 0x00000000a7900000|100%| O|  |TAMS 0x00000000a7900000, 0x00000000a7800000| Untracked 
| 121|0x00000000a7900000, 0x00000000a7a00000, 0x00000000a7a00000|100%| O|  |TAMS 0x00000000a7a00000, 0x00000000a7900000| Untracked 
| 122|0x00000000a7a00000, 0x00000000a7b00000, 0x00000000a7b00000|100%| O|  |TAMS 0x00000000a7b00000, 0x00000000a7a00000| Untracked 
| 123|0x00000000a7b00000, 0x00000000a7c00000, 0x00000000a7c00000|100%| O|  |TAMS 0x00000000a7c00000, 0x00000000a7b00000| Untracked 
| 124|0x00000000a7c00000, 0x00000000a7d00000, 0x00000000a7d00000|100%| O|  |TAMS 0x00000000a7d00000, 0x00000000a7c00000| Untracked 
| 125|0x00000000a7d00000, 0x00000000a7e00000, 0x00000000a7e00000|100%| O|  |TAMS 0x00000000a7e00000, 0x00000000a7d00000| Untracked 
| 126|0x00000000a7e00000, 0x00000000a7f00000, 0x00000000a7f00000|100%| O|  |TAMS 0x00000000a7f00000, 0x00000000a7e00000| Untracked 
| 127|0x00000000a7f00000, 0x00000000a8000000, 0x00000000a8000000|100%| O|  |TAMS 0x00000000a8000000, 0x00000000a7f00000| Untracked 
| 128|0x00000000a8000000, 0x00000000a8100000, 0x00000000a8100000|100%| O|  |TAMS 0x00000000a8100000, 0x00000000a8000000| Untracked 
| 129|0x00000000a8100000, 0x00000000a8200000, 0x00000000a8200000|100%| O|  |TAMS 0x00000000a8200000, 0x00000000a8100000| Untracked 
| 130|0x00000000a8200000, 0x00000000a8300000, 0x00000000a8300000|100%| O|  |TAMS 0x00000000a8300000, 0x00000000a8200000| Untracked 
| 131|0x00000000a8300000, 0x00000000a8400000, 0x00000000a8400000|100%| O|  |TAMS 0x00000000a838b000, 0x00000000a8300000| Untracked 
| 132|0x00000000a8400000, 0x00000000a8500000, 0x00000000a8500000|100%| O|  |TAMS 0x00000000a8400000, 0x00000000a8400000| Untracked 
| 133|0x00000000a8500000, 0x00000000a8600000, 0x00000000a8600000|100%| O|  |TAMS 0x00000000a8500000, 0x00000000a8500000| Untracked 
| 134|0x00000000a8600000, 0x00000000a8700000, 0x00000000a8700000|100%| O|  |TAMS 0x00000000a8600000, 0x00000000a8600000| Untracked 
| 135|0x00000000a8700000, 0x00000000a8800000, 0x00000000a8800000|100%| O|  |TAMS 0x00000000a8700000, 0x00000000a8700000| Untracked 
| 136|0x00000000a8800000, 0x00000000a8900000, 0x00000000a8900000|100%| O|  |TAMS 0x00000000a8800000, 0x00000000a8800000| Untracked 
| 137|0x00000000a8900000, 0x00000000a8a00000, 0x00000000a8a00000|100%| O|  |TAMS 0x00000000a8900000, 0x00000000a8900000| Untracked 
| 138|0x00000000a8a00000, 0x00000000a8b00000, 0x00000000a8b00000|100%| O|  |TAMS 0x00000000a8a00000, 0x00000000a8a00000| Untracked 
| 139|0x00000000a8b00000, 0x00000000a8c00000, 0x00000000a8c00000|100%| O|  |TAMS 0x00000000a8b00000, 0x00000000a8b00000| Untracked 
| 140|0x00000000a8c00000, 0x00000000a8cb3000, 0x00000000a8d00000| 69%| O|  |TAMS 0x00000000a8c00000, 0x00000000a8c00000| Untracked 
| 141|0x00000000a8d00000, 0x00000000a8d00000, 0x00000000a8e00000|  0%| F|  |TAMS 0x00000000a8d00000, 0x00000000a8d00000| Untracked 
| 142|0x00000000a8e00000, 0x00000000a8e00000, 0x00000000a8f00000|  0%| F|  |TAMS 0x00000000a8e00000, 0x00000000a8e00000| Untracked 
| 143|0x00000000a8f00000, 0x00000000a8f00000, 0x00000000a9000000|  0%| F|  |TAMS 0x00000000a8f00000, 0x00000000a8f00000| Untracked 
| 144|0x00000000a9000000, 0x00000000a9000000, 0x00000000a9100000|  0%| F|  |TAMS 0x00000000a9000000, 0x00000000a9000000| Untracked 
| 145|0x00000000a9100000, 0x00000000a9100000, 0x00000000a9200000|  0%| F|  |TAMS 0x00000000a9100000, 0x00000000a9100000| Untracked 
| 146|0x00000000a9200000, 0x00000000a9200000, 0x00000000a9300000|  0%| F|  |TAMS 0x00000000a9200000, 0x00000000a9200000| Untracked 
| 147|0x00000000a9300000, 0x00000000a9300000, 0x00000000a9400000|  0%| F|  |TAMS 0x00000000a9300000, 0x00000000a9300000| Untracked 
| 148|0x00000000a9400000, 0x00000000a9400000, 0x00000000a9500000|  0%| F|  |TAMS 0x00000000a9400000, 0x00000000a9400000| Untracked 
| 149|0x00000000a9500000, 0x00000000a9500000, 0x00000000a9600000|  0%| F|  |TAMS 0x00000000a9500000, 0x00000000a9500000| Untracked 
| 150|0x00000000a9600000, 0x00000000a9600000, 0x00000000a9700000|  0%| F|  |TAMS 0x00000000a9600000, 0x00000000a9600000| Untracked 
| 151|0x00000000a9700000, 0x00000000a9700000, 0x00000000a9800000|  0%| F|  |TAMS 0x00000000a9700000, 0x00000000a9700000| Untracked 
| 152|0x00000000a9800000, 0x00000000a9800000, 0x00000000a9900000|  0%| F|  |TAMS 0x00000000a9800000, 0x00000000a9800000| Untracked 
| 153|0x00000000a9900000, 0x00000000a9900000, 0x00000000a9a00000|  0%| F|  |TAMS 0x00000000a9900000, 0x00000000a9900000| Untracked 
| 154|0x00000000a9a00000, 0x00000000a9a00000, 0x00000000a9b00000|  0%| F|  |TAMS 0x00000000a9a00000, 0x00000000a9a00000| Untracked 
| 155|0x00000000a9b00000, 0x00000000a9b00000, 0x00000000a9c00000|  0%| F|  |TAMS 0x00000000a9b00000, 0x00000000a9b00000| Untracked 
| 156|0x00000000a9c00000, 0x00000000a9c00000, 0x00000000a9d00000|  0%| F|  |TAMS 0x00000000a9c00000, 0x00000000a9c00000| Untracked 
| 157|0x00000000a9d00000, 0x00000000a9d00000, 0x00000000a9e00000|  0%| F|  |TAMS 0x00000000a9d00000, 0x00000000a9d00000| Untracked 
| 158|0x00000000a9e00000, 0x00000000a9e00000, 0x00000000a9f00000|  0%| F|  |TAMS 0x00000000a9e00000, 0x00000000a9e00000| Untracked 
| 159|0x00000000a9f00000, 0x00000000a9f00000, 0x00000000aa000000|  0%| F|  |TAMS 0x00000000a9f00000, 0x00000000a9f00000| Untracked 
| 160|0x00000000aa000000, 0x00000000aa000000, 0x00000000aa100000|  0%| F|  |TAMS 0x00000000aa000000, 0x00000000aa000000| Untracked 
| 161|0x00000000aa100000, 0x00000000aa100000, 0x00000000aa200000|  0%| F|  |TAMS 0x00000000aa100000, 0x00000000aa100000| Untracked 
| 162|0x00000000aa200000, 0x00000000aa200000, 0x00000000aa300000|  0%| F|  |TAMS 0x00000000aa200000, 0x00000000aa200000| Untracked 
| 163|0x00000000aa300000, 0x00000000aa300000, 0x00000000aa400000|  0%| F|  |TAMS 0x00000000aa300000, 0x00000000aa300000| Untracked 
| 164|0x00000000aa400000, 0x00000000aa400000, 0x00000000aa500000|  0%| F|  |TAMS 0x00000000aa400000, 0x00000000aa400000| Untracked 
| 165|0x00000000aa500000, 0x00000000aa500000, 0x00000000aa600000|  0%| F|  |TAMS 0x00000000aa500000, 0x00000000aa500000| Untracked 
| 166|0x00000000aa600000, 0x00000000aa600000, 0x00000000aa700000|  0%| F|  |TAMS 0x00000000aa600000, 0x00000000aa600000| Untracked 
| 167|0x00000000aa700000, 0x00000000aa700000, 0x00000000aa800000|  0%| F|  |TAMS 0x00000000aa700000, 0x00000000aa700000| Untracked 
| 168|0x00000000aa800000, 0x00000000aa800000, 0x00000000aa900000|  0%| F|  |TAMS 0x00000000aa800000, 0x00000000aa800000| Untracked 
| 169|0x00000000aa900000, 0x00000000aa900000, 0x00000000aaa00000|  0%| F|  |TAMS 0x00000000aa900000, 0x00000000aa900000| Untracked 
| 170|0x00000000aaa00000, 0x00000000aaa00000, 0x00000000aab00000|  0%| F|  |TAMS 0x00000000aaa00000, 0x00000000aaa00000| Untracked 
| 171|0x00000000aab00000, 0x00000000aab00000, 0x00000000aac00000|  0%| F|  |TAMS 0x00000000aab00000, 0x00000000aab00000| Untracked 
| 172|0x00000000aac00000, 0x00000000aac00000, 0x00000000aad00000|  0%| F|  |TAMS 0x00000000aac00000, 0x00000000aac00000| Untracked 
| 173|0x00000000aad00000, 0x00000000aad00000, 0x00000000aae00000|  0%| F|  |TAMS 0x00000000aad00000, 0x00000000aad00000| Untracked 
| 174|0x00000000aae00000, 0x00000000aae00000, 0x00000000aaf00000|  0%| F|  |TAMS 0x00000000aae00000, 0x00000000aae00000| Untracked 
| 175|0x00000000aaf00000, 0x00000000aaf00000, 0x00000000ab000000|  0%| F|  |TAMS 0x00000000aaf00000, 0x00000000aaf00000| Untracked 
| 176|0x00000000ab000000, 0x00000000ab000000, 0x00000000ab100000|  0%| F|  |TAMS 0x00000000ab000000, 0x00000000ab000000| Untracked 
| 177|0x00000000ab100000, 0x00000000ab100000, 0x00000000ab200000|  0%| F|  |TAMS 0x00000000ab100000, 0x00000000ab100000| Untracked 
| 178|0x00000000ab200000, 0x00000000ab200000, 0x00000000ab300000|  0%| F|  |TAMS 0x00000000ab200000, 0x00000000ab200000| Untracked 
| 179|0x00000000ab300000, 0x00000000ab300000, 0x00000000ab400000|  0%| F|  |TAMS 0x00000000ab300000, 0x00000000ab300000| Untracked 
| 180|0x00000000ab400000, 0x00000000ab400000, 0x00000000ab500000|  0%| F|  |TAMS 0x00000000ab400000, 0x00000000ab400000| Untracked 
| 181|0x00000000ab500000, 0x00000000ab500000, 0x00000000ab600000|  0%| F|  |TAMS 0x00000000ab500000, 0x00000000ab500000| Untracked 
| 182|0x00000000ab600000, 0x00000000ab600000, 0x00000000ab700000|  0%| F|  |TAMS 0x00000000ab600000, 0x00000000ab600000| Untracked 
| 183|0x00000000ab700000, 0x00000000ab700000, 0x00000000ab800000|  0%| F|  |TAMS 0x00000000ab700000, 0x00000000ab700000| Untracked 
| 184|0x00000000ab800000, 0x00000000ab800000, 0x00000000ab900000|  0%| F|  |TAMS 0x00000000ab800000, 0x00000000ab800000| Untracked 
| 185|0x00000000ab900000, 0x00000000ab900000, 0x00000000aba00000|  0%| F|  |TAMS 0x00000000ab900000, 0x00000000ab900000| Untracked 
| 186|0x00000000aba00000, 0x00000000aba00000, 0x00000000abb00000|  0%| F|  |TAMS 0x00000000aba00000, 0x00000000aba00000| Untracked 
| 187|0x00000000abb00000, 0x00000000abbdea20, 0x00000000abc00000| 86%| S|CS|TAMS 0x00000000abb00000, 0x00000000abb00000| Complete 
| 188|0x00000000abc00000, 0x00000000abd00000, 0x00000000abd00000|100%| S|CS|TAMS 0x00000000abc00000, 0x00000000abc00000| Complete 
| 189|0x00000000abd00000, 0x00000000abe00000, 0x00000000abe00000|100%| S|CS|TAMS 0x00000000abd00000, 0x00000000abd00000| Complete 
| 190|0x00000000abe00000, 0x00000000abf00000, 0x00000000abf00000|100%| S|CS|TAMS 0x00000000abe00000, 0x00000000abe00000| Complete 
| 191|0x00000000abf00000, 0x00000000ac000000, 0x00000000ac000000|100%| S|CS|TAMS 0x00000000abf00000, 0x00000000abf00000| Complete 
| 192|0x00000000ac000000, 0x00000000ac100000, 0x00000000ac100000|100%| S|CS|TAMS 0x00000000ac000000, 0x00000000ac000000| Complete 
| 193|0x00000000ac100000, 0x00000000ac200000, 0x00000000ac200000|100%| S|CS|TAMS 0x00000000ac100000, 0x00000000ac100000| Complete 
| 194|0x00000000ac200000, 0x00000000ac300000, 0x00000000ac300000|100%| S|CS|TAMS 0x00000000ac200000, 0x00000000ac200000| Complete 
| 195|0x00000000ac300000, 0x00000000ac300000, 0x00000000ac400000|  0%| F|  |TAMS 0x00000000ac300000, 0x00000000ac300000| Untracked 
| 196|0x00000000ac400000, 0x00000000ac400000, 0x00000000ac500000|  0%| F|  |TAMS 0x00000000ac400000, 0x00000000ac400000| Untracked 
| 197|0x00000000ac500000, 0x00000000ac500000, 0x00000000ac600000|  0%| F|  |TAMS 0x00000000ac500000, 0x00000000ac500000| Untracked 
| 198|0x00000000ac600000, 0x00000000ac600000, 0x00000000ac700000|  0%| F|  |TAMS 0x00000000ac600000, 0x00000000ac600000| Untracked 
| 199|0x00000000ac700000, 0x00000000ac700000, 0x00000000ac800000|  0%| F|  |TAMS 0x00000000ac700000, 0x00000000ac700000| Untracked 
| 200|0x00000000ac800000, 0x00000000ac800000, 0x00000000ac900000|  0%| F|  |TAMS 0x00000000ac800000, 0x00000000ac800000| Untracked 
| 201|0x00000000ac900000, 0x00000000ac900000, 0x00000000aca00000|  0%| F|  |TAMS 0x00000000ac900000, 0x00000000ac900000| Untracked 
| 202|0x00000000aca00000, 0x00000000aca00000, 0x00000000acb00000|  0%| F|  |TAMS 0x00000000aca00000, 0x00000000aca00000| Untracked 
| 203|0x00000000acb00000, 0x00000000acb00000, 0x00000000acc00000|  0%| F|  |TAMS 0x00000000acb00000, 0x00000000acb00000| Untracked 
| 204|0x00000000acc00000, 0x00000000acc00000, 0x00000000acd00000|  0%| F|  |TAMS 0x00000000acc00000, 0x00000000acc00000| Untracked 
| 205|0x00000000acd00000, 0x00000000acd00000, 0x00000000ace00000|  0%| F|  |TAMS 0x00000000acd00000, 0x00000000acd00000| Untracked 
| 206|0x00000000ace00000, 0x00000000ace00000, 0x00000000acf00000|  0%| F|  |TAMS 0x00000000ace00000, 0x00000000ace00000| Untracked 
| 207|0x00000000acf00000, 0x00000000acf00000, 0x00000000ad000000|  0%| F|  |TAMS 0x00000000acf00000, 0x00000000acf00000| Untracked 
| 208|0x00000000ad000000, 0x00000000ad000000, 0x00000000ad100000|  0%| F|  |TAMS 0x00000000ad000000, 0x00000000ad000000| Untracked 
| 209|0x00000000ad100000, 0x00000000ad100000, 0x00000000ad200000|  0%| F|  |TAMS 0x00000000ad100000, 0x00000000ad100000| Untracked 
| 210|0x00000000ad200000, 0x00000000ad200000, 0x00000000ad300000|  0%| F|  |TAMS 0x00000000ad200000, 0x00000000ad200000| Untracked 
| 211|0x00000000ad300000, 0x00000000ad300000, 0x00000000ad400000|  0%| F|  |TAMS 0x00000000ad300000, 0x00000000ad300000| Untracked 
| 212|0x00000000ad400000, 0x00000000ad400000, 0x00000000ad500000|  0%| F|  |TAMS 0x00000000ad400000, 0x00000000ad400000| Untracked 
| 213|0x00000000ad500000, 0x00000000ad500000, 0x00000000ad600000|  0%| F|  |TAMS 0x00000000ad500000, 0x00000000ad500000| Untracked 
| 214|0x00000000ad600000, 0x00000000ad600000, 0x00000000ad700000|  0%| F|  |TAMS 0x00000000ad600000, 0x00000000ad600000| Untracked 
| 215|0x00000000ad700000, 0x00000000ad700000, 0x00000000ad800000|  0%| F|  |TAMS 0x00000000ad700000, 0x00000000ad700000| Untracked 
| 216|0x00000000ad800000, 0x00000000ad800000, 0x00000000ad900000|  0%| F|  |TAMS 0x00000000ad800000, 0x00000000ad800000| Untracked 
| 217|0x00000000ad900000, 0x00000000ad900000, 0x00000000ada00000|  0%| F|  |TAMS 0x00000000ad900000, 0x00000000ad900000| Untracked 
| 218|0x00000000ada00000, 0x00000000ada00000, 0x00000000adb00000|  0%| F|  |TAMS 0x00000000ada00000, 0x00000000ada00000| Untracked 
| 219|0x00000000adb00000, 0x00000000adb00000, 0x00000000adc00000|  0%| F|  |TAMS 0x00000000adb00000, 0x00000000adb00000| Untracked 
| 220|0x00000000adc00000, 0x00000000adc00000, 0x00000000add00000|  0%| F|  |TAMS 0x00000000adc00000, 0x00000000adc00000| Untracked 
| 221|0x00000000add00000, 0x00000000add00000, 0x00000000ade00000|  0%| F|  |TAMS 0x00000000add00000, 0x00000000add00000| Untracked 
| 222|0x00000000ade00000, 0x00000000ade00000, 0x00000000adf00000|  0%| F|  |TAMS 0x00000000ade00000, 0x00000000ade00000| Untracked 
| 223|0x00000000adf00000, 0x00000000adf00000, 0x00000000ae000000|  0%| F|  |TAMS 0x00000000adf00000, 0x00000000adf00000| Untracked 
| 224|0x00000000ae000000, 0x00000000ae000000, 0x00000000ae100000|  0%| F|  |TAMS 0x00000000ae000000, 0x00000000ae000000| Untracked 
| 225|0x00000000ae100000, 0x00000000ae100000, 0x00000000ae200000|  0%| F|  |TAMS 0x00000000ae100000, 0x00000000ae100000| Untracked 
| 226|0x00000000ae200000, 0x00000000ae200000, 0x00000000ae300000|  0%| F|  |TAMS 0x00000000ae200000, 0x00000000ae200000| Untracked 
| 227|0x00000000ae300000, 0x00000000ae300000, 0x00000000ae400000|  0%| F|  |TAMS 0x00000000ae300000, 0x00000000ae300000| Untracked 
| 228|0x00000000ae400000, 0x00000000ae400000, 0x00000000ae500000|  0%| F|  |TAMS 0x00000000ae400000, 0x00000000ae400000| Untracked 
| 229|0x00000000ae500000, 0x00000000ae500000, 0x00000000ae600000|  0%| F|  |TAMS 0x00000000ae500000, 0x00000000ae500000| Untracked 
| 230|0x00000000ae600000, 0x00000000ae600000, 0x00000000ae700000|  0%| F|  |TAMS 0x00000000ae600000, 0x00000000ae600000| Untracked 
| 231|0x00000000ae700000, 0x00000000ae700000, 0x00000000ae800000|  0%| F|  |TAMS 0x00000000ae700000, 0x00000000ae700000| Untracked 
| 232|0x00000000ae800000, 0x00000000ae800000, 0x00000000ae900000|  0%| F|  |TAMS 0x00000000ae800000, 0x00000000ae800000| Untracked 
| 233|0x00000000ae900000, 0x00000000ae900000, 0x00000000aea00000|  0%| F|  |TAMS 0x00000000ae900000, 0x00000000ae900000| Untracked 
| 234|0x00000000aea00000, 0x00000000aea00000, 0x00000000aeb00000|  0%| F|  |TAMS 0x00000000aea00000, 0x00000000aea00000| Untracked 
| 235|0x00000000aeb00000, 0x00000000aeb00000, 0x00000000aec00000|  0%| F|  |TAMS 0x00000000aeb00000, 0x00000000aeb00000| Untracked 
| 236|0x00000000aec00000, 0x00000000aec00000, 0x00000000aed00000|  0%| F|  |TAMS 0x00000000aec00000, 0x00000000aec00000| Untracked 
| 237|0x00000000aed00000, 0x00000000aed00000, 0x00000000aee00000|  0%| F|  |TAMS 0x00000000aed00000, 0x00000000aed00000| Untracked 
| 238|0x00000000aee00000, 0x00000000aee00000, 0x00000000aef00000|  0%| F|  |TAMS 0x00000000aee00000, 0x00000000aee00000| Untracked 
| 239|0x00000000aef00000, 0x00000000aef00000, 0x00000000af000000|  0%| F|  |TAMS 0x00000000aef00000, 0x00000000aef00000| Untracked 
| 240|0x00000000af000000, 0x00000000af000000, 0x00000000af100000|  0%| F|  |TAMS 0x00000000af000000, 0x00000000af000000| Untracked 
| 241|0x00000000af100000, 0x00000000af100000, 0x00000000af200000|  0%| F|  |TAMS 0x00000000af100000, 0x00000000af100000| Untracked 
| 242|0x00000000af200000, 0x00000000af200000, 0x00000000af300000|  0%| F|  |TAMS 0x00000000af200000, 0x00000000af200000| Untracked 
| 243|0x00000000af300000, 0x00000000af300000, 0x00000000af400000|  0%| F|  |TAMS 0x00000000af300000, 0x00000000af300000| Untracked 
| 244|0x00000000af400000, 0x00000000af400000, 0x00000000af500000|  0%| F|  |TAMS 0x00000000af400000, 0x00000000af400000| Untracked 
| 245|0x00000000af500000, 0x00000000af500000, 0x00000000af600000|  0%| F|  |TAMS 0x00000000af500000, 0x00000000af500000| Untracked 
| 246|0x00000000af600000, 0x00000000af600000, 0x00000000af700000|  0%| F|  |TAMS 0x00000000af600000, 0x00000000af600000| Untracked 
| 247|0x00000000af700000, 0x00000000af700000, 0x00000000af800000|  0%| F|  |TAMS 0x00000000af700000, 0x00000000af700000| Untracked 
| 248|0x00000000af800000, 0x00000000af880800, 0x00000000af900000| 50%| E|  |TAMS 0x00000000af800000, 0x00000000af800000| Complete 
| 249|0x00000000af900000, 0x00000000afa00000, 0x00000000afa00000|100%| E|CS|TAMS 0x00000000af900000, 0x00000000af900000| Complete 
| 250|0x00000000afa00000, 0x00000000afb00000, 0x00000000afb00000|100%| E|CS|TAMS 0x00000000afa00000, 0x00000000afa00000| Complete 
| 251|0x00000000afb00000, 0x00000000afc00000, 0x00000000afc00000|100%| E|CS|TAMS 0x00000000afb00000, 0x00000000afb00000| Complete 
| 252|0x00000000afc00000, 0x00000000afd00000, 0x00000000afd00000|100%| E|CS|TAMS 0x00000000afc00000, 0x00000000afc00000| Complete 
| 253|0x00000000afd00000, 0x00000000afe00000, 0x00000000afe00000|100%| E|CS|TAMS 0x00000000afd00000, 0x00000000afd00000| Complete 

Card table byte_map: [0x0000019be4140000,0x0000019be4440000] _byte_map_base: 0x0000019be3c40000

Marking Bits (Prev, Next): (CMBitMap*) 0x0000019bcc3f8748, (CMBitMap*) 0x0000019bcc3f8780
 Prev Bits: [0x0000019be4740000, 0x0000019be5f40000)
 Next Bits: [0x0000019be5f40000, 0x0000019be7740000)

Polling page: 0x0000019bca3d0000

Metaspace:

Usage:
  Non-class:     79.25 MB capacity,    76.43 MB ( 96%) used,     2.55 MB (  3%) free+waste,   272.06 KB ( <1%) overhead. 
      Class:     12.64 MB capacity,    11.36 MB ( 90%) used,     1.15 MB (  9%) free+waste,   127.56 KB ( <1%) overhead. 
       Both:     91.88 MB capacity,    87.79 MB ( 96%) used,     3.70 MB (  4%) free+waste,   399.63 KB ( <1%) overhead. 

Virtual space:
  Non-class space:       80.00 MB reserved,      79.51 MB (>99%) committed 
      Class space:        1.00 GB reserved,      12.75 MB (  1%) committed 
             Both:        1.08 GB reserved,      92.26 MB (  8%) committed 

Chunk freelists:
   Non-Class:  77.00 KB
       Class:  53.00 KB
        Both:  130.00 KB

MaxMetaspaceSize: 17179869184.00 GB
CompressedClassSpaceSize: 1.00 GB
Initial GC threshold: 20.80 MB
Current GC threshold: 152.93 MB
CDS: off

CodeHeap 'non-profiled nmethods': size=120000Kb used=8580Kb max_used=8580Kb free=111419Kb
 bounds [0x0000019bdc5e0000, 0x0000019bdce50000, 0x0000019be3b10000]
CodeHeap 'profiled nmethods': size=120000Kb used=27748Kb max_used=27748Kb free=92251Kb
 bounds [0x0000019bd50b0000, 0x0000019bd6bd0000, 0x0000019bdc5e0000]
CodeHeap 'non-nmethods': size=5760Kb used=2364Kb max_used=2433Kb free=3395Kb
 bounds [0x0000019bd4b10000, 0x0000019bd4d80000, 0x0000019bd50b0000]
 total_blobs=13460 nmethods=12577 adapters=795
 compilation: enabled
              stopped_count=0, restarted_count=0
 full_count=0

Compilation events (20 events):
Event: 28.875 Thread 0x0000019beaa79000 12749       3       java.lang.Exception::<init> (5 bytes)
Event: 28.876 Thread 0x0000019beaa79000 nmethod 12749 0x0000019bd6bb6390 code [0x0000019bd6bb6560, 0x0000019bd6bb6908]
Event: 28.882 Thread 0x0000019beaa79000 12752       3       org.gradle.api.internal.artifacts.ivyservice.resolveengine.graph.builder.ModuleResolveState::removeSelector (96 bytes)
Event: 28.883 Thread 0x0000019beaa79000 nmethod 12752 0x0000019bd6bb6a10 code [0x0000019bd6bb6c80, 0x0000019bd6bb7788]
Event: 28.883 Thread 0x0000019beaa79000 12753 %     3       org.gradle.api.internal.artifacts.ivyservice.ivyresolve.RepositoryChainComponentMetaDataResolver::resolveModule @ 44 (277 bytes)
Event: 28.884 Thread 0x0000019beaa86000 nmethod 12708 0x0000019bdce37c10 code [0x0000019bdce37e20, 0x0000019bdce393f8]
Event: 28.884 Thread 0x0000019beaa86000 12748       4       org.gradle.internal.component.model.ComponentAttributeMatcher$CachedQuery::computeHashCode (65 bytes)
Event: 28.888 Thread 0x0000019beaa79000 nmethod 12753% 0x0000019bd6bb7b90 code [0x0000019bd6bb8160, 0x0000019bd6bbb8c8]
Event: 28.888 Thread 0x0000019beaa79000 12751       3       org.gradle.api.internal.artifacts.ivyservice.resolveengine.graph.builder.SelectorState::removeAndMarkSelectorForReuse (15 bytes)
Event: 28.889 Thread 0x0000019beaa79000 nmethod 12751 0x0000019bd6bbca90 code [0x0000019bd6bbcc40, 0x0000019bd6bbcda8]
Event: 28.889 Thread 0x0000019beaa79000 12755       1       org.gradle.api.internal.artifacts.ivyservice.resolveengine.strict.StrictVersionConstraints$1::isEmpty (2 bytes)
Event: 28.889 Thread 0x0000019beaa79000 nmethod 12755 0x0000019bdce3a610 code [0x0000019bdce3a7c0, 0x0000019bdce3a878]
Event: 28.889 Thread 0x0000019beaa79000 12754       3       org.gradle.api.internal.DefaultDomainObjectSet::filtered (10 bytes)
Event: 28.890 Thread 0x0000019beaa79000 nmethod 12754 0x0000019bd6bbce90 code [0x0000019bd6bbd0c0, 0x0000019bd6bbd9b8]
Event: 28.890 Thread 0x0000019beaa79000 12756       1       org.gradle.api.internal.artifacts.dependencies.AbstractExternalModuleDependency::isForce (5 bytes)
Event: 28.890 Thread 0x0000019beaa79000 nmethod 12756 0x0000019bdce3a910 code [0x0000019bdce3aac0, 0x0000019bdce3ab78]
Event: 28.890 Thread 0x0000019beaa79000 12757       1       org.gradle.api.internal.artifacts.dependencies.AbstractExternalModuleDependency::isChanging (5 bytes)
Event: 28.890 Thread 0x0000019beaa79000 nmethod 12757 0x0000019bdce3ac10 code [0x0000019bdce3adc0, 0x0000019bdce3ae78]
Event: 28.890 Thread 0x0000019beaa79000 12758       3       org.gradle.internal.component.external.model.AbstractVariantBackedConfigurationMetadata::getExcludes (4 bytes)
Event: 28.891 Thread 0x0000019beaa79000 nmethod 12758 0x0000019bd6bbdd10 code [0x0000019bd6bbdec0, 0x0000019bd6bbe018]

GC Heap History (20 events):
Event: 9.254 GC heap after
{Heap after GC invocations=9 (full 0):
 garbage-first heap   total 260096K, used 31232K [0x00000000a0000000, 0x0000000100000000)
  region size 1024K, 15 young (15360K), 15 survivors (15360K)
 Metaspace       used 45142K, capacity 46191K, committed 46416K, reserved 1089536K
  class space    used 5686K, capacity 6056K, committed 6144K, reserved 1048576K
}
Event: 12.286 GC heap before
{Heap before GC invocations=9 (full 0):
 garbage-first heap   total 260096K, used 179712K [0x00000000a0000000, 0x0000000100000000)
  region size 1024K, 152 young (155648K), 15 survivors (15360K)
 Metaspace       used 54675K, capacity 56220K, committed 56400K, reserved 1097728K
  class space    used 6846K, capacity 7384K, committed 7424K, reserved 1048576K
}
Event: 12.305 GC heap after
{Heap after GC invocations=10 (full 0):
 garbage-first heap   total 260096K, used 51186K [0x00000000a0000000, 0x0000000100000000)
  region size 1024K, 19 young (19456K), 19 survivors (19456K)
 Metaspace       used 54675K, capacity 56220K, committed 56400K, reserved 1097728K
  class space    used 6846K, capacity 7384K, committed 7424K, reserved 1048576K
}
Event: 13.237 GC heap before
{Heap before GC invocations=10 (full 0):
 garbage-first heap   total 260096K, used 79858K [0x00000000a0000000, 0x0000000100000000)
  region size 1024K, 48 young (49152K), 19 survivors (19456K)
 Metaspace       used 58524K, capacity 60098K, committed 60296K, reserved 1101824K
  class space    used 7348K, capacity 7950K, committed 8064K, reserved 1048576K
}
Event: 13.267 GC heap after
{Heap after GC invocations=11 (full 0):
 garbage-first heap   total 260096K, used 54183K [0x00000000a0000000, 0x0000000100000000)
  region size 1024K, 3 young (3072K), 3 survivors (3072K)
 Metaspace       used 58524K, capacity 60098K, committed 60296K, reserved 1101824K
  class space    used 7348K, capacity 7950K, committed 8064K, reserved 1048576K
}
Event: 15.897 GC heap before
{Heap before GC invocations=12 (full 0):
 garbage-first heap   total 260096K, used 163751K [0x00000000a0000000, 0x0000000100000000)
  region size 1024K, 110 young (112640K), 3 survivors (3072K)
 Metaspace       used 67162K, capacity 68900K, committed 69000K, reserved 1110016K
  class space    used 8418K, capacity 9013K, committed 9088K, reserved 1048576K
}
Event: 15.908 GC heap after
{Heap after GC invocations=13 (full 0):
 garbage-first heap   total 260096K, used 59303K [0x00000000a0000000, 0x0000000100000000)
  region size 1024K, 8 young (8192K), 8 survivors (8192K)
 Metaspace       used 67162K, capacity 68900K, committed 69000K, reserved 1110016K
  class space    used 8418K, capacity 9013K, committed 9088K, reserved 1048576K
}
Event: 17.295 GC heap before
{Heap before GC invocations=13 (full 0):
 garbage-first heap   total 260096K, used 175015K [0x00000000a0000000, 0x0000000100000000)
  region size 1024K, 119 young (121856K), 8 survivors (8192K)
 Metaspace       used 68824K, capacity 70844K, committed 71048K, reserved 1112064K
  class space    used 8635K, capacity 9315K, committed 9344K, reserved 1048576K
}
Event: 17.312 GC heap after
{Heap after GC invocations=14 (full 0):
 garbage-first heap   total 260096K, used 73009K [0x00000000a0000000, 0x0000000100000000)
  region size 1024K, 15 young (15360K), 15 survivors (15360K)
 Metaspace       used 68824K, capacity 70844K, committed 71048K, reserved 1112064K
  class space    used 8635K, capacity 9315K, committed 9344K, reserved 1048576K
}
Event: 19.365 GC heap before
{Heap before GC invocations=14 (full 0):
 garbage-first heap   total 260096K, used 181553K [0x00000000a0000000, 0x0000000100000000)
  region size 1024K, 121 young (123904K), 15 survivors (15360K)
 Metaspace       used 75882K, capacity 77965K, committed 78216K, reserved 1118208K
  class space    used 9774K, capacity 10525K, committed 10624K, reserved 1048576K
}
Event: 19.386 GC heap after
{Heap after GC invocations=15 (full 0):
 garbage-first heap   total 260096K, used 81959K [0x00000000a0000000, 0x0000000100000000)
  region size 1024K, 9 young (9216K), 9 survivors (9216K)
 Metaspace       used 75882K, capacity 77965K, committed 78216K, reserved 1118208K
  class space    used 9774K, capacity 10525K, committed 10624K, reserved 1048576K
}
Event: 21.492 GC heap before
{Heap before GC invocations=15 (full 0):
 garbage-first heap   total 260096K, used 190503K [0x00000000a0000000, 0x0000000100000000)
  region size 1024K, 114 young (116736K), 9 survivors (9216K)
 Metaspace       used 79549K, capacity 82709K, committed 82952K, reserved 1122304K
  class space    used 10263K, capacity 11245K, committed 11264K, reserved 1048576K
}
Event: 21.512 GC heap after
{Heap after GC invocations=16 (full 0):
 garbage-first heap   total 260096K, used 100841K [0x00000000a0000000, 0x0000000100000000)
  region size 1024K, 15 young (15360K), 15 survivors (15360K)
 Metaspace       used 79549K, capacity 82709K, committed 82952K, reserved 1122304K
  class space    used 10263K, capacity 11245K, committed 11264K, reserved 1048576K
}
Event: 23.463 GC heap before
{Heap before GC invocations=16 (full 0):
 garbage-first heap   total 260096K, used 199145K [0x00000000a0000000, 0x0000000100000000)
  region size 1024K, 106 young (108544K), 15 survivors (15360K)
 Metaspace       used 80909K, capacity 84647K, committed 84872K, reserved 1122304K
  class space    used 10446K, capacity 11586K, committed 11648K, reserved 1048576K
}
Event: 23.492 GC heap after
{Heap after GC invocations=17 (full 0):
 garbage-first heap   total 260096K, used 126679K [0x00000000a0000000, 0x0000000100000000)
  region size 1024K, 14 young (14336K), 14 survivors (14336K)
 Metaspace       used 80909K, capacity 84647K, committed 84872K, reserved 1122304K
  class space    used 10446K, capacity 11586K, committed 11648K, reserved 1048576K
}
Event: 24.883 GC heap before
{Heap before GC invocations=17 (full 0):
 garbage-first heap   total 260096K, used 197335K [0x00000000a0000000, 0x0000000100000000)
  region size 1024K, 84 young (86016K), 14 survivors (14336K)
 Metaspace       used 86566K, capacity 90473K, committed 90632K, reserved 1128448K
  class space    used 11309K, capacity 12529K, committed 12544K, reserved 1048576K
}
Event: 24.897 GC heap after
{Heap after GC invocations=18 (full 0):
 garbage-first heap   total 260096K, used 133968K [0x00000000a0000000, 0x0000000100000000)
  region size 1024K, 6 young (6144K), 6 survivors (6144K)
 Metaspace       used 86566K, capacity 90473K, committed 90632K, reserved 1128448K
  class space    used 11309K, capacity 12529K, committed 12544K, reserved 1048576K
}
Event: 26.793 GC heap before
{Heap before GC invocations=18 (full 0):
 garbage-first heap   total 260096K, used 203600K [0x00000000a0000000, 0x0000000100000000)
  region size 1024K, 74 young (75776K), 6 survivors (6144K)
 Metaspace       used 89502K, capacity 93552K, committed 93832K, reserved 1130496K
  class space    used 11633K, capacity 12896K, committed 12928K, reserved 1048576K
}
Event: 26.827 GC heap after
{Heap after GC invocations=19 (full 0):
 garbage-first heap   total 260096K, used 144940K [0x00000000a0000000, 0x0000000100000000)
  region size 1024K, 10 young (10240K), 10 survivors (10240K)
 Metaspace       used 89502K, capacity 93552K, committed 93832K, reserved 1130496K
  class space    used 11633K, capacity 12896K, committed 12928K, reserved 1048576K
}
Event: 28.892 GC heap before
{Heap before GC invocations=20 (full 0):
 garbage-first heap   total 260096K, used 205356K [0x00000000a0000000, 0x0000000100000000)
  region size 1024K, 69 young (70656K), 10 survivors (10240K)
 Metaspace       used 89892K, capacity 94086K, committed 94472K, reserved 1130496K
  class space    used 11632K, capacity 12939K, committed 13056K, reserved 1048576K
}

Deoptimization events (20 events):
Event: 28.369 Thread 0x0000019bf22d6000 Uncommon trap: trap_request=0xffffffbe fr.pc=0x0000019bdce047e4 relative=0x0000000000000a24
Event: 28.369 Thread 0x0000019bf22d6000 Uncommon trap: reason=profile_predicate action=maybe_recompile pc=0x0000019bdce047e4 method=org.gradle.internal.Actions$CompositeAction.execute(Ljava/lang/Object;)V @ 16 c2
Event: 28.369 Thread 0x0000019bf22d6000 DEOPT PACKING pc=0x0000019bdce047e4 sp=0x0000006d962f9a60
Event: 28.369 Thread 0x0000019bf22d6000 DEOPT UNPACKING pc=0x0000019bd4b5a1af sp=0x0000006d962f9a30 mode 2
Event: 28.871 Thread 0x0000019bf22d6000 Uncommon trap: trap_request=0xffffffd6 fr.pc=0x0000019bdce298a8 relative=0x0000000000000348
Event: 28.871 Thread 0x0000019bf22d6000 Uncommon trap: reason=array_check action=maybe_recompile pc=0x0000019bdce298a8 method=java.util.AbstractCollection.toArray([Ljava/lang/Object;)[Ljava/lang/Object; @ 116 c2
Event: 28.871 Thread 0x0000019bf22d6000 DEOPT PACKING pc=0x0000019bdce298a8 sp=0x0000006d962f8ba0
Event: 28.871 Thread 0x0000019bf22d6000 DEOPT UNPACKING pc=0x0000019bd4b5a1af sp=0x0000006d962f8b40 mode 2
Event: 28.871 Thread 0x0000019bf22d6000 Uncommon trap: trap_request=0xffffffd6 fr.pc=0x0000019bdce298a8 relative=0x0000000000000348
Event: 28.871 Thread 0x0000019bf22d6000 Uncommon trap: reason=array_check action=maybe_recompile pc=0x0000019bdce298a8 method=java.util.AbstractCollection.toArray([Ljava/lang/Object;)[Ljava/lang/Object; @ 116 c2
Event: 28.871 Thread 0x0000019bf22d6000 DEOPT PACKING pc=0x0000019bdce298a8 sp=0x0000006d962f8ba0
Event: 28.871 Thread 0x0000019bf22d6000 DEOPT UNPACKING pc=0x0000019bd4b5a1af sp=0x0000006d962f8b40 mode 2
Event: 28.871 Thread 0x0000019bf22d6000 Uncommon trap: trap_request=0xffffffd6 fr.pc=0x0000019bdce298a8 relative=0x0000000000000348
Event: 28.871 Thread 0x0000019bf22d6000 Uncommon trap: reason=array_check action=maybe_recompile pc=0x0000019bdce298a8 method=java.util.AbstractCollection.toArray([Ljava/lang/Object;)[Ljava/lang/Object; @ 116 c2
Event: 28.871 Thread 0x0000019bf22d6000 DEOPT PACKING pc=0x0000019bdce298a8 sp=0x0000006d962f8ba0
Event: 28.871 Thread 0x0000019bf22d6000 DEOPT UNPACKING pc=0x0000019bd4b5a1af sp=0x0000006d962f8b40 mode 2
Event: 28.871 Thread 0x0000019bf22d6000 Uncommon trap: trap_request=0xffffffd6 fr.pc=0x0000019bdce298a8 relative=0x0000000000000348
Event: 28.871 Thread 0x0000019bf22d6000 Uncommon trap: reason=array_check action=maybe_recompile pc=0x0000019bdce298a8 method=java.util.AbstractCollection.toArray([Ljava/lang/Object;)[Ljava/lang/Object; @ 116 c2
Event: 28.871 Thread 0x0000019bf22d6000 DEOPT PACKING pc=0x0000019bdce298a8 sp=0x0000006d962f8ba0
Event: 28.871 Thread 0x0000019bf22d6000 DEOPT UNPACKING pc=0x0000019bd4b5a1af sp=0x0000006d962f8b40 mode 2

Classes redefined (0 events):
No events

Internal exceptions (20 events):
Event: 23.612 Thread 0x0000019becec7800 Exception <a 'java/lang/ClassNotFoundException'{0x00000000af6e5ab0}: org/gradle/api/tasks/compile/CompileOptions_DecoratedCustomizer> (0x00000000af6e5ab0) thrown at [./src/hotspot/share/classfile/systemDictionary.cpp, line 230]
Event: 23.621 Thread 0x0000019becec7800 Exception <a 'java/lang/NoSuchMethodError'{0x00000000af5a81f0}: 'void java.lang.invoke.DirectMethodHandle$Holder.invokeInterface(java.lang.Object, java.lang.Object)'> (0x00000000af5a81f0) thrown at [./src/hotspot/share/interpreter/linkResolver.cpp, line 773]
Event: 23.744 Thread 0x0000019bf22d6000 Exception <a 'java/lang/NoSuchMethodError'{0x00000000af0c91e0}: 'java.lang.Object java.lang.invoke.Invokers$Holder.linkToTargetMethod(java.lang.Object, java.lang.Object, java.lang.Object, int, java.lang.Object, java.lang.Object)'> (0x00000000af0c91e0) thrown at [./src/hotspot/share/interpreter/linkResolver.cpp, line 773]
Event: 23.797 Thread 0x0000019bf22d6000 Exception <a 'java/lang/IncompatibleClassChangeError'{0x00000000aeed4290}: Found class java.lang.Object, but interface was expected> (0x00000000aeed4290) thrown at [./src/hotspot/share/interpreter/linkResolver.cpp, line 839]
Event: 23.817 Thread 0x0000019bf22d6000 Exception <a 'java/lang/NoSuchMethodError'{0x00000000aec19bd8}: 'void java.lang.invoke.DirectMethodHandle$Holder.invokeVirtual(java.lang.Object, java.lang.Object)'> (0x00000000aec19bd8) thrown at [./src/hotspot/share/interpreter/linkResolver.cpp, line 773]
Event: 23.833 Thread 0x0000019bf22d6000 Exception <a 'java/lang/NoSuchMethodError'{0x00000000aeb1b098}: 'void java.lang.invoke.DirectMethodHandle$Holder.invokeStatic(java.lang.Object, java.lang.Object, java.lang.Object, int)'> (0x00000000aeb1b098) thrown at [./src/hotspot/share/interpreter/linkResolver.cpp, line 773]
Event: 23.834 Thread 0x0000019bf22d6000 Exception <a 'java/lang/NoSuchMethodError'{0x00000000aeb1eba0}: 'void java.lang.invoke.DirectMethodHandle$Holder.invokeStaticInit(java.lang.Object, java.lang.Object, java.lang.Object, int)'> (0x00000000aeb1eba0) thrown at [./src/hotspot/share/interpreter/linkResolver.cpp, line 773]
Event: 23.881 Thread 0x0000019bf22d6000 Exception <a 'sun/nio/fs/WindowsException'{0x00000000aea89d88}> (0x00000000aea89d88) thrown at [./src/hotspot/share/prims/jni.cpp, line 617]
Event: 23.881 Thread 0x0000019bf22d6000 Exception <a 'sun/nio/fs/WindowsException'{0x00000000aea8a338}> (0x00000000aea8a338) thrown at [./src/hotspot/share/prims/jni.cpp, line 617]
Event: 24.303 Thread 0x0000019bf22d6000 Exception <a 'sun/nio/fs/WindowsException'{0x00000000ad617ee8}> (0x00000000ad617ee8) thrown at [./src/hotspot/share/prims/jni.cpp, line 617]
Event: 24.304 Thread 0x0000019bf22d6000 Exception <a 'sun/nio/fs/WindowsException'{0x00000000ad6183f8}> (0x00000000ad6183f8) thrown at [./src/hotspot/share/prims/jni.cpp, line 617]
Event: 24.485 Thread 0x0000019bf22d6000 Exception <a 'java/lang/NullPointerException'{0x00000000acbea620}> (0x00000000acbea620) thrown at [./src/hotspot/share/interpreter/linkResolver.cpp, line 1440]
Event: 24.638 Thread 0x0000019bf22d6000 Implicit null exception at 0x0000019bdc983ac7 to 0x0000019bdc985510
Event: 24.903 Thread 0x0000019bf22d6000 Exception <a 'java/lang/NoSuchMethodError'{0x00000000afd2d528}: 'int java.lang.invoke.DirectMethodHandle$Holder.invokeStatic(java.lang.Object, java.lang.Object, int, java.lang.Object)'> (0x00000000afd2d528) thrown at [./src/hotspot/share/interpreter/linkResolver.cpp, line 773]
Event: 25.179 Thread 0x0000019bf22d6000 Exception <a 'sun/nio/fs/WindowsException'{0x00000000af2b8d68}> (0x00000000af2b8d68) thrown at [./src/hotspot/share/prims/jni.cpp, line 617]
Event: 25.180 Thread 0x0000019bf22d6000 Exception <a 'sun/nio/fs/WindowsException'{0x00000000af2ba8d8}> (0x00000000af2ba8d8) thrown at [./src/hotspot/share/prims/jni.cpp, line 617]
Event: 25.180 Thread 0x0000019bf22d6000 Exception <a 'sun/nio/fs/WindowsException'{0x00000000af2bc498}> (0x00000000af2bc498) thrown at [./src/hotspot/share/prims/jni.cpp, line 617]
Event: 25.180 Thread 0x0000019bf22d6000 Exception <a 'sun/nio/fs/WindowsException'{0x00000000af2be058}> (0x00000000af2be058) thrown at [./src/hotspot/share/prims/jni.cpp, line 617]
Event: 25.600 Thread 0x0000019bf22d6000 Exception <a 'java/lang/NoSuchMethodError'{0x00000000adef1638}: 'java.lang.Object java.lang.invoke.Invokers$Holder.linkToTargetMethod(java.lang.Object, int, int, java.lang.Object)'> (0x00000000adef1638) thrown at [./src/hotspot/share/interpreter/linkResolver.cpp, line 773]
Event: 26.827 Thread 0x0000019beaa0f000 Implicit null exception at 0x0000019bdcc3b10d to 0x0000019bdcc3b8d8

Events (20 events):
Event: 27.087 Executing VM operation: CGC_Operation done
Event: 27.217 loading class org/gradle/api/internal/artifacts/ivyservice/ivyresolve/strategy/InverseVersionSelector
Event: 27.217 loading class org/gradle/api/internal/artifacts/ivyservice/ivyresolve/strategy/InverseVersionSelector done
Event: 27.221 Executing VM operation: ICBufferFull
Event: 27.222 Executing VM operation: ICBufferFull done
Event: 27.227 Executing VM operation: CGC_Operation
Event: 27.228 Executing VM operation: CGC_Operation done
Event: 27.306 loading class com/google/android/gms/dependencies/VersionEvaluators$ExactVersionEvaluator
Event: 27.306 loading class com/google/android/gms/dependencies/VersionEvaluators$ExactVersionEvaluator done
Event: 27.938 Executing VM operation: ICBufferFull
Event: 27.939 Executing VM operation: ICBufferFull done
Event: 28.000 Executing VM operation: RevokeBias
Event: 28.001 Executing VM operation: RevokeBias done
Event: 28.006 Executing VM operation: RevokeBias
Event: 28.007 Executing VM operation: RevokeBias done
Event: 28.007 Executing VM operation: RevokeBias
Event: 28.007 Executing VM operation: RevokeBias done
Event: 28.008 Executing VM operation: RevokeBias
Event: 28.008 Executing VM operation: RevokeBias done
Event: 28.891 Executing VM operation: G1CollectForAllocation


Dynamic libraries:
0x00007ff6dce90000 - 0x00007ff6dce9d000 	C:\Program Files\OpenJDK\openjdk-11.0.15_10\bin\java.exe
0x00007ffa307d0000 - 0x00007ffa309e4000 	C:\WINDOWS\SYSTEM32\ntdll.dll
0x00007ffa2fbf0000 - 0x00007ffa2fcb2000 	C:\WINDOWS\System32\KERNEL32.DLL
0x00007ffa2e240000 - 0x00007ffa2e5dc000 	C:\WINDOWS\System32\KERNELBASE.dll
0x00007ffa2dd50000 - 0x00007ffa2de61000 	C:\WINDOWS\System32\ucrtbase.dll
0x00007ffa0e9a0000 - 0x00007ffa0e9b6000 	C:\Program Files\OpenJDK\openjdk-11.0.15_10\bin\VCRUNTIME140.dll
0x00007ffa0d3e0000 - 0x00007ffa0d3f8000 	C:\Program Files\OpenJDK\openjdk-11.0.15_10\bin\jli.dll
0x00007ffa301c0000 - 0x00007ffa3036a000 	C:\WINDOWS\System32\USER32.dll
0x00007ffa2dd20000 - 0x00007ffa2dd46000 	C:\WINDOWS\System32\win32u.dll
0x00007ffa07910000 - 0x00007ffa07b9e000 	C:\WINDOWS\WinSxS\amd64_microsoft.windows.common-controls_6595b64144ccf1df_6.0.22621.436_none_a94247dbc10d8414\COMCTL32.dll
0x00007ffa2fa10000 - 0x00007ffa2fa39000 	C:\WINDOWS\System32\GDI32.dll
0x00007ffa2fa50000 - 0x00007ffa2faf7000 	C:\WINDOWS\System32\msvcrt.dll
0x00007ffa2e0a0000 - 0x00007ffa2e1b2000 	C:\WINDOWS\System32\gdi32full.dll
0x00007ffa2dc80000 - 0x00007ffa2dd1a000 	C:\WINDOWS\System32\msvcp_win.dll
0x00007ffa2fb00000 - 0x00007ffa2fb31000 	C:\WINDOWS\System32\IMM32.DLL
0x00007ff9dda60000 - 0x00007ff9ddb0a000 	C:\Program Files\OpenJDK\openjdk-11.0.15_10\bin\msvcp140.dll
0x00007ff98dc80000 - 0x00007ff98e7d1000 	C:\Program Files\OpenJDK\openjdk-11.0.15_10\bin\server\jvm.dll
0x00007ffa2fd20000 - 0x00007ffa2fdce000 	C:\WINDOWS\System32\ADVAPI32.dll
0x00007ffa2f910000 - 0x00007ffa2f9b4000 	C:\WINDOWS\System32\sechost.dll
0x00007ffa2ff80000 - 0x00007ffa30095000 	C:\WINDOWS\System32\RPCRT4.dll
0x00007ffa2fdd0000 - 0x00007ffa2fdd8000 	C:\WINDOWS\System32\PSAPI.DLL
0x00007ffa28c50000 - 0x00007ffa28c59000 	C:\WINDOWS\SYSTEM32\WSOCK32.dll
0x00007ffa26870000 - 0x00007ffa268a4000 	C:\WINDOWS\SYSTEM32\WINMM.dll
0x00007ffa2c6f0000 - 0x00007ffa2c6fa000 	C:\WINDOWS\SYSTEM32\VERSION.dll
0x00007ffa2fde0000 - 0x00007ffa2fe51000 	C:\WINDOWS\System32\WS2_32.dll
0x00007ffa2cc50000 - 0x00007ffa2cc68000 	C:\WINDOWS\SYSTEM32\kernel.appcore.dll
0x00007ffa0cd20000 - 0x00007ffa0cd31000 	C:\Program Files\OpenJDK\openjdk-11.0.15_10\bin\verify.dll
0x00007ffa2b6f0000 - 0x00007ffa2b91e000 	C:\WINDOWS\SYSTEM32\DBGHELP.DLL
0x00007ffa2f580000 - 0x00007ffa2f909000 	C:\WINDOWS\System32\combase.dll
0x00007ffa2eca0000 - 0x00007ffa2ed77000 	C:\WINDOWS\System32\OLEAUT32.dll
0x00007ffa167b0000 - 0x00007ffa167e2000 	C:\WINDOWS\SYSTEM32\dbgcore.DLL
0x00007ffa2e1c0000 - 0x00007ffa2e23b000 	C:\WINDOWS\System32\bcryptPrimitives.dll
0x00007ffa05910000 - 0x00007ffa05939000 	C:\Program Files\OpenJDK\openjdk-11.0.15_10\bin\java.dll
0x00007ffa11e00000 - 0x00007ffa11e0a000 	C:\Program Files\OpenJDK\openjdk-11.0.15_10\bin\jimage.dll
0x00007ffa056a0000 - 0x00007ffa056b8000 	C:\Program Files\OpenJDK\openjdk-11.0.15_10\bin\zip.dll
0x00007ffa2eda0000 - 0x00007ffa2f57d000 	C:\WINDOWS\System32\SHELL32.dll
0x00007ffa2bab0000 - 0x00007ffa2c366000 	C:\WINDOWS\SYSTEM32\windows.storage.dll
0x00007ffa2b970000 - 0x00007ffa2baad000 	C:\WINDOWS\SYSTEM32\wintypes.dll
0x00007ffa30690000 - 0x00007ffa30781000 	C:\WINDOWS\System32\SHCORE.dll
0x00007ffa30490000 - 0x00007ffa304ee000 	C:\WINDOWS\System32\shlwapi.dll
0x00007ffa2db40000 - 0x00007ffa2db61000 	C:\WINDOWS\SYSTEM32\profapi.dll
0x00007ffa04620000 - 0x00007ffa04639000 	C:\Program Files\OpenJDK\openjdk-11.0.15_10\bin\net.dll
0x00007ffa25300000 - 0x00007ffa2542f000 	C:\WINDOWS\SYSTEM32\WINHTTP.dll
0x00007ffa2d0a0000 - 0x00007ffa2d109000 	C:\WINDOWS\system32\mswsock.dll
0x00007ffa045f0000 - 0x00007ffa04603000 	C:\Program Files\OpenJDK\openjdk-11.0.15_10\bin\nio.dll
0x00007ffa05f60000 - 0x00007ffa05f87000 	C:\Users\salma\.gradle\native\e1d6ef7f7dcc3fd88c89a11ec53ec762bb8ba0a96d01ffa2cd45eb1d1d8dd5c5\windows-amd64\native-platform.dll
0x00007ff9dd540000 - 0x00007ff9dd684000 	C:\Users\salma\.gradle\native\0d407fdbe67a94daf76414ababcb853783967236a71b16ec16e742cd7a986fd3\windows-amd64\native-platform-file-events.dll
0x00007ffa11b10000 - 0x00007ffa11b19000 	C:\Program Files\OpenJDK\openjdk-11.0.15_10\bin\management.dll
0x00007ffa11680000 - 0x00007ffa1168c000 	C:\Program Files\OpenJDK\openjdk-11.0.15_10\bin\management_ext.dll
0x00007ffa2d4a0000 - 0x00007ffa2d4bb000 	C:\WINDOWS\SYSTEM32\CRYPTSP.dll
0x00007ffa2cbc0000 - 0x00007ffa2cbf5000 	C:\WINDOWS\system32\rsaenh.dll
0x00007ffa2d1b0000 - 0x00007ffa2d1d8000 	C:\WINDOWS\SYSTEM32\USERENV.dll
0x00007ffa2d5c0000 - 0x00007ffa2d5e8000 	C:\WINDOWS\SYSTEM32\bcrypt.dll
0x00007ffa2d480000 - 0x00007ffa2d48c000 	C:\WINDOWS\SYSTEM32\CRYPTBASE.dll
0x00007ffa2c5b0000 - 0x00007ffa2c5dd000 	C:\WINDOWS\SYSTEM32\IPHLPAPI.DLL
0x00007ffa2fbe0000 - 0x00007ffa2fbe9000 	C:\WINDOWS\System32\NSI.dll
0x00007ffa25450000 - 0x00007ffa25469000 	C:\WINDOWS\SYSTEM32\dhcpcsvc6.DLL
0x00007ffa25430000 - 0x00007ffa2544f000 	C:\WINDOWS\SYSTEM32\dhcpcsvc.DLL
0x00007ffa2c5e0000 - 0x00007ffa2c6d2000 	C:\WINDOWS\SYSTEM32\DNSAPI.dll

dbghelp: loaded successfully - version: 4.0.5 - missing functions: none
symbol engine: initialized successfully - sym options: 0x614 - pdb path: .;C:\Program Files\OpenJDK\openjdk-11.0.15_10\bin;C:\WINDOWS\SYSTEM32;C:\WINDOWS\WinSxS\amd64_microsoft.windows.common-controls_6595b64144ccf1df_6.0.22621.436_none_a94247dbc10d8414;C:\Program Files\OpenJDK\openjdk-11.0.15_10\bin\server;C:\Users\salma\.gradle\native\e1d6ef7f7dcc3fd88c89a11ec53ec762bb8ba0a96d01ffa2cd45eb1d1d8dd5c5\windows-amd64;C:\Users\salma\.gradle\native\0d407fdbe67a94daf76414ababcb853783967236a71b16ec16e742cd7a986fd3\windows-amd64

VM Arguments:
jvm_args: --add-opens=java.base/java.util=ALL-UNNAMED --add-opens=java.base/java.lang=ALL-UNNAMED --add-opens=java.base/java.lang.invoke=ALL-UNNAMED --add-opens=java.base/java.util=ALL-UNNAMED --add-opens=java.prefs/java.util.prefs=ALL-UNNAMED --add-opens=java.prefs/java.util.prefs=ALL-UNNAMED --add-opens=java.base/java.nio.charset=ALL-UNNAMED --add-opens=java.base/java.net=ALL-UNNAMED --add-opens=java.base/java.util.concurrent.atomic=ALL-UNNAMED -Xmx1536M -Dfile.encoding=windows-1252 -Duser.country=ZA -Duser.language=en -Duser.variant 
java_command: org.gradle.launcher.daemon.bootstrap.GradleDaemon 7.4
java_class_path (initial): C:\Users\salma\.gradle\wrapper\dists\gradle-7.4-all\aadb4xli5jkdsnukm30eibyiu\gradle-7.4\lib\gradle-launcher-7.4.jar
Launcher Type: SUN_STANDARD

[Global flags]
     intx CICompilerCount                          = 4                                         {product} {ergonomic}
     uint ConcGCThreads                            = 2                                         {product} {ergonomic}
     uint G1ConcRefinementThreads                  = 8                                         {product} {ergonomic}
   size_t G1HeapRegionSize                         = 1048576                                   {product} {ergonomic}
    uintx GCDrainStackTargetSize                   = 64                                        {product} {ergonomic}
   size_t InitialHeapSize                          = 266338304                                 {product} {ergonomic}
   size_t MarkStackSize                            = 4194304                                   {product} {ergonomic}
   size_t MaxHeapSize                              = 1610612736                                {product} {command line}
   size_t MaxNewSize                               = 965738496                                 {product} {ergonomic}
   size_t MinHeapDeltaBytes                        = 1048576                                   {product} {ergonomic}
    uintx NonNMethodCodeHeapSize                   = 5836300                                {pd product} {ergonomic}
    uintx NonProfiledCodeHeapSize                  = 122910970                              {pd product} {ergonomic}
    uintx ProfiledCodeHeapSize                     = 122910970                              {pd product} {ergonomic}
    uintx ReservedCodeCacheSize                    = 251658240                              {pd product} {ergonomic}
     bool SegmentedCodeCache                       = true                                      {product} {ergonomic}
     bool UseCompressedClassPointers               = true                                 {lp64_product} {ergonomic}
     bool UseCompressedOops                        = true                                 {lp64_product} {ergonomic}
     bool UseG1GC                                  = true                                      {product} {ergonomic}
     bool UseLargePagesIndividualAllocation        = false                                  {pd product} {ergonomic}

Logging:
Log output configuration:
 #0: stdout all=warning uptime,level,tags
 #1: stderr all=off uptime,level,tags

Environment Variables:
JAVA_HOME=C:\Program Files\OpenJDK\openjdk-11.0.15_10
CLASSPATH=C:\Users\salma\Desktop\e4app_new\endurance_fitness\android\\gradle\wrapper\gradle-wrapper.jar
PATH=C:\Users\salma\Anaconda3\condabin;C:\Program Files\Common Files\Oracle\Java\javapath;C:\Program Files (x86)\Embarcadero\Studio\20.0\bin;C:\Users\Public\Documents\Embarcadero\Studio\20.0\Bpl;C:\Program Files (x86)\Embarcadero\Studio\20.0\bin64;C:\Users\Public\Documents\Embarcadero\Studio\20.0\Bpl\Win64;C:\WINDOWS\system32;C:\WINDOWS;C:\WINDOWS\System32\Wbem;C:\WINDOWS\System32\WindowsPowerShell\v1.0\;C:\WINDOWS\System32\OpenSSH\;C:\Program Files\MATLAB\R2019b\runtime\win64;C:\Program Files\MATLAB\R2019b\bin;C:\Program Files\PuTTY\;C:\Program Files\nodejs\;C:\ProgramData\chocolatey\bin;C:\Program Files\OpenJDK\openjdk-11.0.15_10\bin;C:\Program Files\Wolfram Research\WolframScript\;C:\Program Files\Git\cmd;C:\Users\salma\AppData\Local\Pub\Cache\bin;C:\Users\salma\AppData\Local\Microsoft\WindowsApps;C:\Users\salma\AppData\Local\Programs\Microsoft VS Code\bin;C:\Users\salma\.dotnet\tools;C:\Users\salma\AppData\Local\Google\Cloud SDK\google-cloud-sdk\bin;C:\Users\salma\AppData\Local\Microsoft\WindowsApps;C:\src\flutter\bin;C:\Users\salma\AppData\Roaming\npm;C:\Users\salma\AppData\Local\Android\Sdk\platform-tools;C:\Users\salma\Anaconda3\;C:\Users\salma\AppData\Local\Packages\PythonSoftwareFoundation.Python.3.8_qbz5n2kfra8p0\LocalCache\local-packages\Python38\Scripts;C:\Users\salma\AppData\Local\GitHubDesktop\bin
USERNAME=salma
OS=Windows_NT
PROCESSOR_IDENTIFIER=Intel64 Family 6 Model 142 Stepping 12, GenuineIntel



---------------  S Y S T E M  ---------------

OS: Windows 11 , 64 bit Build 22621 (10.0.22621.598)
OS uptime: 1 days 23:01 hours
Hyper-V role detected

CPU:total 8 (initial active 8) (4 cores per cpu, 2 threads per core) family 6 model 142 stepping 12 microcode 0xf0, cmov, cx8, fxsr, mmx, sse, sse2, sse3, ssse3, sse4.1, sse4.2, popcnt, avx, avx2, aes, clmul, erms, 3dnowpref, lzcnt, ht, tsc, tscinvbit, bmi1, bmi2, adx, fma

Memory: 4k page, system-wide physical 16186M (1852M free)
TotalPageFile size 26559M (AvailPageFile size 6M)
current process WorkingSet (physical memory assigned to process): 551M, peak: 564M
current process commit charge ("private bytes"): 607M, peak: 622M

vm_info: OpenJDK 64-Bit Server VM (11.0.15+10) for windows-amd64 JRE (11.0.15+10), built on Apr 21 2022 21:29:46 by "tester" with MS VC++ 15.5 (VS2017)

END.
